{
  "stats": {
    "suites": 1,
    "tests": 5,
    "passes": 5,
    "pending": 0,
    "failures": 0,
    "start": "2022-12-04T01:23:03.276Z",
    "end": "2022-12-04T01:24:28.112Z",
    "duration": 84836,
    "testsRegistered": 5,
    "passPercent": 100,
    "pendingPercent": 0,
    "other": 0,
    "hasOther": false,
    "skipped": 0,
    "hasSkipped": false
  },
  "results": [
    {
      "uuid": "36dae587-039e-400b-a33a-ae1202dfd874",
      "title": "",
      "fullFile": "cypress\\e2e\\1-getting-started\\testcases\\setUpPageInSettingTicket.cy.js",
      "file": "cypress\\e2e\\1-getting-started\\testcases\\setUpPageInSettingTicket.cy.js",
      "beforeHooks": [],
      "afterHooks": [],
      "tests": [],
      "suites": [
        {
          "uuid": "2c960e51-1ad1-44cd-a12b-29538c2dbc4f",
          "title": "Verify setup setting - ticket page",
          "fullFile": "",
          "file": "",
          "beforeHooks": [],
          "afterHooks": [],
          "tests": [
            {
              "title": "Verify update setting - ticket page successfully",
              "fullTitle": "Verify setup setting - ticket page Verify update setting - ticket page successfully",
              "timedOut": null,
              "duration": 9657,
              "state": "passed",
              "speed": "medium",
              "pass": true,
              "fail": false,
              "pending": false,
              "context": null,
              "code": "loginManagePage.visit(infors.urlManage + 'events/' + infors.idProject + '/donation');\nsettingSetupPage.openSettingTicketPage();\nticketsSettingPage.inputTicketSetingForm(title, name, promo, teamselectiont, teamCreatetitle, donatitle, true, true, orderLb, donaLb);\nticketsSettingPage.clickSaveButton();\nticketsSettingPage.verifySaveSuccessfully();\nticketsSettingPage.clickOKButton();",
              "err": {},
              "uuid": "1c0e7625-d5b8-4a84-9df7-e32dd535cc65",
              "parentUUID": "2c960e51-1ad1-44cd-a12b-29538c2dbc4f",
              "isHook": false,
              "skipped": false
            },
            {
              "title": "Verify ticket setting enable apply to ticket frontend with all options ",
              "fullTitle": "Verify setup setting - ticket page Verify ticket setting enable apply to ticket frontend with all options ",
              "timedOut": null,
              "duration": 30189,
              "state": "passed",
              "speed": "slow",
              "pass": true,
              "fail": false,
              "pending": false,
              "context": null,
              "code": "cy.forceVisit(infors.url);\nlet randomName = (0, _generalFunction.getRandomText)();\nlet randomLastName = (0, _generalFunction.getRandomText)();\nlet randomEmail = (0, _generalFunction.getRandomEmail)();\nlet randomPhone = (0, _generalFunction.getRandomNumber)();\nhomePage.clickPurchaseTickets();\nticketPage.verifyIsScreenSelectTickets(name);\nticketPage.verifyTicketGetCorrectInforFromTicketSetingForm(title, name, promo, teamselectiont, teamCreatetitle, donatitle, true, true, orderLb, donaLb);\nticketPage.selectTestTicket(0);\nticketPage.verifyFormInforTc(0);\nticketPage.selectNoteam();\nticketPage.inputFormInforTc(0, randomName, randomLastName, randomEmail, randomPhone);\nticketPage.clickAddTicket(0, name);\nticketPage.verifyTicketIsAdded(0, randomEmail, name);\nticketPage.selectAmountItem('$' + infors.amountTicket);\nticketPage.verifySummaryAmountSetup(true, false, infors.amountTicket, 0, donaLb);\nticketPage.clickButtonNext();\ndonationsAddressPage.inputAddressInforTickets(user.company, user.address1, user.address2, user.city, user.state, user.zip);\ndonationsAddressPage.clickNextButton();\ndonationsPaymentPage.inputCreditCardTicket(infors.creditCardNumber, infors.creditCardVCV);\ndonationsPaymentPage.clickPurchase();\ndonationsPaymentPage.verifyTransactionTicketsFinish();",
              "err": {},
              "uuid": "5e829cdf-c4f3-461e-a216-ef8169408f77",
              "parentUUID": "2c960e51-1ad1-44cd-a12b-29538c2dbc4f",
              "isHook": false,
              "skipped": false
            },
            {
              "title": "update setting - ticket to setting ticket page with no select option successfully",
              "fullTitle": "Verify setup setting - ticket page update setting - ticket to setting ticket page with no select option successfully",
              "timedOut": null,
              "duration": 7285,
              "state": "passed",
              "speed": "medium",
              "pass": true,
              "fail": false,
              "pending": false,
              "context": null,
              "code": "loginManagePage.visit(infors.urlManage + 'events/' + infors.idProject + '/donation');\nsettingSetupPage.openSettingTicketPage();\nticketsSettingPage.inputTicketSetingForm(\"\", \"\", \"\", \"\", \"\", \"\", false, false, \"\", \"\");\nticketsSettingPage.clickSaveButton();\nticketsSettingPage.verifySaveSuccessfully();\nticketsSettingPage.clickOKButton();",
              "err": {},
              "uuid": "b8edd32a-2ac9-45f0-bfcb-d83daccacd59",
              "parentUUID": "2c960e51-1ad1-44cd-a12b-29538c2dbc4f",
              "isHook": false,
              "skipped": false
            },
            {
              "title": "Verify ticket setting enable apply to ticket frontend with no select options ",
              "fullTitle": "Verify setup setting - ticket page Verify ticket setting enable apply to ticket frontend with no select options ",
              "timedOut": null,
              "duration": 29051,
              "state": "passed",
              "speed": "slow",
              "pass": true,
              "fail": false,
              "pending": false,
              "context": null,
              "code": "cy.forceVisit(infors.url);\nlet randomName = (0, _generalFunction.getRandomText)();\nlet randomLastName = (0, _generalFunction.getRandomText)();\nlet randomEmail = (0, _generalFunction.getRandomEmail)();\nlet randomPhone = (0, _generalFunction.getRandomNumber)();\nhomePage.clickPurchaseTickets();\nticketPage.verifyIsScreenSelectTickets();\nticketPage.verifyTicketGetCorrectInforFromTicketSetingForm(\"\", \"Ticket\", \"Have a promo code?\", \"Select your team (Optional)\", \"New Team\", \"Add a donation!\", false, false, \"Order Summary\", \"Donation of\");\nticketPage.selectTestTicket(0);\nticketPage.verifyFormInforTc(0);\nticketPage.inputFormInforTc(0, randomName, randomLastName, randomEmail, randomPhone);\nticketPage.clickAddTicket(0);\nticketPage.verifyTicketIsAdded(0, randomEmail);\nticketPage.verifySummaryAmountSetup(true, false, 0, 0, donaLb);\nticketPage.clickButtonNext();\ndonationsAddressPage.inputAddressInforTickets(user.company, user.address1, user.address2, user.city, user.state, user.zip);\ndonationsAddressPage.clickNextButton();\ndonationsPaymentPage.inputCreditCardTicket(infors.creditCardNumber, infors.creditCardVCV);\ndonationsPaymentPage.clickPurchase();\ndonationsPaymentPage.verifyTransactionTicketsFinish();",
              "err": {},
              "uuid": "e80c0f8e-67f0-4ecc-97c3-7ff9302b9613",
              "parentUUID": "2c960e51-1ad1-44cd-a12b-29538c2dbc4f",
              "isHook": false,
              "skipped": false
            },
            {
              "title": "update setting - ticket to default page successfully",
              "fullTitle": "Verify setup setting - ticket page update setting - ticket to default page successfully",
              "timedOut": null,
              "duration": 6609,
              "state": "passed",
              "speed": "medium",
              "pass": true,
              "fail": false,
              "pending": false,
              "context": null,
              "code": "loginManagePage.visit(infors.urlManage + 'events/' + infors.idProject + '/donation');\nsettingSetupPage.openSettingTicketPage();\nticketsSettingPage.inputTicketSetingForm(\"\", \"\", \"\", \"\", \"\", \"\", true, true, \"\", \"\");\nticketsSettingPage.clickSaveButton();\nticketsSettingPage.verifySaveSuccessfully();\nticketsSettingPage.clickOKButton();",
              "err": {},
              "uuid": "de2352ee-c8d6-4e47-a8b3-149ba894160e",
              "parentUUID": "2c960e51-1ad1-44cd-a12b-29538c2dbc4f",
              "isHook": false,
              "skipped": false
            }
          ],
          "suites": [],
          "passes": [
            "1c0e7625-d5b8-4a84-9df7-e32dd535cc65",
            "5e829cdf-c4f3-461e-a216-ef8169408f77",
            "b8edd32a-2ac9-45f0-bfcb-d83daccacd59",
            "e80c0f8e-67f0-4ecc-97c3-7ff9302b9613",
            "de2352ee-c8d6-4e47-a8b3-149ba894160e"
          ],
          "failures": [],
          "pending": [],
          "skipped": [],
          "duration": 82791,
          "root": false,
          "rootEmpty": false,
          "_timeout": 2000
        }
      ],
      "passes": [],
      "failures": [],
      "pending": [],
      "skipped": [],
      "duration": 0,
      "root": true,
      "rootEmpty": true,
      "_timeout": 2000
    }
  ],
  "meta": {
    "mocha": {
      "version": "7.0.1"
    },
    "mochawesome": {
      "options": {
        "quiet": false,
        "reportFilename": "mochawesome",
        "saveHtml": false,
        "saveJson": true,
        "consoleReporter": "spec",
        "useInlineDiffs": false,
        "code": true
      },
      "version": "7.1.3"
    },
    "marge": {
      "options": {
        "id": "default",
        "reportDir": "cypress/reports/mocha",
        "quite": true,
        "overwrite": false,
        "html": false,
        "json": true,
        "embeddedScreenshots": true,
        "inlineAssets": true,
        "reportPageTitle": "Cypress Tests"
      },
      "version": "6.2.0"
    }
  }
}