{
  "stats": {
    "suites": 1,
    "tests": 2,
    "passes": 2,
    "pending": 0,
    "failures": 0,
    "start": "2022-12-13T15:41:15.544Z",
    "end": "2022-12-13T15:41:49.397Z",
    "duration": 33853,
    "testsRegistered": 2,
    "passPercent": 100,
    "pendingPercent": 0,
    "other": 0,
    "hasOther": false,
    "skipped": 0,
    "hasSkipped": false
  },
  "results": [
    {
      "uuid": "a1fd089f-07ad-48c6-8df2-fab40490d3e8",
      "title": "",
      "fullFile": "cypress\\e2e\\1-getting-started\\testcases\\specificUser.cy.js",
      "file": "cypress\\e2e\\1-getting-started\\testcases\\specificUser.cy.js",
      "beforeHooks": [],
      "afterHooks": [],
      "tests": [],
      "suites": [
        {
          "uuid": "711e53be-07e6-40df-89e9-8081d01348a2",
          "title": "Verify user page",
          "fullFile": "",
          "file": "",
          "beforeHooks": [],
          "afterHooks": [],
          "tests": [
            {
              "title": "Verify user in Top Fundraisers board has correct fuctions in user page",
              "fullTitle": "Verify user page Verify user in Top Fundraisers board has correct fuctions in user page",
              "timedOut": null,
              "duration": 16292,
              "state": "passed",
              "speed": "slow",
              "pass": true,
              "fail": false,
              "pending": false,
              "context": null,
              "code": "cy.visit(infors.url);\ncy.wait(5000);\nhomePage.clickFirstUserInTopFundraiser();\nusersPage.VerifyGiveNowButtonHasCorrectAction(infors.urlAction);\nusersPage.verifyPurchaseTicketsButtonHasCorrectAction(infors.urlAction);\nusersPage.verifyBecomeASponsorshipButtonHasCorrectAction(infors.urlAction);\nusersPage.verifyBecomeAHostButtonHasCorrectAction(infors.urlAction);\nusersPage.verifyBecomeAFundraiserButtonHasCorrectAction(infors.urlCheckoutAction);\nusersPage.verifyUIShowDonorInfo();",
              "err": {},
              "uuid": "25376884-41de-4ee0-a610-cf3fe8da0702",
              "parentUUID": "711e53be-07e6-40df-89e9-8081d01348a2",
              "isHook": false,
              "skipped": false
            },
            {
              "title": "verify user in Most Social board has correct fuctions in user page",
              "fullTitle": "Verify user page verify user in Most Social board has correct fuctions in user page",
              "timedOut": null,
              "duration": 15716,
              "state": "passed",
              "speed": "slow",
              "pass": true,
              "fail": false,
              "pending": false,
              "context": null,
              "code": "cy.visit(infors.url);\ncy.wait(5000);\nhomePage.clickFirstUserInTopFundraiser();\nusersPage.VerifyGiveNowButtonHasCorrectAction(infors.urlAction);\nusersPage.verifyPurchaseTicketsButtonHasCorrectAction(infors.urlAction);\nusersPage.verifyBecomeASponsorshipButtonHasCorrectAction(infors.urlAction);\nusersPage.verifyBecomeAHostButtonHasCorrectAction(infors.urlAction);\nusersPage.verifyBecomeAFundraiserButtonHasCorrectAction(infors.urlCheckoutAction);\nusersPage.verifyUIShowDonorInfo();",
              "err": {},
              "uuid": "acae3fa9-9005-4a84-869c-913874ca98bb",
              "parentUUID": "711e53be-07e6-40df-89e9-8081d01348a2",
              "isHook": false,
              "skipped": false
            }
          ],
          "suites": [],
          "passes": [
            "25376884-41de-4ee0-a610-cf3fe8da0702",
            "acae3fa9-9005-4a84-869c-913874ca98bb"
          ],
          "failures": [],
          "pending": [],
          "skipped": [],
          "duration": 32008,
          "root": false,
          "rootEmpty": false,
          "_timeout": 2000
        }
      ],
      "passes": [],
      "failures": [],
      "pending": [],
      "skipped": [],
      "duration": 0,
      "root": true,
      "rootEmpty": true,
      "_timeout": 2000
    }
  ],
  "meta": {
    "mocha": {
      "version": "7.0.1"
    },
    "mochawesome": {
      "options": {
        "quiet": false,
        "reportFilename": "mochawesome",
        "saveHtml": false,
        "saveJson": true,
        "consoleReporter": "spec",
        "useInlineDiffs": false,
        "code": true
      },
      "version": "7.1.3"
    },
    "marge": {
      "options": {
        "id": "default",
        "reportDir": "cypress/reports/mocha",
        "quite": true,
        "overwrite": false,
        "html": false,
        "json": true,
        "embeddedScreenshots": true,
        "inlineAssets": true,
        "reportPageTitle": "Cypress Tests"
      },
      "version": "6.2.0"
    }
  }
}