{
  "stats": {
    "suites": 1,
    "tests": 3,
    "passes": 3,
    "pending": 0,
    "failures": 0,
    "start": "2022-12-11T19:16:19.381Z",
    "end": "2022-12-11T19:17:31.853Z",
    "duration": 72472,
    "testsRegistered": 3,
    "passPercent": 100,
    "pendingPercent": 0,
    "other": 0,
    "hasOther": false,
    "skipped": 0,
    "hasSkipped": false
  },
  "results": [
    {
      "uuid": "83054230-f4af-4884-b071-7e96ea438d05",
      "title": "",
      "fullFile": "cypress\\e2e\\1-getting-started\\testcases\\setUpPageInCoupon.cy.js",
      "file": "cypress\\e2e\\1-getting-started\\testcases\\setUpPageInCoupon.cy.js",
      "beforeHooks": [],
      "afterHooks": [],
      "tests": [],
      "suites": [
        {
          "uuid": "68a37fe2-1788-4f9b-85b5-85e61ec88bfa",
          "title": "Verify setup coupon page",
          "fullFile": "",
          "file": "",
          "beforeHooks": [],
          "afterHooks": [],
          "tests": [
            {
              "title": "Verify create coupon page successfully and enable to use on frontend",
              "fullTitle": "Verify setup coupon page Verify create coupon page successfully and enable to use on frontend",
              "timedOut": null,
              "duration": 26342,
              "state": "passed",
              "speed": "slow",
              "pass": true,
              "fail": false,
              "pending": false,
              "context": null,
              "code": "loginManagePage.visit(infors.urlManage + 'events/' + infors.idProject + '/coupons');\ncouponManageSetupPage.clickAddBtn();\ncouponSetupPage.inputFormCoupon(code, discount);\ncouponSetupPage.clickSaveBtn();\ncouponManageSetupPage.clickOKButton();\ncouponManageSetupPage.verifyCounponPageIsExist(code, discount);\ncouponManageSetupPage.visit(infors.url);\nhomePage.clickPurchaseTickets();\nlet randomName = (0, _generalFunction.getRandomText)();\nlet randomLastName = (0, _generalFunction.getRandomText)();\nlet randomEmail = (0, _generalFunction.getRandomEmail)();\nlet randomPhone = (0, _generalFunction.getRandomNumber)();\nticketPage.verifyIsScreenSelectTickets();\nticketPage.selectTestTicket(0);\nticketPage.verifyFormInforTc(0);\nticketPage.inputFormInforTc(0, randomName, randomLastName, randomEmail, randomPhone);\nticketPage.clickAddTicket(0);\nticketPage.verifyTicketIsAdded(0, randomEmail);\nticketPage.selectAmountItem('$' + infors.amountTicket);\nticketPage.verifyPromoEnableToApplyInFrontEnd();\nticketPage.addPromotoTicket(code);\nticketPage.verifySummaryAmount(true, false, infors.amountTicket, discount);",
              "err": {},
              "uuid": "f9c3c33c-8337-44d2-a41f-0b54075c345b",
              "parentUUID": "68a37fe2-1788-4f9b-85b5-85e61ec88bfa",
              "isHook": false,
              "skipped": false
            },
            {
              "title": "Verify update coupon page successfully and enable to use on frontend ",
              "fullTitle": "Verify setup coupon page Verify update coupon page successfully and enable to use on frontend ",
              "timedOut": null,
              "duration": 22567,
              "state": "passed",
              "speed": "slow",
              "pass": true,
              "fail": false,
              "pending": false,
              "context": null,
              "code": "loginManagePage.visit(infors.urlManage + 'events/' + infors.idProject + '/coupons');\ncouponManageSetupPage.clickEditButton(code);\ncouponSetupPage.inputFormCoupon(code + '_update', discountUpdate);\ncouponSetupPage.clickSaveBtn();\ncouponManageSetupPage.clickOKButton();\ncouponManageSetupPage.verifyCounponPageIsExist(code + '_update', discountUpdate);\ncouponManageSetupPage.visit(infors.url);\nhomePage.clickPurchaseTickets();\nlet randomName = (0, _generalFunction.getRandomText)();\nlet randomLastName = (0, _generalFunction.getRandomText)();\nlet randomEmail = (0, _generalFunction.getRandomEmail)();\nlet randomPhone = (0, _generalFunction.getRandomNumber)();\nticketPage.verifyIsScreenSelectTickets();\nticketPage.selectTestTicket(0);\nticketPage.verifyFormInforTc(0);\nticketPage.inputFormInforTc(0, randomName, randomLastName, randomEmail, randomPhone);\nticketPage.clickAddTicket(0);\nticketPage.verifyTicketIsAdded(0, randomEmail);\nticketPage.selectAmountItem('$' + infors.amountTicket);\nticketPage.verifyPromoEnableToApplyInFrontEnd();\nticketPage.addPromotoTicket(code + '_update');\nticketPage.verifySummaryAmount(true, false, infors.amountTicket, discountUpdate);",
              "err": {},
              "uuid": "5345f33f-847a-402d-8b7b-714955a9813b",
              "parentUUID": "68a37fe2-1788-4f9b-85b5-85e61ec88bfa",
              "isHook": false,
              "skipped": false
            },
            {
              "title": "Verify delete coupon page successfully and the code can not be used for frontend",
              "fullTitle": "Verify setup coupon page Verify delete coupon page successfully and the code can not be used for frontend",
              "timedOut": null,
              "duration": 21669,
              "state": "passed",
              "speed": "slow",
              "pass": true,
              "fail": false,
              "pending": false,
              "context": null,
              "code": "loginManagePage.visit(infors.urlManage + 'events/' + infors.idProject + '/coupons');\ncouponManageSetupPage.clickDeleteButton(code + '_update');\ncouponManageSetupPage.clickOKButton();\ncouponManageSetupPage.verifyCounponPageIsNotExist(code + '_update', discountUpdate);\ncouponManageSetupPage.visit(infors.url);\nhomePage.clickPurchaseTickets();\nlet randomName = (0, _generalFunction.getRandomText)();\nlet randomLastName = (0, _generalFunction.getRandomText)();\nlet randomEmail = (0, _generalFunction.getRandomEmail)();\nlet randomPhone = (0, _generalFunction.getRandomNumber)();\nticketPage.verifyIsScreenSelectTickets();\nticketPage.selectTestTicket(0);\nticketPage.verifyFormInforTc(0);\nticketPage.inputFormInforTc(0, randomName, randomLastName, randomEmail, randomPhone);\nticketPage.clickAddTicket(0);\nticketPage.verifyTicketIsAdded(0, randomEmail);\nticketPage.selectAmountItem('$' + infors.amountTicket);\nticketPage.verifyPromoEnableToApplyInFrontEnd();\nticketPage.addPromotoTicket(code + '_update');\nticketPage.verifySummaryAmount(true, false, infors.amountTicket);",
              "err": {},
              "uuid": "ae06a1bb-a4d8-4441-891f-134b0f4d2f7e",
              "parentUUID": "68a37fe2-1788-4f9b-85b5-85e61ec88bfa",
              "isHook": false,
              "skipped": false
            }
          ],
          "suites": [],
          "passes": [
            "f9c3c33c-8337-44d2-a41f-0b54075c345b",
            "5345f33f-847a-402d-8b7b-714955a9813b",
            "ae06a1bb-a4d8-4441-891f-134b0f4d2f7e"
          ],
          "failures": [],
          "pending": [],
          "skipped": [],
          "duration": 70578,
          "root": false,
          "rootEmpty": false,
          "_timeout": 2000
        }
      ],
      "passes": [],
      "failures": [],
      "pending": [],
      "skipped": [],
      "duration": 0,
      "root": true,
      "rootEmpty": true,
      "_timeout": 2000
    }
  ],
  "meta": {
    "mocha": {
      "version": "7.0.1"
    },
    "mochawesome": {
      "options": {
        "quiet": false,
        "reportFilename": "mochawesome",
        "saveHtml": false,
        "saveJson": true,
        "consoleReporter": "spec",
        "useInlineDiffs": false,
        "code": true
      },
      "version": "7.1.3"
    },
    "marge": {
      "options": {
        "id": "default",
        "reportDir": "cypress/reports/mocha",
        "quite": true,
        "overwrite": false,
        "html": false,
        "json": true,
        "embeddedScreenshots": true,
        "inlineAssets": true,
        "reportPageTitle": "Cypress Tests"
      },
      "version": "6.2.0"
    }
  }
}