{
  "stats": {
    "suites": 1,
    "tests": 4,
    "passes": 4,
    "pending": 0,
    "failures": 0,
    "start": "2022-12-04T01:33:38.394Z",
    "end": "2022-12-04T01:34:52.626Z",
    "duration": 74232,
    "testsRegistered": 4,
    "passPercent": 100,
    "pendingPercent": 0,
    "other": 0,
    "hasOther": false,
    "skipped": 0,
    "hasSkipped": false
  },
  "results": [
    {
      "uuid": "76a7e104-e78b-4002-9cf3-3a55ef6b5dcc",
      "title": "",
      "fullFile": "cypress\\e2e\\1-getting-started\\testcases\\transactionManager.cy.js",
      "file": "cypress\\e2e\\1-getting-started\\testcases\\transactionManager.cy.js",
      "beforeHooks": [],
      "afterHooks": [],
      "tests": [],
      "suites": [
        {
          "uuid": "baacce8a-682f-43c4-b199-0e60c56580e8",
          "title": "Verify Transaction Manage flow",
          "fullFile": "",
          "file": "",
          "beforeHooks": [],
          "afterHooks": [],
          "tests": [
            {
              "title": "setup mailbox inbox",
              "fullTitle": "Verify Transaction Manage flow setup mailbox inbox",
              "timedOut": null,
              "duration": 1737,
              "state": "passed",
              "speed": "fast",
              "pass": true,
              "fail": false,
              "pending": false,
              "context": null,
              "code": "cy.readFile('./data/mailbox.json', {\n  timeout: 2000\n}).then(inbox => {\n  hasMailbox = inbox.hasMailbox;\n  if (hasMailbox == -1) randomEmail = (0, _generalFunction.getRandomEmail)();else if (hasMailbox != 1) {\n    console.log(\"hasMailbox: \" + hasMailbox);\n    cy.createInbox().then(newInbox => {\n      console.log('Test message'); // verify a new inbox was created\n      assert.isDefined(newInbox);\n      console.log(\"inbox id: \" + newInbox.id);\n      console.log(\"inbox.emailAddress: \" + newInbox.emailAddress);\n      cy.writeFile('./data/mailbox.json', {\n        inboxId: newInbox.id,\n        emailAddress: newInbox.emailAddress,\n        hasMailbox: 1\n      });\n      inboxId = newInbox.id;\n      randomEmail = newInbox.emailAddress;\n    });\n  } else {\n    inboxId = inbox.inboxId;\n    randomEmail = inbox.emailAddress;\n  }\n});",
              "err": {},
              "uuid": "ad3fb894-3ddb-412a-8456-3beae24e88c0",
              "parentUUID": "baacce8a-682f-43c4-b199-0e60c56580e8",
              "isHook": false,
              "skipped": false
            },
            {
              "title": "Verify enable to create new transaction from manage Page",
              "fullTitle": "Verify Transaction Manage flow Verify enable to create new transaction from manage Page",
              "timedOut": null,
              "duration": 37745,
              "state": "passed",
              "speed": "slow",
              "pass": true,
              "fail": false,
              "pending": false,
              "context": null,
              "code": "cy.forceVisit(infors.urlManage);\nif (hasMailbox == 1) cy.emptyInbox(inboxId);\nif (hasMailbox == 1) cy.emptyInbox(inboxId);\nloginManagePage.visit(infors.urlManage + 'events/' + infors.idProject + '/transactions');\ntransactionManagePage.clickAddBtn();\ntransactionDetailManagePage.inputTranactionForm('', randomNameTr, randomLastNameTr, randomCompanyTr, randomEmailTr, randomPhoneTr, 'Donation', randomAmount, randomHonor, true, randomDesc, randomName, randomLastName, randomCompany, randomEmail, false, randomNumber, '');\ntransactionDetailManagePage.clickSaveButton();\ncy.reload();\ntransactionManagePage.verifyTransactionIsCreated('Donation', randomNameTr, randomLastNameTr, randomEmail, '$' + randomAmount + '.00');\ntransactionManagePage.clickSendEmail();\nif (hasMailbox == 1) mailbox.verifyMailboxGetEmailPurchaseSuccess(inboxId);\nloginManagePage.visit(infors.urlManage + 'events/' + infors.idProject + '/fundraisers');\nfundraiserManagePage.verifyFundraiserIsExist(randomName + ' ' + randomLastName, randomName + '.' + randomLastName, randomEmail, false, '');",
              "err": {},
              "uuid": "e757f4a6-713f-49d0-b878-78be5565a5b2",
              "parentUUID": "baacce8a-682f-43c4-b199-0e60c56580e8",
              "isHook": false,
              "skipped": false
            },
            {
              "title": "Verify enable to update transaction from manage Page",
              "fullTitle": "Verify Transaction Manage flow Verify enable to update transaction from manage Page",
              "timedOut": null,
              "duration": 23786,
              "state": "passed",
              "speed": "slow",
              "pass": true,
              "fail": false,
              "pending": false,
              "context": null,
              "code": "let randomAmount = Math.floor(Math.random() * 90) + 0;\ncy.forceVisit(infors.urlManage);\nif (hasMailbox == 1) cy.emptyInbox(inboxId);\nloginManagePage.visit(infors.urlManage + 'events/' + infors.idProject + '/transactions');\ntransactionManagePage.clickEditButton(randomNameTr);\ntransactionDetailManagePage.inputTranactionForm('', randomNameTrUpdate, randomLastNameTrUpdate, randomCompanyTrUpdate, randomEmailTrUpdate, randomPhoneTrUpdate, 'Donation', randomAmountUpdate, randomHonorUpdate, false, randomDescUpdate, randomNameUpdate, randomLastNameUpdate, randomCompanyUpdate, randomEmailUpdate, false, randomNumberUpdate, '');\ntransactionDetailManagePage.clickSaveButton();\ncy.wait(1000);\ncy.reload();\ntransactionManagePage.verifyTransactionIsCreated('Donation', randomNameTrUpdate, randomLastNameTrUpdate, randomEmailUpdate, '$' + randomAmountUpdate + '.00');\nloginManagePage.visit(infors.urlManage + 'events/' + infors.idProject + '/fundraisers');\nfundraiserManagePage.verifyFundraiserIsExist(randomNameUpdate + ' ' + randomLastNameUpdate, randomNameUpdate + '.' + randomLastNameUpdate, randomEmailUpdate, false, '');",
              "err": {},
              "uuid": "41b3a320-e758-42ef-83af-ac37fdabf3ff",
              "parentUUID": "baacce8a-682f-43c4-b199-0e60c56580e8",
              "isHook": false,
              "skipped": false
            },
            {
              "title": "Verify enable to delete transaction from manage Page",
              "fullTitle": "Verify Transaction Manage flow Verify enable to delete transaction from manage Page",
              "timedOut": null,
              "duration": 8896,
              "state": "passed",
              "speed": "medium",
              "pass": true,
              "fail": false,
              "pending": false,
              "context": null,
              "code": "loginManagePage.visit(infors.urlManage + 'events/' + infors.idProject + '/transactions');\ntransactionManagePage.clickDeleteButton(randomNameTrUpdate);\ntransactionManagePage.verifyTransactionIsNotPresent(randomNameTrUpdate);\nloginManagePage.visit(infors.urlManage + 'events/' + infors.idProject + '/fundraisers');\nfundraiserManagePage.clickDeleteButton(randomNameUpdate);",
              "err": {},
              "uuid": "c540b84f-daec-4fac-ba7f-ab8638c23456",
              "parentUUID": "baacce8a-682f-43c4-b199-0e60c56580e8",
              "isHook": false,
              "skipped": false
            }
          ],
          "suites": [],
          "passes": [
            "ad3fb894-3ddb-412a-8456-3beae24e88c0",
            "e757f4a6-713f-49d0-b878-78be5565a5b2",
            "41b3a320-e758-42ef-83af-ac37fdabf3ff",
            "c540b84f-daec-4fac-ba7f-ab8638c23456"
          ],
          "failures": [],
          "pending": [],
          "skipped": [],
          "duration": 72164,
          "root": false,
          "rootEmpty": false,
          "_timeout": 2000
        }
      ],
      "passes": [],
      "failures": [],
      "pending": [],
      "skipped": [],
      "duration": 0,
      "root": true,
      "rootEmpty": true,
      "_timeout": 2000
    }
  ],
  "meta": {
    "mocha": {
      "version": "7.0.1"
    },
    "mochawesome": {
      "options": {
        "quiet": false,
        "reportFilename": "mochawesome",
        "saveHtml": false,
        "saveJson": true,
        "consoleReporter": "spec",
        "useInlineDiffs": false,
        "code": true
      },
      "version": "7.1.3"
    },
    "marge": {
      "options": {
        "id": "default",
        "reportDir": "cypress/reports/mocha",
        "quite": true,
        "overwrite": false,
        "html": false,
        "json": true,
        "embeddedScreenshots": true,
        "inlineAssets": true,
        "reportPageTitle": "Cypress Tests"
      },
      "version": "6.2.0"
    }
  }
}