{
  "stats": {
    "suites": 1,
    "tests": 3,
    "passes": 2,
    "pending": 0,
    "failures": 1,
    "start": "2022-12-11T18:43:28.275Z",
    "end": "2022-12-11T18:46:53.830Z",
    "duration": 205555,
    "testsRegistered": 3,
    "passPercent": 66.66666666666666,
    "pendingPercent": 0,
    "other": 0,
    "hasOther": false,
    "skipped": 0,
    "hasSkipped": false
  },
  "results": [
    {
      "uuid": "21079497-5e4a-40b8-8333-b049c885b736",
      "title": "",
      "fullFile": "cypress\\e2e\\1-getting-started\\testcases\\becomeAFundraiser.cy.js",
      "file": "cypress\\e2e\\1-getting-started\\testcases\\becomeAFundraiser.cy.js",
      "beforeHooks": [],
      "afterHooks": [],
      "tests": [],
      "suites": [
        {
          "uuid": "70d5714d-e5c1-4fcd-ab28-97b3325a0920",
          "title": "Verify Become A fundraiser flow",
          "fullFile": "",
          "file": "",
          "beforeHooks": [],
          "afterHooks": [],
          "tests": [
            {
              "title": "clear the used inbox",
              "fullTitle": "Verify Become A fundraiser flow clear the used inbox",
              "timedOut": null,
              "duration": 21,
              "state": "passed",
              "speed": "fast",
              "pass": true,
              "fail": false,
              "pending": false,
              "context": null,
              "code": "cy.writeFile('./data/mailbox.json', {\n  inboxId: \"\",\n  emailAddress: \"\",\n  hasMailbox: 0\n});",
              "err": {},
              "uuid": "0fd96228-6244-4700-9302-fd8dbe1028f4",
              "parentUUID": "70d5714d-e5c1-4fcd-ab28-97b3325a0920",
              "isHook": false,
              "skipped": false
            },
            {
              "title": "setup mailbox inbox",
              "fullTitle": "Verify Become A fundraiser flow setup mailbox inbox",
              "timedOut": null,
              "duration": 1822,
              "state": "passed",
              "speed": "fast",
              "pass": true,
              "fail": false,
              "pending": false,
              "context": null,
              "code": "cy.readFile('./data/mailbox.json', {\n  timeout: 2000\n}).then(inbox => {\n  hasMailbox = inbox.hasMailbox;\n  if (hasMailbox == -1) randomEmail = (0, _generalFunction.getRandomEmail)();else if (hasMailbox != 1) {\n    console.log(\"hasMailbox: \" + hasMailbox);\n    cy.createInbox().then(newInbox => {\n      console.log('Test message'); // verify a new inbox was created\n      assert.isDefined(newInbox);\n      console.log(\"inbox id: \" + newInbox.id);\n      console.log(\"inbox.emailAddress: \" + newInbox.emailAddress);\n      cy.writeFile('./data/mailbox.json', {\n        inboxId: newInbox.id,\n        emailAddress: newInbox.emailAddress,\n        hasMailbox: 1\n      });\n      inboxId = newInbox.id;\n      randomEmail = newInbox.emailAddress;\n    });\n  } else {\n    inboxId = inbox.inboxId;\n    randomEmail = inbox.emailAddress;\n  }\n});",
              "err": {},
              "uuid": "cb63f8dc-bb9b-4f53-83e4-ab3d77a3a5cb",
              "parentUUID": "70d5714d-e5c1-4fcd-ab28-97b3325a0920",
              "isHook": false,
              "skipped": false
            },
            {
              "title": "Verify information when become a fundraiser ",
              "fullTitle": "Verify Become A fundraiser flow Verify information when become a fundraiser ",
              "timedOut": null,
              "duration": 66047,
              "state": "failed",
              "speed": null,
              "pass": false,
              "fail": true,
              "pending": false,
              "context": "[\n  \"screenshots/becomeAFundraiser.cy.js/Verify Become A fundraiser flow -- Verify information when become a fundraiser  (failed).png\",\n  \"videos/becomeAFundraiser.cy.js.mp4\"\n]",
              "code": "cy.forceVisit(infors.url);\nif (hasMailbox == 1) cy.emptyInbox(inboxId);\nlet randomName = (0, _generalFunction.getRandomText)();\nlet randomLastName = (0, _generalFunction.getRandomText)(); // let randomEmail = getRandomEmail();\nlet randomPhone = (0, _generalFunction.getRandomNumber)();\nhomePage.clickBecomeAFundraiser();\nregisterPage.verifyRegisterPage();\nregisterPage.inputRegisterForm(randomName, randomLastName, randomPhone, randomEmail);\nregisterPage.clickRegisterButton();\nthankYouPage.verifyThankYouPageAfterFundraiserSuccess(randomName, randomLastName, infors.url);\nif (hasMailbox == 1) mailbox.verifyMailboxGetEmailFundraiserSuccess(inboxId);\nthankYouPage.clickFundraiserUserLinks(randomName, randomLastName, infors.url);",
              "err": {
                "message": "AssertionError: Timed out retrying after 60000ms: Expected to find content: 'Register' within the element: <h1> but never did.",
                "estack": "AssertionError: Timed out retrying after 60000ms: Expected to find content: 'Register' within the element: <h1> but never did.\n    at RegisterPage.verifyRegisterPage (webpack:///./cypress/e2e/1-getting-started/Pages/registerPage.ts:33:50)\n    at Context.eval (webpack:///./cypress/e2e/1-getting-started/testcases/becomeAFundraiser.cy.js:51:21)",
                "diff": null
              },
              "uuid": "65eb0b18-40e6-422b-939f-266506544fff",
              "parentUUID": "70d5714d-e5c1-4fcd-ab28-97b3325a0920",
              "isHook": false,
              "skipped": false
            }
          ],
          "suites": [],
          "passes": [
            "0fd96228-6244-4700-9302-fd8dbe1028f4",
            "cb63f8dc-bb9b-4f53-83e4-ab3d77a3a5cb"
          ],
          "failures": [
            "65eb0b18-40e6-422b-939f-266506544fff"
          ],
          "pending": [],
          "skipped": [],
          "duration": 67890,
          "root": false,
          "rootEmpty": false,
          "_timeout": 2000
        }
      ],
      "passes": [],
      "failures": [],
      "pending": [],
      "skipped": [],
      "duration": 0,
      "root": true,
      "rootEmpty": true,
      "_timeout": 2000
    }
  ],
  "meta": {
    "mocha": {
      "version": "7.0.1"
    },
    "mochawesome": {
      "options": {
        "quiet": false,
        "reportFilename": "mochawesome",
        "saveHtml": false,
        "saveJson": true,
        "consoleReporter": "spec",
        "useInlineDiffs": false,
        "code": true
      },
      "version": "7.1.3"
    },
    "marge": {
      "options": {
        "id": "default",
        "reportDir": "cypress/reports/mocha",
        "quite": true,
        "overwrite": false,
        "html": false,
        "json": true,
        "embeddedScreenshots": true,
        "inlineAssets": true,
        "reportPageTitle": "Cypress Tests"
      },
      "version": "6.2.0"
    }
  }
}