{
  "stats": {
    "suites": 1,
    "tests": 3,
    "passes": 3,
    "pending": 0,
    "failures": 0,
    "start": "2022-12-13T15:44:49.147Z",
    "end": "2022-12-13T15:45:36.605Z",
    "duration": 47458,
    "testsRegistered": 3,
    "passPercent": 100,
    "pendingPercent": 0,
    "other": 0,
    "hasOther": false,
    "skipped": 0,
    "hasSkipped": false
  },
  "results": [
    {
      "uuid": "e15d973e-aa99-4867-9103-2ee4fd113747",
      "title": "",
      "fullFile": "cypress\\e2e\\1-getting-started\\testcases\\tableSetting.cy.js",
      "file": "cypress\\e2e\\1-getting-started\\testcases\\tableSetting.cy.js",
      "beforeHooks": [],
      "afterHooks": [],
      "tests": [],
      "suites": [
        {
          "uuid": "df65e2a9-2d1c-421d-a634-447f2fdf3094",
          "title": "Verify setup Button General Setting page",
          "fullFile": "",
          "file": "",
          "beforeHooks": [],
          "afterHooks": [],
          "tests": [
            {
              "title": "Verify setup Table Setting with Donation true and front end will update follow this setup",
              "fullTitle": "Verify setup Button General Setting page Verify setup Table Setting with Donation true and front end will update follow this setup",
              "timedOut": null,
              "duration": 21116,
              "state": "passed",
              "speed": "slow",
              "pass": true,
              "fail": false,
              "pending": false,
              "context": null,
              "code": "let pageTitle = (0, _generalFunction.getRandomText)();\nlet tableType = (0, _generalFunction.getRandomText)();\nlet tableSection = (0, _generalFunction.getRandomText)();\nlet donationTitle = (0, _generalFunction.getRandomText)();\nlet orderSummary = (0, _generalFunction.getRandomText)();\nlet donationSummary = (0, _generalFunction.getRandomText)();\nloginManagePage.visit(infors.urlManage);\nloginManagePage.inputloginForm(infors.emailAdmin, infors.passAdmin);\nloginManagePage.visit(infors.urlManage + 'events/' + infors.idProject + '/donation');\nsettingSetupPage.openSettingTablePage();\ntableSettingPage.inputGeneralTableSetting(pageTitle, tableType, tableSection, donationTitle, orderSummary, donationSummary, true);\ntableSettingPage.clickSaveButton();\ntableSettingPage.verifySaveSuccessfully();\ncy.forceVisit(infors.url);\nhomePage.clickGiveAHostButton();\ndonationsTablePage.verifySettingTableSuccessfully(pageTitle, tableType, tableSection, donationTitle, orderSummary, donationSummary, true);",
              "err": {},
              "uuid": "bdd0f007-cf91-47ef-978f-033bab835cde",
              "parentUUID": "df65e2a9-2d1c-421d-a634-447f2fdf3094",
              "isHook": false,
              "skipped": false
            },
            {
              "title": "Verify setup Table Setting with Donation false and front end will update follow this setup",
              "fullTitle": "Verify setup Button General Setting page Verify setup Table Setting with Donation false and front end will update follow this setup",
              "timedOut": null,
              "duration": 12529,
              "state": "passed",
              "speed": "slow",
              "pass": true,
              "fail": false,
              "pending": false,
              "context": null,
              "code": "let pageTitle = (0, _generalFunction.getRandomText)();\nlet tableType = (0, _generalFunction.getRandomText)();\nlet tableSection = (0, _generalFunction.getRandomText)();\nlet donationTitle = (0, _generalFunction.getRandomText)();\nlet orderSummary = (0, _generalFunction.getRandomText)();\nlet donationSummary = (0, _generalFunction.getRandomText)();\nloginManagePage.visit(infors.urlManage);\nloginManagePage.inputloginForm(infors.emailAdmin, infors.passAdmin);\nloginManagePage.visit(infors.urlManage + 'events/' + infors.idProject + '/donation');\nsettingSetupPage.openSettingTablePage();\ntableSettingPage.inputGeneralTableSetting(pageTitle, tableType, tableSection, donationTitle, orderSummary, donationSummary, false);\ntableSettingPage.clickSaveButton();\ntableSettingPage.verifySaveSuccessfully();\ncy.forceVisit(infors.url);\nhomePage.clickGiveAHostButton();\ndonationsTablePage.verifySettingTableSuccessfully(pageTitle, tableType, tableSection, donationTitle, orderSummary, donationSummary, false);",
              "err": {},
              "uuid": "7f5ff3ba-1e5a-41a0-a1b8-354a399526a3",
              "parentUUID": "df65e2a9-2d1c-421d-a634-447f2fdf3094",
              "isHook": false,
              "skipped": false
            },
            {
              "title": "Verify setup Table Setting as default and front end will update follow this setup",
              "fullTitle": "Verify setup Button General Setting page Verify setup Table Setting as default and front end will update follow this setup",
              "timedOut": null,
              "duration": 11942,
              "state": "passed",
              "speed": "slow",
              "pass": true,
              "fail": false,
              "pending": false,
              "context": null,
              "code": "loginManagePage.visit(infors.urlManage);\nloginManagePage.inputloginForm(infors.emailAdmin, infors.passAdmin);\nloginManagePage.visit(infors.urlManage + 'events/' + infors.idProject + '/donation');\nsettingSetupPage.openSettingTablePage();\ntableSettingPage.inputGeneralTableSetting('', '', '', '', '', '', true);\ntableSettingPage.clickSaveButton();\ntableSettingPage.verifySaveSuccessfully();\ncy.forceVisit(infors.url);\nhomePage.clickGiveAHostButton();\ndonationsTablePage.verifySettingTableSuccessfully();",
              "err": {},
              "uuid": "4304da36-2799-4276-8b74-c26376dad4b2",
              "parentUUID": "df65e2a9-2d1c-421d-a634-447f2fdf3094",
              "isHook": false,
              "skipped": false
            }
          ],
          "suites": [],
          "passes": [
            "bdd0f007-cf91-47ef-978f-033bab835cde",
            "7f5ff3ba-1e5a-41a0-a1b8-354a399526a3",
            "4304da36-2799-4276-8b74-c26376dad4b2"
          ],
          "failures": [],
          "pending": [],
          "skipped": [],
          "duration": 45587,
          "root": false,
          "rootEmpty": false,
          "_timeout": 2000
        }
      ],
      "passes": [],
      "failures": [],
      "pending": [],
      "skipped": [],
      "duration": 0,
      "root": true,
      "rootEmpty": true,
      "_timeout": 2000
    }
  ],
  "meta": {
    "mocha": {
      "version": "7.0.1"
    },
    "mochawesome": {
      "options": {
        "quiet": false,
        "reportFilename": "mochawesome",
        "saveHtml": false,
        "saveJson": true,
        "consoleReporter": "spec",
        "useInlineDiffs": false,
        "code": true
      },
      "version": "7.1.3"
    },
    "marge": {
      "options": {
        "id": "default",
        "reportDir": "cypress/reports/mocha",
        "quite": true,
        "overwrite": false,
        "html": false,
        "json": true,
        "embeddedScreenshots": true,
        "inlineAssets": true,
        "reportPageTitle": "Cypress Tests"
      },
      "version": "6.2.0"
    }
  }
}