{
  "stats": {
    "suites": 1,
    "tests": 4,
    "passes": 4,
    "pending": 0,
    "failures": 0,
    "start": "2022-12-11T19:32:43.548Z",
    "end": "2022-12-11T19:33:53.799Z",
    "duration": 70251,
    "testsRegistered": 4,
    "passPercent": 100,
    "pendingPercent": 0,
    "other": 0,
    "hasOther": false,
    "skipped": 0,
    "hasSkipped": false
  },
  "results": [
    {
      "uuid": "16b50ad0-fc60-4960-9e06-ccac75391130",
      "title": "",
      "fullFile": "cypress\\e2e\\1-getting-started\\testcases\\setUpPageInSponsorProducts.cy.js",
      "file": "cypress\\e2e\\1-getting-started\\testcases\\setUpPageInSponsorProducts.cy.js",
      "beforeHooks": [],
      "afterHooks": [],
      "tests": [],
      "suites": [
        {
          "uuid": "27b85a2c-a29b-4eb8-8113-5866d5384fae",
          "title": "Verify setup product page for sponsor ",
          "fullFile": "",
          "file": "",
          "beforeHooks": [],
          "afterHooks": [],
          "tests": [
            {
              "title": "Verify create product page for  sponsor - product successfully",
              "fullTitle": "Verify setup product page for sponsor  Verify create product page for  sponsor - product successfully",
              "timedOut": null,
              "duration": 11904,
              "state": "passed",
              "speed": "slow",
              "pass": true,
              "fail": false,
              "pending": false,
              "context": null,
              "code": "loginManagePage.visit(infors.urlManage + 'events/' + infors.idProject + '/products');\nproductsManageSetupPage.clickAddBtn();\nproductSetupPage.inputProductForm('Sponsorship', proName, true, false, proPrice, maxPro, 0);\nproductSetupPage.clickSaveBtn();\nproductsManageSetupPage.verifyNewProductIsCreated('Sponsorship', proName, true, false, proPrice, maxPro, 0);",
              "err": {},
              "uuid": "14f103db-c4fe-4410-982b-40f72b138882",
              "parentUUID": "27b85a2c-a29b-4eb8-8113-5866d5384fae",
              "isHook": false,
              "skipped": false
            },
            {
              "title": "Verify sponsor product can be used in frontend successfully ",
              "fullTitle": "Verify setup product page for sponsor  Verify sponsor product can be used in frontend successfully ",
              "timedOut": null,
              "duration": 8259,
              "state": "passed",
              "speed": "medium",
              "pass": true,
              "fail": false,
              "pending": false,
              "context": null,
              "code": "cy.forceVisit(infors.url);\nhomePage.clickChooseASponsorshipButton();\nsponsorshipPage.verifySponsorNameExist(proName, proPrice);\nsponsorshipPage.clickSponsorItem(proName);\nsponsorshipPage.selectPersonReceiveCredit(infors.personRecieveCredit);\nsponsorshipPage.clickButtonNext();",
              "err": {},
              "uuid": "f307a183-9882-43c6-a81a-dc1baa8d9b99",
              "parentUUID": "27b85a2c-a29b-4eb8-8113-5866d5384fae",
              "isHook": false,
              "skipped": false
            },
            {
              "title": "Verify  update sponsor product setup page and the changing apply to frontend",
              "fullTitle": "Verify setup product page for sponsor  Verify  update sponsor product setup page and the changing apply to frontend",
              "timedOut": null,
              "duration": 35016,
              "state": "passed",
              "speed": "slow",
              "pass": true,
              "fail": false,
              "pending": false,
              "context": null,
              "code": "loginManagePage.visit(infors.urlManage + 'events/' + infors.idProject + '/products');\nproductsManageSetupPage.clickEditButton(proName);\nproductSetupPage.editProductForm(proNameUpdate, false, false, priceUpdate, maxUpdate, 0);\nproductSetupPage.clickSaveBtn();\nproductsManageSetupPage.verifyNewProductIsCreated('Sponsorship', proNameUpdate, false, false, priceUpdate, maxUpdate, 0);\ncy.forceVisit(infors.url);\nhomePage.clickChooseASponsorshipButton();\nsponsorshipPage.verifySponsorNameNotExist(proNameUpdate);\nloginManagePage.visit(infors.urlManage + 'events/' + infors.idProject + '/products');\nproductsManageSetupPage.clickEditButton(proNameUpdate);\nproductSetupPage.editProductForm(proNameUpdate, true, false, priceUpdate, maxUpdate, 0);\nproductSetupPage.clickSaveBtn();\nproductsManageSetupPage.verifyNewProductIsCreated('Sponsorship', proNameUpdate, true, false, priceUpdate, maxUpdate, 0);\ncy.forceVisit(infors.url);\nhomePage.clickChooseASponsorshipButton();\nsponsorshipPage.verifySponsorNameExist(proNameUpdate, priceUpdate);\nsponsorshipPage.clickSponsorItem(proNameUpdate);\nsponsorshipPage.selectPersonReceiveCredit(infors.personRecieveCredit);\nsponsorshipPage.clickButtonNext();",
              "err": {},
              "uuid": "618b7a70-b0aa-49d8-9e6b-9ee8042d9185",
              "parentUUID": "27b85a2c-a29b-4eb8-8113-5866d5384fae",
              "isHook": false,
              "skipped": false
            },
            {
              "title": "Verify delete sponsor product page successfully and the code can not be used for frontend",
              "fullTitle": "Verify setup product page for sponsor  Verify delete sponsor product page successfully and the code can not be used for frontend",
              "timedOut": null,
              "duration": 12362,
              "state": "passed",
              "speed": "slow",
              "pass": true,
              "fail": false,
              "pending": false,
              "context": null,
              "code": "loginManagePage.visit(infors.urlManage + 'events/' + infors.idProject + '/products');\nproductsManageSetupPage.clickDeleteButton(proNameUpdate);\nproductsManageSetupPage.verifyProductPageIsNotExist(proNameUpdate);\ncy.forceVisit(infors.url);\nhomePage.clickChooseASponsorshipButton();\nsponsorshipPage.verifySponsorNameNotExist(proNameUpdate);",
              "err": {},
              "uuid": "0ca5e517-12b6-44fa-9acd-2d5db89c0aed",
              "parentUUID": "27b85a2c-a29b-4eb8-8113-5866d5384fae",
              "isHook": false,
              "skipped": false
            }
          ],
          "suites": [],
          "passes": [
            "14f103db-c4fe-4410-982b-40f72b138882",
            "f307a183-9882-43c6-a81a-dc1baa8d9b99",
            "618b7a70-b0aa-49d8-9e6b-9ee8042d9185",
            "0ca5e517-12b6-44fa-9acd-2d5db89c0aed"
          ],
          "failures": [],
          "pending": [],
          "skipped": [],
          "duration": 67541,
          "root": false,
          "rootEmpty": false,
          "_timeout": 2000
        }
      ],
      "passes": [],
      "failures": [],
      "pending": [],
      "skipped": [],
      "duration": 0,
      "root": true,
      "rootEmpty": true,
      "_timeout": 2000
    }
  ],
  "meta": {
    "mocha": {
      "version": "7.0.1"
    },
    "mochawesome": {
      "options": {
        "quiet": false,
        "reportFilename": "mochawesome",
        "saveHtml": false,
        "saveJson": true,
        "consoleReporter": "spec",
        "useInlineDiffs": false,
        "code": true
      },
      "version": "7.1.3"
    },
    "marge": {
      "options": {
        "id": "default",
        "reportDir": "cypress/reports/mocha",
        "quite": true,
        "overwrite": false,
        "html": false,
        "json": true,
        "embeddedScreenshots": true,
        "inlineAssets": true,
        "reportPageTitle": "Cypress Tests"
      },
      "version": "6.2.0"
    }
  }
}