{
  "stats": {
    "suites": 1,
    "tests": 4,
    "passes": 4,
    "pending": 0,
    "failures": 0,
    "start": "2022-12-11T18:55:27.248Z",
    "end": "2022-12-11T18:57:07.498Z",
    "duration": 100250,
    "testsRegistered": 4,
    "passPercent": 100,
    "pendingPercent": 0,
    "other": 0,
    "hasOther": false,
    "skipped": 0,
    "hasSkipped": false
  },
  "results": [
    {
      "uuid": "d53a1b3e-b957-4d16-83f5-7b73f7c4ca68",
      "title": "",
      "fullFile": "cypress\\e2e\\1-getting-started\\testcases\\purchaseTicketTest.cy.js",
      "file": "cypress\\e2e\\1-getting-started\\testcases\\purchaseTicketTest.cy.js",
      "beforeHooks": [],
      "afterHooks": [],
      "tests": [],
      "suites": [
        {
          "uuid": "af3942b1-0f42-4ec4-aa9e-abd61e623156",
          "title": "Verify Purchase Tickets flow",
          "fullFile": "",
          "file": "",
          "beforeHooks": [],
          "afterHooks": [],
          "tests": [
            {
              "title": "setup mailbox inbox",
              "fullTitle": "Verify Purchase Tickets flow setup mailbox inbox",
              "timedOut": null,
              "duration": 37,
              "state": "passed",
              "speed": "fast",
              "pass": true,
              "fail": false,
              "pending": false,
              "context": null,
              "code": "cy.readFile('./data/mailbox.json', {\n  timeout: 2000\n}).then(inbox => {\n  hasMailbox = inbox.hasMailbox;\n  if (hasMailbox == -1) randomEmail = (0, _generalFunction.getRandomEmail)();else if (hasMailbox != 1) {\n    console.log(\"hasMailbox: \" + hasMailbox);\n    cy.createInbox().then(newInbox => {\n      console.log('Test message'); // verify a new inbox was created\n      assert.isDefined(newInbox);\n      console.log(\"inbox id: \" + newInbox.id);\n      console.log(\"inbox.emailAddress: \" + newInbox.emailAddress);\n      cy.writeFile('./data/mailbox.json', {\n        inboxId: newInbox.id,\n        emailAddress: newInbox.emailAddress,\n        hasMailbox: 1\n      });\n      inboxId = newInbox.id;\n      randomEmail = newInbox.emailAddress;\n    });\n  } else {\n    inboxId = inbox.inboxId;\n    randomEmail = inbox.emailAddress;\n  }\n});",
              "err": {},
              "uuid": "36333432-c1ce-4d1d-8cfb-30512de8b60f",
              "parentUUID": "af3942b1-0f42-4ec4-aa9e-abd61e623156",
              "isHook": false,
              "skipped": false
            },
            {
              "title": "Verify purchase a ticket and selection amount",
              "fullTitle": "Verify Purchase Tickets flow Verify purchase a ticket and selection amount",
              "timedOut": null,
              "duration": 35618,
              "state": "passed",
              "speed": "slow",
              "pass": true,
              "fail": false,
              "pending": false,
              "context": null,
              "code": "cy.visit(infors.url);\nif (hasMailbox == 1) cy.emptyInbox(inboxId);\nlet randomName = (0, _generalFunction.getRandomText)();\nlet randomLastName = (0, _generalFunction.getRandomText)();\nlet randomPhone = (0, _generalFunction.getRandomNumber)();\nhomePage.clickPurchaseTickets();\nticketPage.verifyIsScreenSelectTickets();\nticketPage.selectTestTicket(0);\nticketPage.verifyFormInforTc(0);\nticketPage.inputFormInforTc(0, randomName, randomLastName, randomEmail, randomPhone);\nticketPage.clickAddTicket(0);\nticketPage.verifyTicketIsAdded(0, randomEmail);\nticketPage.selectAmountItem('$' + infors.amountTicket);\nticketPage.verifySummaryAmount(true, false, infors.amountTicket);\nticketPage.clickButtonNext();\ndonationsAddressPage.inputAddressInforTickets(user.company, user.address1, user.address2, user.city, user.state, user.zip);\ndonationsAddressPage.clickNextButton();\ndonationsPaymentPage.inputCreditCardTicket(infors.creditCardNumber, infors.creditCardVCV);\ndonationsPaymentPage.clickPurchase();\ndonationsPaymentPage.verifyTransactionTicketsFinish();\nconsole.log(\"======inboxId====\" + inboxId);\nif (hasMailbox == 1) mailbox.verifyMailboxGetEmailPurchaseTicketSuccess(inboxId);\nloginManagePage.visit(infors.urlManage + 'events/' + infors.idProject + '/transactions');\ntransactionManagePage.verifyTransactionIsCreated('Ticket', randomName, randomLastName, randomEmail, '$', '', 1);\ntransactionManagePage.verifyTransactionIsCreated('Donation', randomName, randomLastName, randomEmail, '$');",
              "err": {},
              "uuid": "8c58fc60-6ebf-4344-b249-690ab44368b4",
              "parentUUID": "af3942b1-0f42-4ec4-aa9e-abd61e623156",
              "isHook": false,
              "skipped": false
            },
            {
              "title": "Verify previous button on purchase a ticket ",
              "fullTitle": "Verify Purchase Tickets flow Verify previous button on purchase a ticket ",
              "timedOut": null,
              "duration": 18125,
              "state": "passed",
              "speed": "slow",
              "pass": true,
              "fail": false,
              "pending": false,
              "context": null,
              "code": "cy.forceVisit(infors.url);\nlet randomName = (0, _generalFunction.getRandomText)();\nlet randomLastName = (0, _generalFunction.getRandomText)();\nlet randomPhone = (0, _generalFunction.getRandomNumber)();\nlet ticketProName = infors.ticketName;\nhomePage.clickPurchaseTickets();\nticketPage.verifyIsScreenSelectTickets();\nticketPage.selectTestTicket(0);\nticketPage.verifyFormInforTc(0);\nticketPage.inputFormInforTc(0, randomName, randomLastName, randomEmail, randomPhone);\nticketPage.clickAddTicket(0);\nticketPage.verifyTicketIsAdded(0, randomEmail);\nticketPage.selectAmountItem('$' + infors.amountTicket);\nticketPage.verifySummaryAmount(true, false, infors.amountTicket);\nticketPage.clickButtonNext();\ndonationsAddressPage.inputAddressInforTickets(user.company, user.address1, user.address2, user.city, user.state, user.zip);\ndonationsAddressPage.clickNextButton();\ndonationsPaymentPage.inputCreditCardTicket(infors.creditCardNumber, infors.creditCardVCV); //start script to verify previous button\ndonationsPaymentPage.clickPreviousButton();\ndonationsAddressPage.verifyAddressInforPage();\ndonationsAddressPage.clickPreviousButton();\nticketPage.verifyIsScreenSelectTickets();\nticketPage.clickButtonNext();\ndonationsAddressPage.clickNextButton(); //end script to verify previous button",
              "err": {},
              "uuid": "f462e919-dfea-4afe-9b9c-eafd07e51805",
              "parentUUID": "af3942b1-0f42-4ec4-aa9e-abd61e623156",
              "isHook": false,
              "skipped": false
            },
            {
              "title": "Verify purchase multiple tickets and other amount",
              "fullTitle": "Verify Purchase Tickets flow Verify purchase multiple tickets and other amount",
              "timedOut": null,
              "duration": 44443,
              "state": "passed",
              "speed": "slow",
              "pass": true,
              "fail": false,
              "pending": false,
              "context": null,
              "code": "cy.forceVisit(infors.url);\nif (hasMailbox == 1) cy.emptyInbox(inboxId);\nlet randomName = (0, _generalFunction.getRandomText)();\nlet randomLastName = (0, _generalFunction.getRandomText)();\nlet randomPhone = (0, _generalFunction.getRandomNumber)();\nhomePage.clickPurchaseTickets();\nticketPage.verifyIsScreenSelectTickets();\nticketPage.selectTestTicket(0);\nticketPage.verifyFormInforTc(0);\nticketPage.inputFormInforTc(0, randomName, randomLastName, randomEmail, randomPhone);\nticketPage.clickAddTicket(0);\nticketPage.verifyTicketIsAdded(0, randomEmail);\nticketPage.selectTestTicket(1);\nticketPage.verifyFormInforTc(1);\nticketPage.inputFormInforTc(1, randomName, randomLastName, randomEmail, randomPhone);\nticketPage.clickAddTicket(1);\nticketPage.verifyTicketIsAdded(1, randomEmail);\nticketPage.selectTestTicket(0);\nticketPage.verifyFormInforTc(0);\nticketPage.inputFormInforTc(0, randomName, randomLastName, randomEmail, randomPhone);\nticketPage.clickAddTicket(0);\nticketPage.verifyTicketIsAdded(0, randomEmail);\nticketPage.inputOtherAmount(infors.anotherAmountTicket + '.00');\nticketPage.verifySummaryAmount(2, 1, infors.anotherAmountTicket);\nticketPage.clickButtonNext();\ndonationsAddressPage.inputAddressInforTickets(user.company, user.address1, user.address2, user.city, user.state, user.zip);\ndonationsAddressPage.clickNextButton();\ndonationsPaymentPage.inputCreditCardTicket(infors.creditCardNumber, infors.creditCardVCV);\ndonationsPaymentPage.clickPurchase();\ndonationsPaymentPage.verifyTransactionTicketsFinish();\nloginManagePage.visit(infors.urlManage + 'events/' + infors.idProject + '/transactions');\ntransactionManagePage.verifyTransactionIsCreated('Ticket', randomName, randomLastName, randomEmail, '$', '', 3); // 2 tickets 33$ and 1 tickets 51$\ntransactionManagePage.verifyTransactionIsCreated('Donation', randomName, randomLastName, randomEmail, '$');\nif (hasMailbox == 1) mailbox.verifyMailboxGetEmailPurchaseMultiTicketSuccess(inboxId);",
              "err": {},
              "uuid": "1ef3fa31-c9a8-421b-aa48-974bcdc09eb5",
              "parentUUID": "af3942b1-0f42-4ec4-aa9e-abd61e623156",
              "isHook": false,
              "skipped": false
            }
          ],
          "suites": [],
          "passes": [
            "36333432-c1ce-4d1d-8cfb-30512de8b60f",
            "8c58fc60-6ebf-4344-b249-690ab44368b4",
            "f462e919-dfea-4afe-9b9c-eafd07e51805",
            "1ef3fa31-c9a8-421b-aa48-974bcdc09eb5"
          ],
          "failures": [],
          "pending": [],
          "skipped": [],
          "duration": 98223,
          "root": false,
          "rootEmpty": false,
          "_timeout": 2000
        }
      ],
      "passes": [],
      "failures": [],
      "pending": [],
      "skipped": [],
      "duration": 0,
      "root": true,
      "rootEmpty": true,
      "_timeout": 2000
    }
  ],
  "meta": {
    "mocha": {
      "version": "7.0.1"
    },
    "mochawesome": {
      "options": {
        "quiet": false,
        "reportFilename": "mochawesome",
        "saveHtml": false,
        "saveJson": true,
        "consoleReporter": "spec",
        "useInlineDiffs": false,
        "code": true
      },
      "version": "7.1.3"
    },
    "marge": {
      "options": {
        "id": "default",
        "reportDir": "cypress/reports/mocha",
        "quite": true,
        "overwrite": false,
        "html": false,
        "json": true,
        "embeddedScreenshots": true,
        "inlineAssets": true,
        "reportPageTitle": "Cypress Tests"
      },
      "version": "6.2.0"
    }
  }
}