{
  "stats": {
    "suites": 1,
    "tests": 8,
    "passes": 8,
    "pending": 0,
    "failures": 0,
    "start": "2022-12-04T01:19:23.315Z",
    "end": "2022-12-04T01:21:47.305Z",
    "duration": 143990,
    "testsRegistered": 8,
    "passPercent": 100,
    "pendingPercent": 0,
    "other": 0,
    "hasOther": false,
    "skipped": 0,
    "hasSkipped": false
  },
  "results": [
    {
      "uuid": "0a7611b0-b0e5-4dbc-bd40-d4416dd2d640",
      "title": "",
      "fullFile": "cypress\\e2e\\1-getting-started\\testcases\\setUpPageInProducts.cy.js",
      "file": "cypress\\e2e\\1-getting-started\\testcases\\setUpPageInProducts.cy.js",
      "beforeHooks": [],
      "afterHooks": [],
      "tests": [],
      "suites": [
        {
          "uuid": "efaa7328-6438-4eab-a3e3-a980743502e0",
          "title": "Verify setup product page",
          "fullFile": "",
          "file": "",
          "beforeHooks": [],
          "afterHooks": [],
          "tests": [
            {
              "title": "Verify create product page for ticket product successfully",
              "fullTitle": "Verify setup product page Verify create product page for ticket product successfully",
              "timedOut": null,
              "duration": 11526,
              "state": "passed",
              "speed": "slow",
              "pass": true,
              "fail": false,
              "pending": false,
              "context": null,
              "code": "loginManagePage.visit(infors.urlManage + 'events/' + infors.idProject + '/products');\nproductsManageSetupPage.clickAddBtn();\nproductSetupPage.inputProductForm('Ticket', ticketProName, true, false, priceTicket, maxTicket, 0);\nproductSetupPage.clickSaveBtn();\nproductsManageSetupPage.verifyNewProductIsCreated('Ticket', ticketProName, true, false, priceTicket, maxTicket, 0);",
              "err": {},
              "uuid": "1ae57bfc-f5cc-4c4f-9511-b4a9e1de8652",
              "parentUUID": "efaa7328-6438-4eab-a3e3-a980743502e0",
              "isHook": false,
              "skipped": false
            },
            {
              "title": "Verify ticket product can be used in frontend successfully ",
              "fullTitle": "Verify setup product page Verify ticket product can be used in frontend successfully ",
              "timedOut": null,
              "duration": 11230,
              "state": "passed",
              "speed": "slow",
              "pass": true,
              "fail": false,
              "pending": false,
              "context": null,
              "code": "cy.forceVisit(infors.url);\nlet randomName = (0, _generalFunction.getRandomText)();\nlet randomLastName = (0, _generalFunction.getRandomText)();\nlet randomEmail = (0, _generalFunction.getRandomEmail)();\nlet randomPhone = (0, _generalFunction.getRandomNumber)();\nhomePage.clickPurchaseTickets();\nticketPage.verifyIsScreenSelectTickets();\nticketPage.verifyTicketNameIsAddedAndUsedInFrontEnd(ticketProName, priceTicket, maxTicket);\nticketPage.selectTicketName(ticketProName);\nticketPage.inputFormInforNameTc(ticketProName, randomName, randomLastName, randomEmail, randomPhone);\nticketPage.clickAddTicketName(ticketProName);\nticketPage.verifyTicketNameIsAdded(ticketProName, randomEmail, priceTicket);\nticketPage.selectAmountItem('$' + infors.amountTicket);\nticketPage.verifySummaryAmountForSelectTicketName(priceTicket, infors.amountTicket);",
              "err": {},
              "uuid": "9508425e-90ab-4929-8e60-3b1de37e3f15",
              "parentUUID": "efaa7328-6438-4eab-a3e3-a980743502e0",
              "isHook": false,
              "skipped": false
            },
            {
              "title": "Verify update ticket product setup page and the changing apply to frontend",
              "fullTitle": "Verify setup product page Verify update ticket product setup page and the changing apply to frontend",
              "timedOut": null,
              "duration": 37254,
              "state": "passed",
              "speed": "slow",
              "pass": true,
              "fail": false,
              "pending": false,
              "context": null,
              "code": "loginManagePage.visit(infors.urlManage + 'events/' + infors.idProject + '/products');\nproductsManageSetupPage.clickEditButton(ticketProName);\nproductSetupPage.editProductForm(ticketProNameUpdate, false, false, priceTicketUpdate, maxTicketUpdate, 0);\nproductSetupPage.clickSaveBtn();\nproductsManageSetupPage.verifyNewProductIsCreated('Ticket', ticketProNameUpdate, false, false, priceTicketUpdate, maxTicketUpdate, 0);\ncy.forceVisit(infors.url);\nhomePage.clickPurchaseTickets();\nticketPage.verifyTheTicketIsNotExist(ticketProNameUpdate);\nlet randomName = (0, _generalFunction.getRandomText)();\nlet randomLastName = (0, _generalFunction.getRandomText)();\nlet randomEmail = (0, _generalFunction.getRandomEmail)();\nlet randomPhone = (0, _generalFunction.getRandomNumber)();\nloginManagePage.visit(infors.urlManage + 'events/' + infors.idProject + '/products');\nproductsManageSetupPage.clickEditButton(ticketProNameUpdate);\nproductSetupPage.editProductForm(ticketProNameUpdate, true, false, priceTicketUpdate, maxTicketUpdate, 0);\nproductSetupPage.clickSaveBtn();\nproductsManageSetupPage.verifyNewProductIsCreated('Ticket', ticketProNameUpdate, true, false, priceTicketUpdate, maxTicketUpdate, 0);\ncy.forceVisit(infors.url);\nhomePage.clickPurchaseTickets();\nticketPage.verifyIsScreenSelectTickets();\nticketPage.verifyTicketNameIsAddedAndUsedInFrontEnd(ticketProNameUpdate, priceTicketUpdate, maxTicketUpdate);\nticketPage.selectTicketName(ticketProNameUpdate);\nticketPage.inputFormInforNameTc(ticketProNameUpdate, randomName, randomLastName, randomEmail, randomPhone);\nticketPage.clickAddTicketName(ticketProNameUpdate);\nticketPage.verifyTicketNameIsAdded(ticketProNameUpdate, randomEmail, priceTicketUpdate);\nticketPage.selectAmountItem('$' + infors.amountTicket);\nticketPage.verifySummaryAmountForSelectTicketName(priceTicketUpdate, infors.amountTicket);",
              "err": {},
              "uuid": "66317658-9c8d-470c-ade1-14ffc1d6d777",
              "parentUUID": "efaa7328-6438-4eab-a3e3-a980743502e0",
              "isHook": false,
              "skipped": false
            },
            {
              "title": "Verify delete product page successfully and the code can not be used for frontend",
              "fullTitle": "Verify setup product page Verify delete product page successfully and the code can not be used for frontend",
              "timedOut": null,
              "duration": 11971,
              "state": "passed",
              "speed": "slow",
              "pass": true,
              "fail": false,
              "pending": false,
              "context": null,
              "code": "loginManagePage.visit(infors.urlManage + 'events/' + infors.idProject + '/products');\nproductsManageSetupPage.clickDeleteButton(ticketProNameUpdate);\nproductsManageSetupPage.verifyProductPageIsNotExist(ticketProNameUpdate);\ncy.forceVisit(infors.url);\nhomePage.clickPurchaseTickets();\nticketPage.verifyTheTicketIsNotExist(ticketProNameUpdate);",
              "err": {},
              "uuid": "1a3b5979-5c3f-4277-a6c1-dc45771e37e2",
              "parentUUID": "efaa7328-6438-4eab-a3e3-a980743502e0",
              "isHook": false,
              "skipped": false
            },
            {
              "title": "Verify create product page for Virtual ticket - product successfully",
              "fullTitle": "Verify setup product page Verify create product page for Virtual ticket - product successfully",
              "timedOut": null,
              "duration": 9624,
              "state": "passed",
              "speed": "medium",
              "pass": true,
              "fail": false,
              "pending": false,
              "context": null,
              "code": "loginManagePage.visit(infors.urlManage + 'events/' + infors.idProject + '/products');\nproductsManageSetupPage.clickAddBtn();\nproductSetupPage.inputProductForm('Virtual Ticket', ticketProName, true, false, priceTicket, maxTicket, 0);\nproductSetupPage.clickSaveBtn();\nproductsManageSetupPage.verifyNewProductIsCreated('Virtualticket', ticketProName, true, false, priceTicket, maxTicket, 0);",
              "err": {},
              "uuid": "bf2fc480-4857-4562-925d-6935d703fcab",
              "parentUUID": "efaa7328-6438-4eab-a3e3-a980743502e0",
              "isHook": false,
              "skipped": false
            },
            {
              "title": "Verify virutal ticket product can be used in frontend successfully ",
              "fullTitle": "Verify setup product page Verify virutal ticket product can be used in frontend successfully ",
              "timedOut": null,
              "duration": 10016,
              "state": "passed",
              "speed": "slow",
              "pass": true,
              "fail": false,
              "pending": false,
              "context": null,
              "code": "cy.forceVisit(infors.url);\nlet randomName = (0, _generalFunction.getRandomText)();\nlet randomLastName = (0, _generalFunction.getRandomText)();\nlet randomEmail = (0, _generalFunction.getRandomEmail)();\nlet randomPhone = (0, _generalFunction.getRandomNumber)();\nhomePage.clickPurchaseTickets();\nticketPage.verifyIsScreenSelectTickets();\nticketPage.verifyVirtualTicketNameIsAddedAndUsedInFrontEnd(ticketProName, priceTicket);\nticketPage.selectTicketName(ticketProName);\nticketPage.inputFormInforNameTc(ticketProName, randomName, randomLastName, randomEmail, randomPhone);\nticketPage.clickAddTicketName(ticketProName);\nticketPage.verifyTicketNameIsAdded(ticketProName, randomEmail, priceTicket);\nticketPage.selectAmountItem('$' + infors.amountTicket);\nticketPage.verifySummaryAmountForSelectTicketName(priceTicket, infors.amountTicket);",
              "err": {},
              "uuid": "5729f600-fa94-4b2d-a4c0-f18971e9a78f",
              "parentUUID": "efaa7328-6438-4eab-a3e3-a980743502e0",
              "isHook": false,
              "skipped": false
            },
            {
              "title": "Verify virutal update ticket product setup page and the changing apply to frontend",
              "fullTitle": "Verify setup product page Verify virutal update ticket product setup page and the changing apply to frontend",
              "timedOut": null,
              "duration": 37848,
              "state": "passed",
              "speed": "slow",
              "pass": true,
              "fail": false,
              "pending": false,
              "context": null,
              "code": "loginManagePage.visit(infors.urlManage);\nloginManagePage.inputloginForm(infors.emailAdmin, infors.passAdmin);\nloginManagePage.visit(infors.urlManage + 'events/' + infors.idProject + '/products');\nproductsManageSetupPage.clickEditButton(ticketProName);\nproductSetupPage.editProductForm(ticketProNameUpdate, false, false, priceTicketUpdate, maxTicketUpdate, 0);\nproductSetupPage.clickSaveBtn();\nproductsManageSetupPage.verifyNewProductIsCreated('Virtualticket', ticketProNameUpdate, false, false, priceTicketUpdate, maxTicketUpdate, 0);\ncy.forceVisit(infors.url);\nhomePage.clickPurchaseTickets();\nticketPage.verifyTheTicketIsNotExist(ticketProNameUpdate);\nlet randomName = (0, _generalFunction.getRandomText)();\nlet randomLastName = (0, _generalFunction.getRandomText)();\nlet randomEmail = (0, _generalFunction.getRandomEmail)();\nlet randomPhone = (0, _generalFunction.getRandomNumber)();\nloginManagePage.visit(infors.urlManage + 'events/' + infors.idProject + '/products');\nproductsManageSetupPage.clickEditButton(ticketProNameUpdate);\nproductSetupPage.editProductForm(ticketProNameUpdate, true, false, priceTicketUpdate, maxTicketUpdate, 0);\nproductSetupPage.clickSaveBtn();\nproductsManageSetupPage.verifyNewProductIsCreated('Virtualticket', ticketProNameUpdate, true, false, priceTicketUpdate, maxTicketUpdate, 0);\ncy.forceVisit(infors.url);\nhomePage.clickPurchaseTickets();\nticketPage.verifyIsScreenSelectTickets();\nticketPage.verifyVirtualTicketNameIsAddedAndUsedInFrontEnd(ticketProNameUpdate, priceTicketUpdate);\nticketPage.selectTicketName(ticketProNameUpdate);\nticketPage.inputFormInforNameTc(ticketProNameUpdate, randomName, randomLastName, randomEmail, randomPhone);\nticketPage.clickAddTicketName(ticketProNameUpdate);\nticketPage.verifyTicketNameIsAdded(ticketProNameUpdate, randomEmail, priceTicketUpdate);\nticketPage.selectAmountItem('$' + infors.amountTicket);\nticketPage.verifySummaryAmountForSelectTicketName(priceTicketUpdate, infors.amountTicket);",
              "err": {},
              "uuid": "74d2e99b-95c2-4ef4-b5b6-29e1087212bf",
              "parentUUID": "efaa7328-6438-4eab-a3e3-a980743502e0",
              "isHook": false,
              "skipped": false
            },
            {
              "title": "Verify delete virutal ticket product page successfully and the code can not be used for frontend",
              "fullTitle": "Verify setup product page Verify delete virutal ticket product page successfully and the code can not be used for frontend",
              "timedOut": null,
              "duration": 11852,
              "state": "passed",
              "speed": "slow",
              "pass": true,
              "fail": false,
              "pending": false,
              "context": null,
              "code": "loginManagePage.visit(infors.urlManage + 'events/' + infors.idProject + '/products');\nproductsManageSetupPage.clickDeleteButton(ticketProNameUpdate);\nproductsManageSetupPage.verifyProductPageIsNotExist(ticketProNameUpdate);\ncy.forceVisit(infors.url);\nhomePage.clickPurchaseTickets();\nticketPage.verifyTheTicketIsNotExist(ticketProNameUpdate);",
              "err": {},
              "uuid": "48e9dc5a-449b-4e22-abc7-94115d2c5f5d",
              "parentUUID": "efaa7328-6438-4eab-a3e3-a980743502e0",
              "isHook": false,
              "skipped": false
            }
          ],
          "suites": [],
          "passes": [
            "1ae57bfc-f5cc-4c4f-9511-b4a9e1de8652",
            "9508425e-90ab-4929-8e60-3b1de37e3f15",
            "66317658-9c8d-470c-ade1-14ffc1d6d777",
            "1a3b5979-5c3f-4277-a6c1-dc45771e37e2",
            "bf2fc480-4857-4562-925d-6935d703fcab",
            "5729f600-fa94-4b2d-a4c0-f18971e9a78f",
            "74d2e99b-95c2-4ef4-b5b6-29e1087212bf",
            "48e9dc5a-449b-4e22-abc7-94115d2c5f5d"
          ],
          "failures": [],
          "pending": [],
          "skipped": [],
          "duration": 141321,
          "root": false,
          "rootEmpty": false,
          "_timeout": 2000
        }
      ],
      "passes": [],
      "failures": [],
      "pending": [],
      "skipped": [],
      "duration": 0,
      "root": true,
      "rootEmpty": true,
      "_timeout": 2000
    }
  ],
  "meta": {
    "mocha": {
      "version": "7.0.1"
    },
    "mochawesome": {
      "options": {
        "quiet": false,
        "reportFilename": "mochawesome",
        "saveHtml": false,
        "saveJson": true,
        "consoleReporter": "spec",
        "useInlineDiffs": false,
        "code": true
      },
      "version": "7.1.3"
    },
    "marge": {
      "options": {
        "id": "default",
        "reportDir": "cypress/reports/mocha",
        "quite": true,
        "overwrite": false,
        "html": false,
        "json": true,
        "embeddedScreenshots": true,
        "inlineAssets": true,
        "reportPageTitle": "Cypress Tests"
      },
      "version": "6.2.0"
    }
  }
}