{
  "stats": {
    "suites": 1,
    "tests": 5,
    "passes": 3,
    "pending": 0,
    "failures": 2,
    "start": "2022-12-11T19:22:49.370Z",
    "end": "2022-12-11T19:31:08.730Z",
    "duration": 499360,
    "testsRegistered": 5,
    "passPercent": 60,
    "pendingPercent": 0,
    "other": 0,
    "hasOther": false,
    "skipped": 0,
    "hasSkipped": false
  },
  "results": [
    {
      "uuid": "2831671b-e92b-48e9-989e-baab2502df8e",
      "title": "",
      "fullFile": "cypress\\e2e\\1-getting-started\\testcases\\setUpPageInSettingTicket.cy.js",
      "file": "cypress\\e2e\\1-getting-started\\testcases\\setUpPageInSettingTicket.cy.js",
      "beforeHooks": [],
      "afterHooks": [],
      "tests": [],
      "suites": [
        {
          "uuid": "8d7aea4f-13c7-49b1-955f-d4ff7006c8b1",
          "title": "Verify setup setting - ticket page",
          "fullFile": "",
          "file": "",
          "beforeHooks": [],
          "afterHooks": [],
          "tests": [
            {
              "title": "Verify update setting - ticket page successfully",
              "fullTitle": "Verify setup setting - ticket page Verify update setting - ticket page successfully",
              "timedOut": null,
              "duration": 9286,
              "state": "passed",
              "speed": "medium",
              "pass": true,
              "fail": false,
              "pending": false,
              "context": null,
              "code": "loginManagePage.visit(infors.urlManage + 'events/' + infors.idProject + '/donation');\nsettingSetupPage.openSettingTicketPage();\nticketsSettingPage.inputTicketSetingForm(title, name, promo, teamselectiont, teamCreatetitle, donatitle, true, true, orderLb, donaLb);\nticketsSettingPage.clickSaveButton();\nticketsSettingPage.verifySaveSuccessfully();\nticketsSettingPage.clickOKButton();",
              "err": {},
              "uuid": "e234ccfe-48ed-4f93-9ad2-bb7394c6bd40",
              "parentUUID": "8d7aea4f-13c7-49b1-955f-d4ff7006c8b1",
              "isHook": false,
              "skipped": false
            },
            {
              "title": "Verify ticket setting enable apply to ticket frontend with all options ",
              "fullTitle": "Verify setup setting - ticket page Verify ticket setting enable apply to ticket frontend with all options ",
              "timedOut": null,
              "duration": 78853,
              "state": "failed",
              "speed": null,
              "pass": false,
              "fail": true,
              "pending": false,
              "context": "[\n  \"screenshots/setUpPageInSettingTicket.cy.js/Verify setup setting - ticket page -- Verify ticket setting enable apply to ticket frontend with all options  (failed).png\",\n  \"videos/setUpPageInSettingTicket.cy.js.mp4\"\n]",
              "code": "cy.forceVisit(infors.url);\nlet randomName = (0, _generalFunction.getRandomText)();\nlet randomLastName = (0, _generalFunction.getRandomText)();\nlet randomEmail = (0, _generalFunction.getRandomEmail)();\nlet randomPhone = (0, _generalFunction.getRandomNumber)();\nhomePage.clickPurchaseTickets();\nticketPage.verifyIsScreenSelectTickets(name);\nticketPage.verifyTicketGetCorrectInforFromTicketSetingForm(title, name, promo, teamselectiont, teamCreatetitle, donatitle, true, true, orderLb, donaLb);\nticketPage.selectTestTicket(0);\nticketPage.verifyFormInforTc(0);\nticketPage.selectNoteam();\nticketPage.inputFormInforTc(0, randomName, randomLastName, randomEmail, randomPhone);\nticketPage.clickAddTicket(0, name);\nticketPage.verifyTicketIsAdded(0, randomEmail, name);\nticketPage.selectAmountItem('$' + infors.amountTicket);\nticketPage.verifySummaryAmountSetup(true, false, infors.amountTicket, 0, donaLb);\nticketPage.clickButtonNext();\ndonationsAddressPage.inputAddressInforTickets(user.company, user.address1, user.address2, user.city, user.state, user.zip);\ndonationsAddressPage.clickNextButton();\ndonationsPaymentPage.inputCreditCardTicket(infors.creditCardNumber, infors.creditCardVCV);\ndonationsPaymentPage.clickPurchase();\ndonationsPaymentPage.verifyTransactionTicketsFinish();",
              "err": {
                "message": "AssertionError: Timed out retrying after 60000ms: Expected to find content: 'Total: $108' within the element: [ <span>, 19 more... ] but never did.",
                "estack": "AssertionError: Timed out retrying after 60000ms: Expected to find content: 'Total: $108' within the element: [ <span>, 19 more... ] but never did.\n    at TicketPage.verifySummaryAmountSetup (webpack:///./cypress/e2e/1-getting-started/Pages/ticketPage.ts:203:65)\n    at Context.eval (webpack:///./cypress/e2e/1-getting-started/testcases/setUpPageInSettingTicket.cy.js:68:19)",
                "diff": null
              },
              "uuid": "52db330c-7665-4b23-8b53-58b2b73314b3",
              "parentUUID": "8d7aea4f-13c7-49b1-955f-d4ff7006c8b1",
              "isHook": false,
              "skipped": false
            },
            {
              "title": "update setting - ticket to setting ticket page with no select option successfully",
              "fullTitle": "Verify setup setting - ticket page update setting - ticket to setting ticket page with no select option successfully",
              "timedOut": null,
              "duration": 8788,
              "state": "passed",
              "speed": "medium",
              "pass": true,
              "fail": false,
              "pending": false,
              "context": null,
              "code": "loginManagePage.visit(infors.urlManage + 'events/' + infors.idProject + '/donation');\nsettingSetupPage.openSettingTicketPage();\nticketsSettingPage.inputTicketSetingForm(\"\", \"\", \"\", \"\", \"\", \"\", false, false, \"\", \"\");\nticketsSettingPage.clickSaveButton();\nticketsSettingPage.verifySaveSuccessfully();\nticketsSettingPage.clickOKButton();",
              "err": {},
              "uuid": "cf8bd886-8804-498c-b065-afbd4f664c85",
              "parentUUID": "8d7aea4f-13c7-49b1-955f-d4ff7006c8b1",
              "isHook": false,
              "skipped": false
            },
            {
              "title": "Verify ticket setting enable apply to ticket frontend with no select options ",
              "fullTitle": "Verify setup setting - ticket page Verify ticket setting enable apply to ticket frontend with no select options ",
              "timedOut": null,
              "duration": 80329,
              "state": "failed",
              "speed": null,
              "pass": false,
              "fail": true,
              "pending": false,
              "context": "[\n  \"screenshots/setUpPageInSettingTicket.cy.js/Verify setup setting - ticket page -- Verify ticket setting enable apply to ticket frontend with no select options  (failed).png\",\n  \"videos/setUpPageInSettingTicket.cy.js.mp4\"\n]",
              "code": "cy.forceVisit(infors.url);\nlet randomName = (0, _generalFunction.getRandomText)();\nlet randomLastName = (0, _generalFunction.getRandomText)();\nlet randomEmail = (0, _generalFunction.getRandomEmail)();\nlet randomPhone = (0, _generalFunction.getRandomNumber)();\nhomePage.clickPurchaseTickets();\nticketPage.verifyIsScreenSelectTickets();\nticketPage.verifyTicketGetCorrectInforFromTicketSetingForm(\"\", \"Ticket\", \"Have a promo code?\", \"Select your team (Optional)\", \"New Team\", \"Add a donation!\", false, false, \"Order Summary\", \"Donation of\");\nticketPage.selectTestTicket(0);\nticketPage.verifyFormInforTc(0);\nticketPage.inputFormInforTc(0, randomName, randomLastName, randomEmail, randomPhone);\nticketPage.clickAddTicket(0);\nticketPage.verifyTicketIsAdded(0, randomEmail);\nticketPage.verifySummaryAmountSetup(true, false, 0, 0, donaLb);\nticketPage.clickButtonNext();\ndonationsAddressPage.inputAddressInforTickets(user.company, user.address1, user.address2, user.city, user.state, user.zip);\ndonationsAddressPage.clickNextButton();\ndonationsPaymentPage.inputCreditCardTicket(infors.creditCardNumber, infors.creditCardVCV);\ndonationsPaymentPage.clickPurchase();\ndonationsPaymentPage.verifyTransactionTicketsFinish();",
              "err": {
                "message": "AssertionError: Timed out retrying after 60000ms: Expected to find content: 'Total: $33' within the element: [ <span>, 18 more... ] but never did.",
                "estack": "AssertionError: Timed out retrying after 60000ms: Expected to find content: 'Total: $33' within the element: [ <span>, 18 more... ] but never did.\n    at TicketPage.verifySummaryAmountSetup (webpack:///./cypress/e2e/1-getting-started/Pages/ticketPage.ts:203:65)\n    at Context.eval (webpack:///./cypress/e2e/1-getting-started/testcases/setUpPageInSettingTicket.cy.js:104:19)",
                "diff": null
              },
              "uuid": "5e36f8db-3253-4e43-89d9-ce3096502aa7",
              "parentUUID": "8d7aea4f-13c7-49b1-955f-d4ff7006c8b1",
              "isHook": false,
              "skipped": false
            },
            {
              "title": "update setting - ticket to default page successfully",
              "fullTitle": "Verify setup setting - ticket page update setting - ticket to default page successfully",
              "timedOut": null,
              "duration": 9685,
              "state": "passed",
              "speed": "medium",
              "pass": true,
              "fail": false,
              "pending": false,
              "context": null,
              "code": "loginManagePage.visit(infors.urlManage + 'events/' + infors.idProject + '/donation');\nsettingSetupPage.openSettingTicketPage();\nticketsSettingPage.inputTicketSetingForm(\"\", \"\", \"\", \"\", \"\", \"\", true, true, \"\", \"\");\nticketsSettingPage.clickSaveButton();\nticketsSettingPage.verifySaveSuccessfully();\nticketsSettingPage.clickOKButton();",
              "err": {},
              "uuid": "09c6b5cd-4689-4643-bbe6-7d553e268683",
              "parentUUID": "8d7aea4f-13c7-49b1-955f-d4ff7006c8b1",
              "isHook": false,
              "skipped": false
            }
          ],
          "suites": [],
          "passes": [
            "e234ccfe-48ed-4f93-9ad2-bb7394c6bd40",
            "cf8bd886-8804-498c-b065-afbd4f664c85",
            "09c6b5cd-4689-4643-bbe6-7d553e268683"
          ],
          "failures": [
            "52db330c-7665-4b23-8b53-58b2b73314b3",
            "5e36f8db-3253-4e43-89d9-ce3096502aa7"
          ],
          "pending": [],
          "skipped": [],
          "duration": 186941,
          "root": false,
          "rootEmpty": false,
          "_timeout": 2000
        }
      ],
      "passes": [],
      "failures": [],
      "pending": [],
      "skipped": [],
      "duration": 0,
      "root": true,
      "rootEmpty": true,
      "_timeout": 2000
    }
  ],
  "meta": {
    "mocha": {
      "version": "7.0.1"
    },
    "mochawesome": {
      "options": {
        "quiet": false,
        "reportFilename": "mochawesome",
        "saveHtml": false,
        "saveJson": true,
        "consoleReporter": "spec",
        "useInlineDiffs": false,
        "code": true
      },
      "version": "7.1.3"
    },
    "marge": {
      "options": {
        "id": "default",
        "reportDir": "cypress/reports/mocha",
        "quite": true,
        "overwrite": false,
        "html": false,
        "json": true,
        "embeddedScreenshots": true,
        "inlineAssets": true,
        "reportPageTitle": "Cypress Tests"
      },
      "version": "6.2.0"
    }
  }
}