{
  "stats": {
    "suites": 1,
    "tests": 4,
    "passes": 4,
    "pending": 0,
    "failures": 0,
    "start": "2022-12-04T01:25:34.462Z",
    "end": "2022-12-04T01:26:43.157Z",
    "duration": 68695,
    "testsRegistered": 4,
    "passPercent": 100,
    "pendingPercent": 0,
    "other": 0,
    "hasOther": false,
    "skipped": 0,
    "hasSkipped": false
  },
  "results": [
    {
      "uuid": "37c0ca03-4d96-4d88-b099-125262523941",
      "title": "",
      "fullFile": "cypress\\e2e\\1-getting-started\\testcases\\setUpPageInSponsorProducts.cy.js",
      "file": "cypress\\e2e\\1-getting-started\\testcases\\setUpPageInSponsorProducts.cy.js",
      "beforeHooks": [],
      "afterHooks": [],
      "tests": [],
      "suites": [
        {
          "uuid": "57c830ed-de53-46d0-afe0-34d30cb80f2e",
          "title": "Verify setup product page for sponsor ",
          "fullFile": "",
          "file": "",
          "beforeHooks": [],
          "afterHooks": [],
          "tests": [
            {
              "title": "Verify create product page for  sponsor - product successfully",
              "fullTitle": "Verify setup product page for sponsor  Verify create product page for  sponsor - product successfully",
              "timedOut": null,
              "duration": 11966,
              "state": "passed",
              "speed": "slow",
              "pass": true,
              "fail": false,
              "pending": false,
              "context": null,
              "code": "loginManagePage.visit(infors.urlManage + 'events/' + infors.idProject + '/products');\nproductsManageSetupPage.clickAddBtn();\nproductSetupPage.inputProductForm('Sponsorship', proName, true, false, proPrice, maxPro, 0);\nproductSetupPage.clickSaveBtn();\nproductsManageSetupPage.verifyNewProductIsCreated('Sponsorship', proName, true, false, proPrice, maxPro, 0);",
              "err": {},
              "uuid": "535170ee-d75d-4af0-a423-fcf9ec7e3bc2",
              "parentUUID": "57c830ed-de53-46d0-afe0-34d30cb80f2e",
              "isHook": false,
              "skipped": false
            },
            {
              "title": "Verify sponsor product can be used in frontend successfully ",
              "fullTitle": "Verify setup product page for sponsor  Verify sponsor product can be used in frontend successfully ",
              "timedOut": null,
              "duration": 7080,
              "state": "passed",
              "speed": "medium",
              "pass": true,
              "fail": false,
              "pending": false,
              "context": null,
              "code": "cy.forceVisit(infors.url);\nhomePage.clickChooseASponsorshipButton();\nsponsorshipPage.verifySponsorNameExist(proName, proPrice);\nsponsorshipPage.clickSponsorItem(proName);\nsponsorshipPage.selectPersonReceiveCredit(infors.personRecieveCredit);\nsponsorshipPage.clickButtonNext();",
              "err": {},
              "uuid": "6406d3e6-2126-4dea-a124-49535ad36d84",
              "parentUUID": "57c830ed-de53-46d0-afe0-34d30cb80f2e",
              "isHook": false,
              "skipped": false
            },
            {
              "title": "Verify  update sponsor product setup page and the changing apply to frontend",
              "fullTitle": "Verify setup product page for sponsor  Verify  update sponsor product setup page and the changing apply to frontend",
              "timedOut": null,
              "duration": 34432,
              "state": "passed",
              "speed": "slow",
              "pass": true,
              "fail": false,
              "pending": false,
              "context": null,
              "code": "loginManagePage.visit(infors.urlManage + 'events/' + infors.idProject + '/products');\nproductsManageSetupPage.clickEditButton(proName);\nproductSetupPage.editProductForm(proNameUpdate, false, false, priceUpdate, maxUpdate, 0);\nproductSetupPage.clickSaveBtn();\nproductsManageSetupPage.verifyNewProductIsCreated('Sponsorship', proNameUpdate, false, false, priceUpdate, maxUpdate, 0);\ncy.forceVisit(infors.url);\nhomePage.clickChooseASponsorshipButton();\nsponsorshipPage.verifySponsorNameNotExist(proNameUpdate);\nloginManagePage.visit(infors.urlManage + 'events/' + infors.idProject + '/products');\nproductsManageSetupPage.clickEditButton(proNameUpdate);\nproductSetupPage.editProductForm(proNameUpdate, true, false, priceUpdate, maxUpdate, 0);\nproductSetupPage.clickSaveBtn();\nproductsManageSetupPage.verifyNewProductIsCreated('Sponsorship', proNameUpdate, true, false, priceUpdate, maxUpdate, 0);\ncy.forceVisit(infors.url);\nhomePage.clickChooseASponsorshipButton();\nsponsorshipPage.verifySponsorNameExist(proNameUpdate, priceUpdate);\nsponsorshipPage.clickSponsorItem(proNameUpdate);\nsponsorshipPage.selectPersonReceiveCredit(infors.personRecieveCredit);\nsponsorshipPage.clickButtonNext();",
              "err": {},
              "uuid": "95cf2b8f-399a-4495-8bc0-803757abcb2d",
              "parentUUID": "57c830ed-de53-46d0-afe0-34d30cb80f2e",
              "isHook": false,
              "skipped": false
            },
            {
              "title": "Verify delete sponsor product page successfully and the code can not be used for frontend",
              "fullTitle": "Verify setup product page for sponsor  Verify delete sponsor product page successfully and the code can not be used for frontend",
              "timedOut": null,
              "duration": 12408,
              "state": "passed",
              "speed": "slow",
              "pass": true,
              "fail": false,
              "pending": false,
              "context": null,
              "code": "loginManagePage.visit(infors.urlManage + 'events/' + infors.idProject + '/products');\nproductsManageSetupPage.clickDeleteButton(proNameUpdate);\nproductsManageSetupPage.verifyProductPageIsNotExist(proNameUpdate);\ncy.forceVisit(infors.url);\nhomePage.clickChooseASponsorshipButton();\nsponsorshipPage.verifySponsorNameNotExist(proNameUpdate);",
              "err": {},
              "uuid": "32439fab-6f8e-4615-a583-890ec67f6933",
              "parentUUID": "57c830ed-de53-46d0-afe0-34d30cb80f2e",
              "isHook": false,
              "skipped": false
            }
          ],
          "suites": [],
          "passes": [
            "535170ee-d75d-4af0-a423-fcf9ec7e3bc2",
            "6406d3e6-2126-4dea-a124-49535ad36d84",
            "95cf2b8f-399a-4495-8bc0-803757abcb2d",
            "32439fab-6f8e-4615-a583-890ec67f6933"
          ],
          "failures": [],
          "pending": [],
          "skipped": [],
          "duration": 65886,
          "root": false,
          "rootEmpty": false,
          "_timeout": 2000
        }
      ],
      "passes": [],
      "failures": [],
      "pending": [],
      "skipped": [],
      "duration": 0,
      "root": true,
      "rootEmpty": true,
      "_timeout": 2000
    }
  ],
  "meta": {
    "mocha": {
      "version": "7.0.1"
    },
    "mochawesome": {
      "options": {
        "quiet": false,
        "reportFilename": "mochawesome",
        "saveHtml": false,
        "saveJson": true,
        "consoleReporter": "spec",
        "useInlineDiffs": false,
        "code": true
      },
      "version": "7.1.3"
    },
    "marge": {
      "options": {
        "id": "default",
        "reportDir": "cypress/reports/mocha",
        "quite": true,
        "overwrite": false,
        "html": false,
        "json": true,
        "embeddedScreenshots": true,
        "inlineAssets": true,
        "reportPageTitle": "Cypress Tests"
      },
      "version": "6.2.0"
    }
  }
}