{
  "stats": {
    "suites": 1,
    "tests": 2,
    "passes": 2,
    "pending": 0,
    "failures": 0,
    "start": "2022-12-11T19:48:01.077Z",
    "end": "2022-12-11T19:48:27.824Z",
    "duration": 26747,
    "testsRegistered": 2,
    "passPercent": 100,
    "pendingPercent": 0,
    "other": 0,
    "hasOther": false,
    "skipped": 0,
    "hasSkipped": false
  },
  "results": [
    {
      "uuid": "b620e1ce-5d9a-4ddd-aee9-cd6e7c627e9a",
      "title": "",
      "fullFile": "cypress\\e2e\\1-getting-started\\testcases\\specificUser.cy.js",
      "file": "cypress\\e2e\\1-getting-started\\testcases\\specificUser.cy.js",
      "beforeHooks": [],
      "afterHooks": [],
      "tests": [],
      "suites": [
        {
          "uuid": "5c7efa35-9431-4778-8dec-9a2438c4ecc7",
          "title": "Verify user page",
          "fullFile": "",
          "file": "",
          "beforeHooks": [],
          "afterHooks": [],
          "tests": [
            {
              "title": "Verify user in Top Fundraisers board has correct fuctions in user page",
              "fullTitle": "Verify user page Verify user in Top Fundraisers board has correct fuctions in user page",
              "timedOut": null,
              "duration": 15952,
              "state": "passed",
              "speed": "slow",
              "pass": true,
              "fail": false,
              "pending": false,
              "context": null,
              "code": "cy.visit(infors.url);\ncy.wait(5000);\nhomePage.clickFirstUserInTopFundraiser();\nusersPage.VerifyGiveNowButtonHasCorrectAction(infors.urlAction);\nusersPage.verifyPurchaseTicketsButtonHasCorrectAction(infors.urlAction);\nusersPage.verifyBecomeASponsorshipButtonHasCorrectAction(infors.urlAction);\nusersPage.verifyBecomeAHostButtonHasCorrectAction(infors.urlAction);\nusersPage.verifyBecomeAFundraiserButtonHasCorrectAction(infors.urlCheckoutAction);\nusersPage.verifyUIShowDonorInfo();",
              "err": {},
              "uuid": "6e447848-1288-4cc0-9009-55241a79f200",
              "parentUUID": "5c7efa35-9431-4778-8dec-9a2438c4ecc7",
              "isHook": false,
              "skipped": false
            },
            {
              "title": "verify user in Most Social board has correct fuctions in user page",
              "fullTitle": "Verify user page verify user in Most Social board has correct fuctions in user page",
              "timedOut": null,
              "duration": 8994,
              "state": "passed",
              "speed": "medium",
              "pass": true,
              "fail": false,
              "pending": false,
              "context": null,
              "code": "cy.visit(infors.url);\ncy.wait(5000);\nhomePage.clickFirstUserInTopFundraiser();\nusersPage.VerifyGiveNowButtonHasCorrectAction(infors.urlAction);\nusersPage.verifyPurchaseTicketsButtonHasCorrectAction(infors.urlAction);\nusersPage.verifyBecomeASponsorshipButtonHasCorrectAction(infors.urlAction);\nusersPage.verifyBecomeAHostButtonHasCorrectAction(infors.urlAction);\nusersPage.verifyBecomeAFundraiserButtonHasCorrectAction(infors.urlCheckoutAction);\nusersPage.verifyUIShowDonorInfo();",
              "err": {},
              "uuid": "e945d104-2dee-4212-a6d1-a96c1ffa9258",
              "parentUUID": "5c7efa35-9431-4778-8dec-9a2438c4ecc7",
              "isHook": false,
              "skipped": false
            }
          ],
          "suites": [],
          "passes": [
            "6e447848-1288-4cc0-9009-55241a79f200",
            "e945d104-2dee-4212-a6d1-a96c1ffa9258"
          ],
          "failures": [],
          "pending": [],
          "skipped": [],
          "duration": 24946,
          "root": false,
          "rootEmpty": false,
          "_timeout": 2000
        }
      ],
      "passes": [],
      "failures": [],
      "pending": [],
      "skipped": [],
      "duration": 0,
      "root": true,
      "rootEmpty": true,
      "_timeout": 2000
    }
  ],
  "meta": {
    "mocha": {
      "version": "7.0.1"
    },
    "mochawesome": {
      "options": {
        "quiet": false,
        "reportFilename": "mochawesome",
        "saveHtml": false,
        "saveJson": true,
        "consoleReporter": "spec",
        "useInlineDiffs": false,
        "code": true
      },
      "version": "7.1.3"
    },
    "marge": {
      "options": {
        "id": "default",
        "reportDir": "cypress/reports/mocha",
        "quite": true,
        "overwrite": false,
        "html": false,
        "json": true,
        "embeddedScreenshots": true,
        "inlineAssets": true,
        "reportPageTitle": "Cypress Tests"
      },
      "version": "6.2.0"
    }
  }
}