{
  "stats": {
    "suites": 1,
    "tests": 1,
    "passes": 1,
    "pending": 0,
    "failures": 0,
    "start": "2022-12-04T01:24:31.280Z",
    "end": "2022-12-04T01:24:44.171Z",
    "duration": 12891,
    "testsRegistered": 1,
    "passPercent": 100,
    "pendingPercent": 0,
    "other": 0,
    "hasOther": false,
    "skipped": 0,
    "hasSkipped": false
  },
  "results": [
    {
      "uuid": "28b32fe8-315a-4ffa-be6f-90a77f228a55",
      "title": "",
      "fullFile": "cypress\\e2e\\1-getting-started\\testcases\\setUpPageInSocialNetworks.cy.js",
      "file": "cypress\\e2e\\1-getting-started\\testcases\\setUpPageInSocialNetworks.cy.js",
      "beforeHooks": [],
      "afterHooks": [],
      "tests": [],
      "suites": [
        {
          "uuid": "acad2a6b-f5cd-4460-b222-edc53491a46d",
          "title": "Verify setup social network page",
          "fullFile": "",
          "file": "",
          "beforeHooks": [],
          "afterHooks": [],
          "tests": [
            {
              "title": "Verify update social network page successfully and enable to use on frontend",
              "fullTitle": "Verify setup social network page Verify update social network page successfully and enable to use on frontend",
              "timedOut": null,
              "duration": 11011,
              "state": "passed",
              "speed": "slow",
              "pass": true,
              "fail": false,
              "pending": false,
              "context": null,
              "code": "loginManagePage.visit(infors.urlManage + 'events/' + infors.idProject + '/social/settings');\nsocialNetworkManageSetupPage.inputFormInfor(facebookID, twitterUsername, socialHashtag, message);\nsocialNetworkManageSetupPage.clickSaveChangesBtn();\nsocialNetworkManageSetupPage.verifySaveSuccessfully();\ncy.reload();\nsocialNetworkManageSetupPage.verifyUpdateFormSuccess(facebookID, twitterUsername, socialHashtag, message);\ncy.forceVisit(infors.url);\nhomePage.verifyTweetTagCorrect(socialHashtag);",
              "err": {},
              "uuid": "fa7e7368-7e81-4300-807d-5080538ae346",
              "parentUUID": "acad2a6b-f5cd-4460-b222-edc53491a46d",
              "isHook": false,
              "skipped": false
            }
          ],
          "suites": [],
          "passes": [
            "fa7e7368-7e81-4300-807d-5080538ae346"
          ],
          "failures": [],
          "pending": [],
          "skipped": [],
          "duration": 11011,
          "root": false,
          "rootEmpty": false,
          "_timeout": 2000
        }
      ],
      "passes": [],
      "failures": [],
      "pending": [],
      "skipped": [],
      "duration": 0,
      "root": true,
      "rootEmpty": true,
      "_timeout": 2000
    }
  ],
  "meta": {
    "mocha": {
      "version": "7.0.1"
    },
    "mochawesome": {
      "options": {
        "quiet": false,
        "reportFilename": "mochawesome",
        "saveHtml": false,
        "saveJson": true,
        "consoleReporter": "spec",
        "useInlineDiffs": false,
        "code": true
      },
      "version": "7.1.3"
    },
    "marge": {
      "options": {
        "id": "default",
        "reportDir": "cypress/reports/mocha",
        "quite": true,
        "overwrite": false,
        "html": false,
        "json": true,
        "embeddedScreenshots": true,
        "inlineAssets": true,
        "reportPageTitle": "Cypress Tests"
      },
      "version": "6.2.0"
    }
  }
}