{
  "stats": {
    "suites": 1,
    "tests": 17,
    "passes": 17,
    "pending": 0,
    "failures": 0,
    "start": "2022-12-03T03:21:54.668Z",
    "end": "2022-12-03T03:22:13.098Z",
    "duration": 18430,
    "testsRegistered": 17,
    "passPercent": 100,
    "pendingPercent": 0,
    "other": 0,
    "hasOther": false,
    "skipped": 0,
    "hasSkipped": false
  },
  "results": [
    {
      "uuid": "dd5ef732-c65d-4bea-a97e-24b7ce2c61bb",
      "title": "",
      "fullFile": "cypress\\e2e\\1-getting-started\\testcases\\1preDataForTest.cy.js",
      "file": "cypress\\e2e\\1-getting-started\\testcases\\1preDataForTest.cy.js",
      "beforeHooks": [],
      "afterHooks": [],
      "tests": [],
      "suites": [
        {
          "uuid": "e0ce18f1-5079-4e8a-97ce-e097f605be98",
          "title": "Prepare new data for event testing",
          "fullFile": "",
          "file": "",
          "beforeHooks": [],
          "afterHooks": [],
          "tests": [
            {
              "title": "check if need set up pre data",
              "fullTitle": "Prepare new data for event testing check if need set up pre data",
              "timedOut": null,
              "duration": 6618,
              "state": "passed",
              "speed": "medium",
              "pass": true,
              "fail": false,
              "pending": false,
              "context": null,
              "code": "loginManagePage.visit(infors.urlManage + 'events/' + infors.idProject);\ncy.get(\"body\").then($body => {\n  if ($body.text().includes(\"Is Your Site Ready?\")) needSetup = true;else needSetup = false;\n});\nconsole.log(\"needSetup :\" + needSetup);",
              "err": {},
              "uuid": "9c91357e-0b1b-4acd-bb8f-b390e0b39bfc",
              "parentUUID": "e0ce18f1-5079-4e8a-97ce-e097f605be98",
              "isHook": false,
              "skipped": false
            },
            {
              "title": "Set up detail page for pre data",
              "fullTitle": "Prepare new data for event testing Set up detail page for pre data",
              "timedOut": null,
              "duration": 493,
              "state": "passed",
              "speed": "fast",
              "pass": true,
              "fail": false,
              "pending": false,
              "context": null,
              "code": "if (!needSetup) return;\nlet noneProfitName = (0, _generalFunction.getRandomText)();\nlet name = (0, _generalFunction.getRandomText)();\nlet desc = (0, _generalFunction.getRandomText)();\nlet dateCurrent = (0, _generalFunction.getCurrentDateTime)();\nlet time = (0, _generalFunction.getCurrentTime)();\nlet location = (0, _generalFunction.getRandomLocation)();\ndetailSetupPage.visit(infors.urlManage + 'events/' + infors.idProject + '/details');\ndetailSetupPage.inputNonProfitNameDetails(noneProfitName);\ndetailSetupPage.inputNameEventDetails(name);\ndetailSetupPage.inputDescriptionEventDetails(desc);\ndetailSetupPage.inputDateEventDetails(dateCurrent);\ndetailSetupPage.inputTimeEventDetails(time);\ndetailSetupPage.inputLocationEventDetails(location);\ndetailSetupPage.clickSaveBtn();\ndetailSetupPage.VerifyUpdateFormSuccess();\ncy.reload();",
              "err": {},
              "uuid": "2b1fed11-c88a-4e06-a34d-a20ecce21a60",
              "parentUUID": "e0ce18f1-5079-4e8a-97ce-e097f605be98",
              "isHook": false,
              "skipped": false
            },
            {
              "title": "Setup Branding image for pre data",
              "fullTitle": "Prepare new data for event testing Setup Branding image for pre data",
              "timedOut": null,
              "duration": 488,
              "state": "passed",
              "speed": "fast",
              "pass": true,
              "fail": false,
              "pending": false,
              "context": null,
              "code": "if (!needSetup) return;\nbranchSetupPage.visit(infors.urlManage + 'events/' + infors.idProject + '/branding');\nbranchSetupPage.verifyHaveAllUploadImages();\nbranchSetupPage.verifyUnableToUploadWrongSizeImage();\nbranchSetupPage.verifyEnableToUploadCorrectSizeImage();\nbranchSetupPage.clickSaveBtn();",
              "err": {},
              "uuid": "d70b2a45-3876-4191-a315-7a2e54bfc41a",
              "parentUUID": "e0ce18f1-5079-4e8a-97ce-e097f605be98",
              "isHook": false,
              "skipped": false
            },
            {
              "title": "Setup social Network for pre data",
              "fullTitle": "Prepare new data for event testing Setup social Network for pre data",
              "timedOut": null,
              "duration": 463,
              "state": "passed",
              "speed": "fast",
              "pass": true,
              "fail": false,
              "pending": false,
              "context": null,
              "code": "if (!needSetup) return;\nlet facebookID = (0, _generalFunction.getRandomText)();\nlet twitterUsername = (0, _generalFunction.getRandomText)();\nlet socialHashtag = (0, _generalFunction.getRandomText)();\nlet message = (0, _generalFunction.getRandomText)();\nloginManagePage.visit(infors.urlManage + 'events/' + infors.idProject + '/social/settings');\nsocialNetworkManageSetupPage.inputFormInfor(facebookID, twitterUsername, socialHashtag, message);\nsocialNetworkManageSetupPage.clickSaveChangesBtn();\nsocialNetworkManageSetupPage.verifySaveSuccessfully();",
              "err": {},
              "uuid": "a2169e9d-a1cc-478f-92de-9e32b5c5d67a",
              "parentUUID": "e0ce18f1-5079-4e8a-97ce-e097f605be98",
              "isHook": false,
              "skipped": false
            },
            {
              "title": "Setup coupon page for pre data",
              "fullTitle": "Prepare new data for event testing Setup coupon page for pre data",
              "timedOut": null,
              "duration": 519,
              "state": "passed",
              "speed": "fast",
              "pass": true,
              "fail": false,
              "pending": false,
              "context": null,
              "code": "if (!needSetup) return;\nloginManagePage.visit(infors.urlManage + 'events/' + infors.idProject + '/coupons');\ncouponManageSetupPage.clickAddBtn();\ncouponSetupPage.inputFormCoupon(infors.PreCouponsCode, infors.PreCouponsPercent);\ncouponSetupPage.clickSaveBtn();\ncouponManageSetupPage.clickOKButton();\ncouponManageSetupPage.verifyCounponPageIsExist(infors.PreCouponsCode, infors.PreCouponsPercent);",
              "err": {},
              "uuid": "9dd19ef0-fa48-4863-a040-5faf8014eb44",
              "parentUUID": "e0ce18f1-5079-4e8a-97ce-e097f605be98",
              "isHook": false,
              "skipped": false
            },
            {
              "title": "Setup products for pre data",
              "fullTitle": "Prepare new data for event testing Setup products for pre data",
              "timedOut": null,
              "duration": 494,
              "state": "passed",
              "speed": "fast",
              "pass": true,
              "fail": false,
              "pending": false,
              "context": null,
              "code": "if (!needSetup) return;\nloginManagePage.visit(infors.urlManage + 'events/' + infors.idProject + '/products');\nproductsManageSetupPage.clickAddBtn();\nproductSetupPage.inputProductForm('Ticket', infors.ticketName, true, false, infors.ticketPrice, infors.maxTicket, 0);\nproductSetupPage.clickSaveBtn();\nproductsManageSetupPage.verifyNewProductIsCreated('Ticket', infors.ticketName, true, false, infors.ticketPrice, infors.maxTicket, 0);\nproductsManageSetupPage.clickAddBtn();\nproductSetupPage.inputProductForm('Ticket', infors.virtualTicketName, true, false, infors.virtualTicketPrice, infors.maxTicket, 0);\nproductSetupPage.clickSaveBtn();\nproductsManageSetupPage.verifyNewProductIsCreated('Ticket', infors.virtualTicketName, true, false, infors.virtualTicketPrice, infors.maxTicket, 0);\nproductsManageSetupPage.clickAddBtn();\nproductSetupPage.inputProductForm('Sponsorship', infors.sponsorItemName, true, false, infors.sponsorItemPice, infors.maxTicket, 0);\nproductSetupPage.clickSaveBtn();\nproductsManageSetupPage.verifyNewProductIsCreated('Sponsorship', infors.sponsorItemName, true, false, infors.sponsorItemPice, infors.maxTicket, 0);\nproductsManageSetupPage.clickAddBtn();\nproductSetupPage.inputProductForm('Table/Team', infors.tableItem, true, false, infors.tablePriceNumber, infors.maxTicket, 2, \"Virtual Test Ticket (51.00)\");\nproductSetupPage.clickSaveBtn();\nproductsManageSetupPage.verifyNewProductIsCreated('Table', infors.tableItem, true, false, \"1,201\", infors.maxTicket, 2, \"Virtual Test Ticket\");",
              "err": {},
              "uuid": "6a583f81-54ac-4761-ac66-d9c4e8c19cb1",
              "parentUUID": "e0ce18f1-5079-4e8a-97ce-e097f605be98",
              "isHook": false,
              "skipped": false
            },
            {
              "title": "Verify create comps ticket page successfully",
              "fullTitle": "Prepare new data for event testing Verify create comps ticket page successfully",
              "timedOut": null,
              "duration": 483,
              "state": "passed",
              "speed": "fast",
              "pass": true,
              "fail": false,
              "pending": false,
              "context": null,
              "code": "if (!needSetup) return;\nlet code = (0, _generalFunction.getRandomText)();\nlet internalNote = (0, _generalFunction.getRandomText)();\nlet lname = (0, _generalFunction.getRandomText)();\nlet fname = (0, _generalFunction.getRandomText)();\nlet randomEmail = (0, _generalFunction.getRandomEmail)();\nloginManagePage.visit(infors.urlManage + 'events/' + infors.idProject + '/promos');\ncompManagePage.clickAddBtn();\ncompSetupPage.inputCompTicketsForm(code, \"Test Ticket\", 2, internalNote, lname, fname, randomEmail);\ncompSetupPage.clickSaveAndSendEmailButton();\ncompSetupPage.VerifyUpdateFormSuccess();\ncy.reload();\ncompManagePage.verifycompTicketIsExist(code, \"Test Ticket\", 2, internalNote, lname, fname, randomEmail);",
              "err": {},
              "uuid": "8bf0bfc5-6aa1-4324-9670-d937e2b9a0a3",
              "parentUUID": "e0ce18f1-5079-4e8a-97ce-e097f605be98",
              "isHook": false,
              "skipped": false
            },
            {
              "title": "Setup setting - donation page pre test ",
              "fullTitle": "Prepare new data for event testing Setup setting - donation page pre test ",
              "timedOut": null,
              "duration": 481,
              "state": "passed",
              "speed": "fast",
              "pass": true,
              "fail": false,
              "pending": false,
              "context": null,
              "code": "if (!needSetup) return;\nloginManagePage.visit(infors.urlManage + 'events/' + infors.idProject + '/donation');\nsettingSetupPage.openSettingDonationPage();\ndonationSettingPage.inputFormDonationSetting(\"\", 0, true, true, true, true, true, true, \"\", \"\", \"\", \"\", \"\", false, \"\", \"\", \"\");\ndonationSettingPage.clickSaveButton();\ndonationSettingPage.verifySaveSuccessfully();",
              "err": {},
              "uuid": "1b901c70-4d84-43b1-a5c0-0d5076f4a81f",
              "parentUUID": "e0ce18f1-5079-4e8a-97ce-e097f605be98",
              "isHook": false,
              "skipped": false
            },
            {
              "title": "Setup setting - ticket page pre test ",
              "fullTitle": "Prepare new data for event testing Setup setting - ticket page pre test ",
              "timedOut": null,
              "duration": 498,
              "state": "passed",
              "speed": "fast",
              "pass": true,
              "fail": false,
              "pending": false,
              "context": null,
              "code": "if (!needSetup) return;\nloginManagePage.visit(infors.urlManage + 'events/' + infors.idProject + '/donation');\nsettingSetupPage.openSettingTicketPage();\nticketsSettingPage.inputTicketSetingForm(\"\", \"\", \"\", \"\", \"\", \"\", true, true, \"\", \"\");\nticketsSettingPage.clickSaveButton();\nticketsSettingPage.verifySaveSuccessfully();\nticketsSettingPage.clickOKButton();",
              "err": {},
              "uuid": "f989f90e-a1d9-4445-80d1-80861394e9f5",
              "parentUUID": "e0ce18f1-5079-4e8a-97ce-e097f605be98",
              "isHook": false,
              "skipped": false
            },
            {
              "title": "Setup setting - sponsorship page pre test ",
              "fullTitle": "Prepare new data for event testing Setup setting - sponsorship page pre test ",
              "timedOut": null,
              "duration": 483,
              "state": "passed",
              "speed": "fast",
              "pass": true,
              "fail": false,
              "pending": false,
              "context": null,
              "code": "if (!needSetup) return;\nloginManagePage.visit(infors.urlManage + 'events/' + infors.idProject + '/donation');\nsettingSetupPage.openSettingSponsorshipPage();\nsponsorshipSettingPage.inputSponsorshipForm(\"\", \"\", \"Thank you for considering a sponsorship.<br>Please select the sponsorship type from the menu.<br>We will follow up about the details of your sponsorship package including your company logo,<br>complimentary tickets and additional perks.\");\nsponsorshipSettingPage.clickSaveBtn();\nsponsorshipSettingPage.verifySaveSuccessfully();\nsponsorshipSettingPage.clickOKButton();",
              "err": {},
              "uuid": "35c919eb-c273-45ef-8b47-878709121b52",
              "parentUUID": "e0ce18f1-5079-4e8a-97ce-e097f605be98",
              "isHook": false,
              "skipped": false
            },
            {
              "title": "Setup setting - Button pre test ",
              "fullTitle": "Prepare new data for event testing Setup setting - Button pre test ",
              "timedOut": null,
              "duration": 491,
              "state": "passed",
              "speed": "fast",
              "pass": true,
              "fail": false,
              "pending": false,
              "context": null,
              "code": "if (!needSetup) return;\nloginManagePage.visit(infors.urlManage);\nloginManagePage.inputloginForm(infors.emailAdmin, infors.passAdmin);\nloginManagePage.visit(infors.urlManage + 'events/' + infors.idProject + '/donation');\nsettingSetupPage.openSettingButtonPage();\nbuttonSettingPage.inputGeneralButtonSetting(\"\", \"\", \"\", \"\", \"\", true);\nbuttonSettingPage.clickSaveButton();\nbuttonSettingPage.verifySaveSuccessfully();",
              "err": {},
              "uuid": "fb659d00-4247-4772-bb92-b61f9b701e77",
              "parentUUID": "e0ce18f1-5079-4e8a-97ce-e097f605be98",
              "isHook": false,
              "skipped": false
            },
            {
              "title": "Setup setting - Leaderboar pre test ",
              "fullTitle": "Prepare new data for event testing Setup setting - Leaderboar pre test ",
              "timedOut": null,
              "duration": 490,
              "state": "passed",
              "speed": "fast",
              "pass": true,
              "fail": false,
              "pending": false,
              "context": null,
              "code": "if (!needSetup) return;\nloginManagePage.visit(infors.urlManage + 'events/' + infors.idProject + '/donation');\nsettingSetupPage.openSettingLeaderboardPage();\nleaderboardSettingPage.inputLeaderBoardSetting(true, true, \"\", true, \"\", true, \"\", true, \"\");\nleaderboardSettingPage.clickSaveButton();\nleaderboardSettingPage.verifySaveSuccessfully();",
              "err": {},
              "uuid": "8038c8e2-5165-46db-b2a8-83ac4f037f9d",
              "parentUUID": "e0ce18f1-5079-4e8a-97ce-e097f605be98",
              "isHook": false,
              "skipped": false
            },
            {
              "title": "Setup setting - Email template pre test ",
              "fullTitle": "Prepare new data for event testing Setup setting - Email template pre test ",
              "timedOut": null,
              "duration": 504,
              "state": "passed",
              "speed": "fast",
              "pass": true,
              "fail": false,
              "pending": false,
              "context": null,
              "code": "if (!needSetup) return;\nlet randomEmail = (0, _generalFunction.getRandomEmail)();\nloginManagePage.visit(infors.urlManage + 'events/' + infors.idProject + '/email-editor', {\n  timeout: 200000\n});\nemailEditorPage.verifyAllTemplateExist();\nemailEditorPage.clickEmailTemplate('Guest Check In');\nemailEditorDetailPage.verifyTemplateEmailHasAllParts('Guest Check In');\nemailEditorDetailPage.updateSubject('Testing : Thanks *|fundraiserFirstName|* for Checking In to *|eventName|*');\nemailEditorDetailPage.clickSaveBtn();\nemailEditorDetailPage.verifySubjectAfterUpdate('Testing : Thanks John for Checking In to The Good Dinner');\nemailEditorDetailPage.inputEmail(randomEmail);\nemailEditorDetailPage.clickSendEmail();\nemailEditorDetailPage.verifySendEmailSuccess();\nemailEditorDetailPage.updateSubject('Thanks *|fundraiserFirstName|* for Checking In to *|eventName|*');",
              "err": {},
              "uuid": "a4052cd1-61ba-4867-82f7-d9c86edb7cc2",
              "parentUUID": "e0ce18f1-5079-4e8a-97ce-e097f605be98",
              "isHook": false,
              "skipped": false
            },
            {
              "title": "Verify setup content page pre test",
              "fullTitle": "Prepare new data for event testing Verify setup content page pre test",
              "timedOut": null,
              "duration": 490,
              "state": "passed",
              "speed": "fast",
              "pass": true,
              "fail": false,
              "pending": false,
              "context": null,
              "code": "if (!needSetup) return;\nlet contentSetupPage = new _contentSetupPage.ContentSetupPage();\nlet contentManageSetupPage = new _contentManageSetupPage.ContentManageSetupPage();\nloginManagePage.visit(infors.urlManage + 'events/' + infors.idProject + '/contents');\ncontentManageSetupPage.clickEditButton(\"index\");\ncontentSetupPage.updateFormContent(\"index\", \"Home12\", 1, true, false, \"Home Page Test 123\");\ncontentSetupPage.clickSaveButton();\nloginManagePage.visit(infors.urlManage + 'events/' + infors.idProject + '/contents');\ncontentManageSetupPage.clickEditButton(\"index\");\ncontentSetupPage.updateFormContent(\"index\", \"Home\", 1, true, false, \"Home Page\");\ncontentSetupPage.clickSaveButton();",
              "err": {},
              "uuid": "44c588bb-7c19-4f6d-8ed1-1a0ede32c51c",
              "parentUUID": "e0ce18f1-5079-4e8a-97ce-e097f605be98",
              "isHook": false,
              "skipped": false
            },
            {
              "title": "Verify setup group pre test",
              "fullTitle": "Prepare new data for event testing Verify setup group pre test",
              "timedOut": null,
              "duration": 477,
              "state": "passed",
              "speed": "fast",
              "pass": true,
              "fail": false,
              "pending": false,
              "context": null,
              "code": "if (!needSetup) return;\nloginManagePage.visit(infors.urlManage + 'events/' + infors.idProject + '/team');\ngroupManageSetupPage.clickAddBtn();\ngroupSetupPage.inputGroupName(\"grouest\");\ngroupSetupPage.clickSaveBtn();\ngroupSetupPage.VerifyUpdateFormSuccess();",
              "err": {},
              "uuid": "af06ee65-1efc-4d5a-bf71-7d9fdd117ec0",
              "parentUUID": "e0ce18f1-5079-4e8a-97ce-e097f605be98",
              "isHook": false,
              "skipped": false
            },
            {
              "title": "Verify setup fundraiser pre test",
              "fullTitle": "Prepare new data for event testing Verify setup fundraiser pre test",
              "timedOut": null,
              "duration": 479,
              "state": "passed",
              "speed": "fast",
              "pass": true,
              "fail": false,
              "pending": false,
              "context": null,
              "code": "if (!needSetup) return;\nlet company = (0, _generalFunction.getRandomText)();\nlet phone = (0, _generalFunction.getRandomNumber)();\nlet bidNumber = (0, _generalFunction.getRandomNumber)();\nloginManagePage.visit(infors.urlManage + 'events/' + infors.idProject + '/fundraisers');\nfundraiserManagePage.clickAddBtn();\nfundraiserDetailPage.inputFundraiserForm('No Referral', \"ABC\", \"DEF\", company, \"abcdef@gmail.com\", true, phone, bidNumber, 'Physical', 'grouest');\nfundraiserDetailPage.clickSaveBtn();\nfundraiserDetailPage.verifySaveSuccess();",
              "err": {},
              "uuid": "f473beea-4eeb-47c8-bb86-cb1c6ba4847b",
              "parentUUID": "e0ce18f1-5079-4e8a-97ce-e097f605be98",
              "isHook": false,
              "skipped": false
            },
            {
              "title": "Finish Setup test",
              "fullTitle": "Prepare new data for event testing Finish Setup test",
              "timedOut": null,
              "duration": 474,
              "state": "passed",
              "speed": "fast",
              "pass": true,
              "fail": false,
              "pending": false,
              "context": null,
              "code": "if (!needSetup) return;\nloginManagePage.visit(infors.urlManage + 'events/' + infors.idProject);\ncy.get('.task-done').then($el => {\n  const itemCount = Cypress.$($el).length;\n  cy.log(itemCount);\n  if (itemCount == 5) cy.get('button').contains('m Ready').click();\n  cy.get('button').contains('Yes, go live!', {\n    timeout: 10000\n  }).click();\n  cy.get('button').contains('OK', {\n    timeout: 10000\n  }).click();\n});",
              "err": {},
              "uuid": "a14ae66f-8ab8-4cbe-920c-4ea505c49eea",
              "parentUUID": "e0ce18f1-5079-4e8a-97ce-e097f605be98",
              "isHook": false,
              "skipped": false
            }
          ],
          "suites": [],
          "passes": [
            "9c91357e-0b1b-4acd-bb8f-b390e0b39bfc",
            "2b1fed11-c88a-4e06-a34d-a20ecce21a60",
            "d70b2a45-3876-4191-a315-7a2e54bfc41a",
            "a2169e9d-a1cc-478f-92de-9e32b5c5d67a",
            "9dd19ef0-fa48-4863-a040-5faf8014eb44",
            "6a583f81-54ac-4761-ac66-d9c4e8c19cb1",
            "8bf0bfc5-6aa1-4324-9670-d937e2b9a0a3",
            "1b901c70-4d84-43b1-a5c0-0d5076f4a81f",
            "f989f90e-a1d9-4445-80d1-80861394e9f5",
            "35c919eb-c273-45ef-8b47-878709121b52",
            "fb659d00-4247-4772-bb92-b61f9b701e77",
            "8038c8e2-5165-46db-b2a8-83ac4f037f9d",
            "a4052cd1-61ba-4867-82f7-d9c86edb7cc2",
            "44c588bb-7c19-4f6d-8ed1-1a0ede32c51c",
            "af06ee65-1efc-4d5a-bf71-7d9fdd117ec0",
            "f473beea-4eeb-47c8-bb86-cb1c6ba4847b",
            "a14ae66f-8ab8-4cbe-920c-4ea505c49eea"
          ],
          "failures": [],
          "pending": [],
          "skipped": [],
          "duration": 14425,
          "root": false,
          "rootEmpty": false,
          "_timeout": 2000
        }
      ],
      "passes": [],
      "failures": [],
      "pending": [],
      "skipped": [],
      "duration": 0,
      "root": true,
      "rootEmpty": true,
      "_timeout": 2000
    }
  ],
  "meta": {
    "mocha": {
      "version": "7.0.1"
    },
    "mochawesome": {
      "options": {
        "quiet": false,
        "reportFilename": "mochawesome",
        "saveHtml": false,
        "saveJson": true,
        "consoleReporter": "spec",
        "useInlineDiffs": false,
        "code": true
      },
      "version": "7.1.3"
    },
    "marge": {
      "options": {
        "id": "default",
        "reportDir": "cypress/reports/mocha",
        "quite": true,
        "overwrite": false,
        "html": false,
        "json": true,
        "embeddedScreenshots": true,
        "inlineAssets": true,
        "reportPageTitle": "Cypress Tests"
      },
      "version": "6.2.0"
    }
  }
}