{
  "stats": {
    "suites": 1,
    "tests": 5,
    "passes": 5,
    "pending": 0,
    "failures": 0,
    "start": "2022-12-04T01:01:43.693Z",
    "end": "2022-12-04T01:03:22.396Z",
    "duration": 98703,
    "testsRegistered": 5,
    "passPercent": 100,
    "pendingPercent": 0,
    "other": 0,
    "hasOther": false,
    "skipped": 0,
    "hasSkipped": false
  },
  "results": [
    {
      "uuid": "70b2a89f-a4b2-4d12-8e4d-4d0fa71612db",
      "title": "",
      "fullFile": "cypress\\e2e\\1-getting-started\\testcases\\fundraiserManage.cy.js",
      "file": "cypress\\e2e\\1-getting-started\\testcases\\fundraiserManage.cy.js",
      "beforeHooks": [],
      "afterHooks": [],
      "tests": [],
      "suites": [
        {
          "uuid": "742de42c-f1c4-411f-a3a7-b13d9c34812c",
          "title": "Verify the fundraiser Manage flow",
          "fullFile": "",
          "file": "",
          "beforeHooks": [],
          "afterHooks": [],
          "tests": [
            {
              "title": "setup mailbox inbox",
              "fullTitle": "Verify the fundraiser Manage flow setup mailbox inbox",
              "timedOut": null,
              "duration": 27,
              "state": "passed",
              "speed": "fast",
              "pass": true,
              "fail": false,
              "pending": false,
              "context": null,
              "code": "randomEmail = (0, _generalFunction.getRandomEmail)();\ncy.readFile('./data/mailbox.json', {\n  timeout: 2000\n}).then(inbox => {\n  hasMailbox = inbox.hasMailbox;\n  if (hasMailbox == -1) randomEmail = (0, _generalFunction.getRandomEmail)();else if (hasMailbox != 1) {\n    console.log(\"hasMailbox: \" + hasMailbox);\n    cy.createInbox().then(newInbox => {\n      // verify a new inbox was created\n      assert.isDefined(newInbox);\n      console.log(\"inbox id: \" + newInbox.id);\n      console.log(\"inbox.emailAddress: \" + newInbox.emailAddress);\n      cy.writeFile('./data/mailbox.json', {\n        inboxId: newInbox.id,\n        emailAddress: newInbox.emailAddress,\n        hasMailbox: 1\n      });\n      inboxId = newInbox.id;\n      randomEmail = newInbox.emailAddress;\n    });\n  } else {\n    inboxId = inbox.inboxId;\n    randomEmail = inbox.emailAddress;\n  }\n});",
              "err": {},
              "uuid": "64a08fbe-8947-4f3b-9e3e-cbfa95d2e7a1",
              "parentUUID": "742de42c-f1c4-411f-a3a7-b13d9c34812c",
              "isHook": false,
              "skipped": false
            },
            {
              "title": "Verify enable to create new fundraiser from manage Page",
              "fullTitle": "Verify the fundraiser Manage flow Verify enable to create new fundraiser from manage Page",
              "timedOut": null,
              "duration": 33595,
              "state": "passed",
              "speed": "slow",
              "pass": true,
              "fail": false,
              "pending": false,
              "context": null,
              "code": "loginManagePage.visit(infors.urlManage + 'events/' + infors.idProject + '/fundraisers');\nfundraiserManagePage.clickAddBtn();\nfundraiserDetailPage.inputFundraiserForm('No Referral', firstName, lastName, company, randomEmail, true, phone, bidNumber, 'Physical', 'grouest');\nfundraiserDetailPage.clickSaveBtn();\nfundraiserDetailPage.verifySaveSuccess();\nfundraiserDetailPage.clickConfirmButton();\ncy.reload();\nif (hasMailbox == 1) cy.emptyInbox(inboxId);\nfundraiserManagePage.verifyFundraiserIsExist(firstName + ' ' + lastName, firstName + '.' + lastName, randomEmail, true, 'grouest');\nfundraiserManagePage.verifySendEmailExist();\nfundraiserManagePage.clickSendEmail();\nfundraiserManagePage.inputEmailAndResend(randomEmail);\nif (hasMailbox == 1) mailbox.verifyMailboxGetEmailFundraiserSuccess(inboxId);\ncy.visit(infors.url + '/users/' + firstName + '.' + lastName);\ncy.wait(5000);\nusersPage.verifyTheUsersHasGroup('grouest');",
              "err": {},
              "uuid": "380934cd-f8a6-4c9d-9c6b-ab176dfac3cd",
              "parentUUID": "742de42c-f1c4-411f-a3a7-b13d9c34812c",
              "isHook": false,
              "skipped": false
            },
            {
              "title": "Verify enable to update fundraiser from manage Page",
              "fullTitle": "Verify the fundraiser Manage flow Verify enable to update fundraiser from manage Page",
              "timedOut": null,
              "duration": 14213,
              "state": "passed",
              "speed": "slow",
              "pass": true,
              "fail": false,
              "pending": false,
              "context": null,
              "code": "loginManagePage.visit(infors.urlManage + 'events/' + infors.idProject + '/fundraisers');\nfundraiserManagePage.clickEditButton(firstName);\nfundraiserDetailPage.inputFundraiserForm('No Referral', updatedFirstName, updatedLastName, updatedCompany, '', false, updatedPhone, updatedBidNumber, 'Virtual', '');\nfundraiserDetailPage.clickSaveBtn();\nfundraiserDetailPage.verifySaveSuccess();\nfundraiserDetailPage.clickConfirmButton();\nfundraiserManagePage.verifyFundraiserIsExist(updatedFirstName + ' ' + updatedLastName, firstName + '.' + lastName, '', false, '');\nfundraiserManagePage.verifySendEmailIsNotExist();",
              "err": {},
              "uuid": "7b076f45-d90c-48a6-a365-cb4f8410866c",
              "parentUUID": "742de42c-f1c4-411f-a3a7-b13d9c34812c",
              "isHook": false,
              "skipped": false
            },
            {
              "title": "Verify enable to delete fundraiser from manage Page",
              "fullTitle": "Verify the fundraiser Manage flow Verify enable to delete fundraiser from manage Page",
              "timedOut": null,
              "duration": 9526,
              "state": "passed",
              "speed": "medium",
              "pass": true,
              "fail": false,
              "pending": false,
              "context": null,
              "code": "loginManagePage.visit(infors.urlManage + 'events/' + infors.idProject + '/fundraisers');\nfundraiserManagePage.clickDeleteButton(firstName + '.' + lastName);\nfundraiserManagePage.clickOKButton();\ncy.reload();\nfundraiserManagePage.verifyFundraiserIsNotExist(updatedFirstName + ' ' + updatedLastName);",
              "err": {},
              "uuid": "6bda9ff0-b139-4365-980e-c60fe3358c87",
              "parentUUID": "742de42c-f1c4-411f-a3a7-b13d9c34812c",
              "isHook": false,
              "skipped": false
            },
            {
              "title": "Verify information in manage when become a fundraiser ",
              "fullTitle": "Verify the fundraiser Manage flow Verify information in manage when become a fundraiser ",
              "timedOut": null,
              "duration": 38901,
              "state": "passed",
              "speed": "slow",
              "pass": true,
              "fail": false,
              "pending": false,
              "context": null,
              "code": "cy.forceVisit(infors.url);\nlet randomName = (0, _generalFunction.getRandomText)();\nlet randomLastName = (0, _generalFunction.getRandomText)();\nlet randomEmail = (0, _generalFunction.getRandomEmail)();\nlet randomPhone = (0, _generalFunction.getRandomNumber)();\nhomePage.clickBecomeAFundraiser();\nregisterPage.inputRegisterForm(randomName, randomLastName, randomPhone, randomEmail);\nregisterPage.clickRegisterButton();\nthankYouPage.verifyThankYouPageAfterFundraiserSuccess(randomName, randomLastName, infors.url);\nthankYouPage.clickFundraiserUserLinks(randomName, randomLastName, infors.url);\nloginManagePage.visit(infors.urlManage);\nloginManagePage.inputloginForm(infors.emailAdmin, infors.passAdmin);\nloginManagePage.visit(infors.urlManage + 'events/' + infors.idProject + '/fundraisers');\nfundraiserManagePage.verifyFundraiserIsExist(randomName + ' ' + randomLastName, randomName + '.' + randomLastName, randomEmail, true, '');\nfundraiserManagePage.clickDeleteButton(randomName);\nfundraiserManagePage.clickOKButton();\ncy.reload();\nfundraiserManagePage.verifyFundraiserIsNotExist(randomName + ' ' + randomLastName);",
              "err": {},
              "uuid": "e6d94543-a226-4fbf-8d13-348d7308cc3d",
              "parentUUID": "742de42c-f1c4-411f-a3a7-b13d9c34812c",
              "isHook": false,
              "skipped": false
            }
          ],
          "suites": [],
          "passes": [
            "64a08fbe-8947-4f3b-9e3e-cbfa95d2e7a1",
            "380934cd-f8a6-4c9d-9c6b-ab176dfac3cd",
            "7b076f45-d90c-48a6-a365-cb4f8410866c",
            "6bda9ff0-b139-4365-980e-c60fe3358c87",
            "e6d94543-a226-4fbf-8d13-348d7308cc3d"
          ],
          "failures": [],
          "pending": [],
          "skipped": [],
          "duration": 96262,
          "root": false,
          "rootEmpty": false,
          "_timeout": 2000
        }
      ],
      "passes": [],
      "failures": [],
      "pending": [],
      "skipped": [],
      "duration": 0,
      "root": true,
      "rootEmpty": true,
      "_timeout": 2000
    }
  ],
  "meta": {
    "mocha": {
      "version": "7.0.1"
    },
    "mochawesome": {
      "options": {
        "quiet": false,
        "reportFilename": "mochawesome",
        "saveHtml": false,
        "saveJson": true,
        "consoleReporter": "spec",
        "useInlineDiffs": false,
        "code": true
      },
      "version": "7.1.3"
    },
    "marge": {
      "options": {
        "id": "default",
        "reportDir": "cypress/reports/mocha",
        "quite": true,
        "overwrite": false,
        "html": false,
        "json": true,
        "embeddedScreenshots": true,
        "inlineAssets": true,
        "reportPageTitle": "Cypress Tests"
      },
      "version": "6.2.0"
    }
  }
}