{
  "stats": {
    "suites": 1,
    "tests": 17,
    "passes": 17,
    "pending": 0,
    "failures": 0,
    "start": "2022-12-04T00:53:15.263Z",
    "end": "2022-12-04T00:53:33.508Z",
    "duration": 18245,
    "testsRegistered": 17,
    "passPercent": 100,
    "pendingPercent": 0,
    "other": 0,
    "hasOther": false,
    "skipped": 0,
    "hasSkipped": false
  },
  "results": [
    {
      "uuid": "ae153f34-9efd-4ea6-b08e-ad21e3a66df8",
      "title": "",
      "fullFile": "cypress\\e2e\\1-getting-started\\testcases\\1preDataForTest.cy.js",
      "file": "cypress\\e2e\\1-getting-started\\testcases\\1preDataForTest.cy.js",
      "beforeHooks": [],
      "afterHooks": [],
      "tests": [],
      "suites": [
        {
          "uuid": "ec41a645-c801-4333-8258-53eb35fbb8bf",
          "title": "Prepare new data for event testing",
          "fullFile": "",
          "file": "",
          "beforeHooks": [],
          "afterHooks": [],
          "tests": [
            {
              "title": "check if need set up pre data",
              "fullTitle": "Prepare new data for event testing check if need set up pre data",
              "timedOut": null,
              "duration": 6348,
              "state": "passed",
              "speed": "medium",
              "pass": true,
              "fail": false,
              "pending": false,
              "context": null,
              "code": "loginManagePage.visit(infors.urlManage + 'events/' + infors.idProject);\ncy.get(\"body\").then($body => {\n  if ($body.text().includes(\"Is Your Site Ready?\")) needSetup = true;else needSetup = false;\n});\nconsole.log(\"needSetup :\" + needSetup);",
              "err": {},
              "uuid": "c6698fac-fe58-4097-8815-dfecad663ec2",
              "parentUUID": "ec41a645-c801-4333-8258-53eb35fbb8bf",
              "isHook": false,
              "skipped": false
            },
            {
              "title": "Set up detail page for pre data",
              "fullTitle": "Prepare new data for event testing Set up detail page for pre data",
              "timedOut": null,
              "duration": 484,
              "state": "passed",
              "speed": "fast",
              "pass": true,
              "fail": false,
              "pending": false,
              "context": null,
              "code": "if (!needSetup) return;\nlet noneProfitName = (0, _generalFunction.getRandomText)();\nlet name = (0, _generalFunction.getRandomText)();\nlet desc = (0, _generalFunction.getRandomText)();\nlet dateCurrent = (0, _generalFunction.getCurrentDateTime)();\nlet time = (0, _generalFunction.getCurrentTime)();\nlet location = (0, _generalFunction.getRandomLocation)();\ndetailSetupPage.visit(infors.urlManage + 'events/' + infors.idProject + '/details');\ndetailSetupPage.inputNonProfitNameDetails(noneProfitName);\ndetailSetupPage.inputNameEventDetails(name);\ndetailSetupPage.inputDescriptionEventDetails(desc);\ndetailSetupPage.inputDateEventDetails(dateCurrent);\ndetailSetupPage.inputTimeEventDetails(time);\ndetailSetupPage.inputLocationEventDetails(location);\ndetailSetupPage.clickSaveBtn();\ndetailSetupPage.VerifyUpdateFormSuccess();\ncy.reload();",
              "err": {},
              "uuid": "e65d14f0-8380-47b4-98c5-c784030aad58",
              "parentUUID": "ec41a645-c801-4333-8258-53eb35fbb8bf",
              "isHook": false,
              "skipped": false
            },
            {
              "title": "Setup Branding image for pre data",
              "fullTitle": "Prepare new data for event testing Setup Branding image for pre data",
              "timedOut": null,
              "duration": 513,
              "state": "passed",
              "speed": "fast",
              "pass": true,
              "fail": false,
              "pending": false,
              "context": null,
              "code": "if (!needSetup) return;\nbranchSetupPage.visit(infors.urlManage + 'events/' + infors.idProject + '/branding');\nbranchSetupPage.verifyHaveAllUploadImages();\nbranchSetupPage.verifyUnableToUploadWrongSizeImage();\nbranchSetupPage.verifyEnableToUploadCorrectSizeImage();\nbranchSetupPage.clickSaveBtn();",
              "err": {},
              "uuid": "af9e724f-39cd-47a8-aaf3-a50914df6b77",
              "parentUUID": "ec41a645-c801-4333-8258-53eb35fbb8bf",
              "isHook": false,
              "skipped": false
            },
            {
              "title": "Setup social Network for pre data",
              "fullTitle": "Prepare new data for event testing Setup social Network for pre data",
              "timedOut": null,
              "duration": 507,
              "state": "passed",
              "speed": "fast",
              "pass": true,
              "fail": false,
              "pending": false,
              "context": null,
              "code": "if (!needSetup) return;\nlet facebookID = (0, _generalFunction.getRandomText)();\nlet twitterUsername = (0, _generalFunction.getRandomText)();\nlet socialHashtag = (0, _generalFunction.getRandomText)();\nlet message = (0, _generalFunction.getRandomText)();\nloginManagePage.visit(infors.urlManage + 'events/' + infors.idProject + '/social/settings');\nsocialNetworkManageSetupPage.inputFormInfor(facebookID, twitterUsername, socialHashtag, message);\nsocialNetworkManageSetupPage.clickSaveChangesBtn();\nsocialNetworkManageSetupPage.verifySaveSuccessfully();",
              "err": {},
              "uuid": "bb40153d-68dd-4be7-b781-1c80d6db9bc1",
              "parentUUID": "ec41a645-c801-4333-8258-53eb35fbb8bf",
              "isHook": false,
              "skipped": false
            },
            {
              "title": "Setup coupon page for pre data",
              "fullTitle": "Prepare new data for event testing Setup coupon page for pre data",
              "timedOut": null,
              "duration": 500,
              "state": "passed",
              "speed": "fast",
              "pass": true,
              "fail": false,
              "pending": false,
              "context": null,
              "code": "if (!needSetup) return;\nloginManagePage.visit(infors.urlManage + 'events/' + infors.idProject + '/coupons');\ncouponManageSetupPage.clickAddBtn();\ncouponSetupPage.inputFormCoupon(infors.PreCouponsCode, infors.PreCouponsPercent);\ncouponSetupPage.clickSaveBtn();\ncouponManageSetupPage.clickOKButton();\ncouponManageSetupPage.verifyCounponPageIsExist(infors.PreCouponsCode, infors.PreCouponsPercent);",
              "err": {},
              "uuid": "cde8315a-9d7e-41a9-86b7-7165f6def1a7",
              "parentUUID": "ec41a645-c801-4333-8258-53eb35fbb8bf",
              "isHook": false,
              "skipped": false
            },
            {
              "title": "Setup products for pre data",
              "fullTitle": "Prepare new data for event testing Setup products for pre data",
              "timedOut": null,
              "duration": 509,
              "state": "passed",
              "speed": "fast",
              "pass": true,
              "fail": false,
              "pending": false,
              "context": null,
              "code": "if (!needSetup) return;\nloginManagePage.visit(infors.urlManage + 'events/' + infors.idProject + '/products');\nproductsManageSetupPage.clickAddBtn();\nproductSetupPage.inputProductForm('Ticket', infors.ticketName, true, false, infors.ticketPrice, infors.maxTicket, 0);\nproductSetupPage.clickSaveBtn();\nproductsManageSetupPage.verifyNewProductIsCreated('Ticket', infors.ticketName, true, false, infors.ticketPrice, infors.maxTicket, 0);\nproductsManageSetupPage.clickAddBtn();\nproductSetupPage.inputProductForm('Ticket', infors.virtualTicketName, true, false, infors.virtualTicketPrice, infors.maxTicket, 0);\nproductSetupPage.clickSaveBtn();\nproductsManageSetupPage.verifyNewProductIsCreated('Ticket', infors.virtualTicketName, true, false, infors.virtualTicketPrice, infors.maxTicket, 0);\nproductsManageSetupPage.clickAddBtn();\nproductSetupPage.inputProductForm('Sponsorship', infors.sponsorItemName, true, false, infors.sponsorItemPice, infors.maxTicket, 0);\nproductSetupPage.clickSaveBtn();\nproductsManageSetupPage.verifyNewProductIsCreated('Sponsorship', infors.sponsorItemName, true, false, infors.sponsorItemPice, infors.maxTicket, 0);\nproductsManageSetupPage.clickAddBtn();\nproductSetupPage.inputProductForm('Table/Team', infors.tableItem, true, false, infors.tablePriceNumber, infors.maxTicket, 2, \"Virtual Test Ticket (51.00)\");\nproductSetupPage.clickSaveBtn();\nproductsManageSetupPage.verifyNewProductIsCreated('Table', infors.tableItem, true, false, \"1,201\", infors.maxTicket, 2, \"Virtual Test Ticket\");",
              "err": {},
              "uuid": "03bf33a2-6662-4963-afdf-6848abcf6b7c",
              "parentUUID": "ec41a645-c801-4333-8258-53eb35fbb8bf",
              "isHook": false,
              "skipped": false
            },
            {
              "title": "Verify create comps ticket page successfully",
              "fullTitle": "Prepare new data for event testing Verify create comps ticket page successfully",
              "timedOut": null,
              "duration": 510,
              "state": "passed",
              "speed": "fast",
              "pass": true,
              "fail": false,
              "pending": false,
              "context": null,
              "code": "if (!needSetup) return;\nlet code = (0, _generalFunction.getRandomText)();\nlet internalNote = (0, _generalFunction.getRandomText)();\nlet lname = (0, _generalFunction.getRandomText)();\nlet fname = (0, _generalFunction.getRandomText)();\nlet randomEmail = (0, _generalFunction.getRandomEmail)();\nloginManagePage.visit(infors.urlManage + 'events/' + infors.idProject + '/promos');\ncompManagePage.clickAddBtn();\ncompSetupPage.inputCompTicketsForm(code, \"Test Ticket\", 2, internalNote, lname, fname, randomEmail);\ncompSetupPage.clickSaveAndSendEmailButton();\ncompSetupPage.VerifyUpdateFormSuccess();\ncy.reload();\ncompManagePage.verifycompTicketIsExist(code, \"Test Ticket\", 2, internalNote, lname, fname, randomEmail);",
              "err": {},
              "uuid": "80e40107-7164-4807-884d-fd001504b73c",
              "parentUUID": "ec41a645-c801-4333-8258-53eb35fbb8bf",
              "isHook": false,
              "skipped": false
            },
            {
              "title": "Setup setting - donation page pre test ",
              "fullTitle": "Prepare new data for event testing Setup setting - donation page pre test ",
              "timedOut": null,
              "duration": 513,
              "state": "passed",
              "speed": "fast",
              "pass": true,
              "fail": false,
              "pending": false,
              "context": null,
              "code": "if (!needSetup) return;\nloginManagePage.visit(infors.urlManage + 'events/' + infors.idProject + '/donation');\nsettingSetupPage.openSettingDonationPage();\ndonationSettingPage.inputFormDonationSetting(\"\", 0, true, true, true, true, true, true, \"\", \"\", \"\", \"\", \"\", false, \"\", \"\", \"\");\ndonationSettingPage.clickSaveButton();\ndonationSettingPage.verifySaveSuccessfully();",
              "err": {},
              "uuid": "0ba51c6c-e750-4982-a5d3-2cc5ba798a41",
              "parentUUID": "ec41a645-c801-4333-8258-53eb35fbb8bf",
              "isHook": false,
              "skipped": false
            },
            {
              "title": "Setup setting - ticket page pre test ",
              "fullTitle": "Prepare new data for event testing Setup setting - ticket page pre test ",
              "timedOut": null,
              "duration": 491,
              "state": "passed",
              "speed": "fast",
              "pass": true,
              "fail": false,
              "pending": false,
              "context": null,
              "code": "if (!needSetup) return;\nloginManagePage.visit(infors.urlManage + 'events/' + infors.idProject + '/donation');\nsettingSetupPage.openSettingTicketPage();\nticketsSettingPage.inputTicketSetingForm(\"\", \"\", \"\", \"\", \"\", \"\", true, true, \"\", \"\");\nticketsSettingPage.clickSaveButton();\nticketsSettingPage.verifySaveSuccessfully();\nticketsSettingPage.clickOKButton();",
              "err": {},
              "uuid": "cfe94378-b42f-425c-9f3b-f6b92da57d95",
              "parentUUID": "ec41a645-c801-4333-8258-53eb35fbb8bf",
              "isHook": false,
              "skipped": false
            },
            {
              "title": "Setup setting - sponsorship page pre test ",
              "fullTitle": "Prepare new data for event testing Setup setting - sponsorship page pre test ",
              "timedOut": null,
              "duration": 491,
              "state": "passed",
              "speed": "fast",
              "pass": true,
              "fail": false,
              "pending": false,
              "context": null,
              "code": "if (!needSetup) return;\nloginManagePage.visit(infors.urlManage + 'events/' + infors.idProject + '/donation');\nsettingSetupPage.openSettingSponsorshipPage();\nsponsorshipSettingPage.inputSponsorshipForm(\"\", \"\", \"Thank you for considering a sponsorship.<br>Please select the sponsorship type from the menu.<br>We will follow up about the details of your sponsorship package including your company logo,<br>complimentary tickets and additional perks.\");\nsponsorshipSettingPage.clickSaveBtn();\nsponsorshipSettingPage.verifySaveSuccessfully();\nsponsorshipSettingPage.clickOKButton();",
              "err": {},
              "uuid": "63241a13-3714-46dc-8811-179c426d58f7",
              "parentUUID": "ec41a645-c801-4333-8258-53eb35fbb8bf",
              "isHook": false,
              "skipped": false
            },
            {
              "title": "Setup setting - Button pre test ",
              "fullTitle": "Prepare new data for event testing Setup setting - Button pre test ",
              "timedOut": null,
              "duration": 512,
              "state": "passed",
              "speed": "fast",
              "pass": true,
              "fail": false,
              "pending": false,
              "context": null,
              "code": "if (!needSetup) return;\nloginManagePage.visit(infors.urlManage);\nloginManagePage.inputloginForm(infors.emailAdmin, infors.passAdmin);\nloginManagePage.visit(infors.urlManage + 'events/' + infors.idProject + '/donation');\nsettingSetupPage.openSettingButtonPage();\nbuttonSettingPage.inputGeneralButtonSetting(\"\", \"\", \"\", \"\", \"\", true);\nbuttonSettingPage.clickSaveButton();\nbuttonSettingPage.verifySaveSuccessfully();",
              "err": {},
              "uuid": "bc9a5c47-71af-4530-aa7f-73a67d15df2a",
              "parentUUID": "ec41a645-c801-4333-8258-53eb35fbb8bf",
              "isHook": false,
              "skipped": false
            },
            {
              "title": "Setup setting - Leaderboar pre test ",
              "fullTitle": "Prepare new data for event testing Setup setting - Leaderboar pre test ",
              "timedOut": null,
              "duration": 488,
              "state": "passed",
              "speed": "fast",
              "pass": true,
              "fail": false,
              "pending": false,
              "context": null,
              "code": "if (!needSetup) return;\nloginManagePage.visit(infors.urlManage + 'events/' + infors.idProject + '/donation');\nsettingSetupPage.openSettingLeaderboardPage();\nleaderboardSettingPage.inputLeaderBoardSetting(true, true, \"\", true, \"\", true, \"\", true, \"\");\nleaderboardSettingPage.clickSaveButton();\nleaderboardSettingPage.verifySaveSuccessfully();",
              "err": {},
              "uuid": "d6da889f-fd37-4bc3-a821-4e405ae5986f",
              "parentUUID": "ec41a645-c801-4333-8258-53eb35fbb8bf",
              "isHook": false,
              "skipped": false
            },
            {
              "title": "Setup setting - Email template pre test ",
              "fullTitle": "Prepare new data for event testing Setup setting - Email template pre test ",
              "timedOut": null,
              "duration": 504,
              "state": "passed",
              "speed": "fast",
              "pass": true,
              "fail": false,
              "pending": false,
              "context": null,
              "code": "if (!needSetup) return;\nlet randomEmail = (0, _generalFunction.getRandomEmail)();\nloginManagePage.visit(infors.urlManage + 'events/' + infors.idProject + '/email-editor', {\n  timeout: 200000\n});\nemailEditorPage.verifyAllTemplateExist();\nemailEditorPage.clickEmailTemplate('Guest Check In');\nemailEditorDetailPage.verifyTemplateEmailHasAllParts('Guest Check In');\nemailEditorDetailPage.updateSubject('Testing : Thanks *|fundraiserFirstName|* for Checking In to *|eventName|*');\nemailEditorDetailPage.clickSaveBtn();\nemailEditorDetailPage.verifySubjectAfterUpdate('Testing : Thanks John for Checking In to The Good Dinner');\nemailEditorDetailPage.inputEmail(randomEmail);\nemailEditorDetailPage.clickSendEmail();\nemailEditorDetailPage.verifySendEmailSuccess();\nemailEditorDetailPage.updateSubject('Thanks *|fundraiserFirstName|* for Checking In to *|eventName|*');",
              "err": {},
              "uuid": "0000c48d-3c36-4c20-9728-63ecfcaff624",
              "parentUUID": "ec41a645-c801-4333-8258-53eb35fbb8bf",
              "isHook": false,
              "skipped": false
            },
            {
              "title": "Verify setup content page pre test",
              "fullTitle": "Prepare new data for event testing Verify setup content page pre test",
              "timedOut": null,
              "duration": 508,
              "state": "passed",
              "speed": "fast",
              "pass": true,
              "fail": false,
              "pending": false,
              "context": null,
              "code": "if (!needSetup) return;\nlet contentSetupPage = new _contentSetupPage.ContentSetupPage();\nlet contentManageSetupPage = new _contentManageSetupPage.ContentManageSetupPage();\nloginManagePage.visit(infors.urlManage + 'events/' + infors.idProject + '/contents');\ncontentManageSetupPage.clickEditButton(\"index\");\ncontentSetupPage.updateFormContent(\"index\", \"Home12\", 1, true, false, \"Home Page Test 123\");\ncontentSetupPage.clickSaveButton();\nloginManagePage.visit(infors.urlManage + 'events/' + infors.idProject + '/contents');\ncontentManageSetupPage.clickEditButton(\"index\");\ncontentSetupPage.updateFormContent(\"index\", \"Home\", 1, true, false, \"Home Page\");\ncontentSetupPage.clickSaveButton();",
              "err": {},
              "uuid": "9db68f69-ba69-48d8-b6da-bee4cd3c33e8",
              "parentUUID": "ec41a645-c801-4333-8258-53eb35fbb8bf",
              "isHook": false,
              "skipped": false
            },
            {
              "title": "Verify setup group pre test",
              "fullTitle": "Prepare new data for event testing Verify setup group pre test",
              "timedOut": null,
              "duration": 504,
              "state": "passed",
              "speed": "fast",
              "pass": true,
              "fail": false,
              "pending": false,
              "context": null,
              "code": "if (!needSetup) return;\nloginManagePage.visit(infors.urlManage + 'events/' + infors.idProject + '/team');\ngroupManageSetupPage.clickAddBtn();\ngroupSetupPage.inputGroupName(\"grouest\");\ngroupSetupPage.clickSaveBtn();\ngroupSetupPage.VerifyUpdateFormSuccess();",
              "err": {},
              "uuid": "7ba7da96-1a49-4897-b79e-0803c5dc0493",
              "parentUUID": "ec41a645-c801-4333-8258-53eb35fbb8bf",
              "isHook": false,
              "skipped": false
            },
            {
              "title": "Verify setup fundraiser pre test",
              "fullTitle": "Prepare new data for event testing Verify setup fundraiser pre test",
              "timedOut": null,
              "duration": 493,
              "state": "passed",
              "speed": "fast",
              "pass": true,
              "fail": false,
              "pending": false,
              "context": null,
              "code": "if (!needSetup) return;\nlet company = (0, _generalFunction.getRandomText)();\nlet phone = (0, _generalFunction.getRandomNumber)();\nlet bidNumber = (0, _generalFunction.getRandomNumber)();\nloginManagePage.visit(infors.urlManage + 'events/' + infors.idProject + '/fundraisers');\nfundraiserManagePage.clickAddBtn();\nfundraiserDetailPage.inputFundraiserForm('No Referral', \"ABC\", \"DEF\", company, \"abcdef@gmail.com\", true, phone, bidNumber, 'Physical', 'grouest');\nfundraiserDetailPage.clickSaveBtn();\nfundraiserDetailPage.verifySaveSuccess();",
              "err": {},
              "uuid": "0311b149-8610-4b67-b7e5-aaf0009c4c96",
              "parentUUID": "ec41a645-c801-4333-8258-53eb35fbb8bf",
              "isHook": false,
              "skipped": false
            },
            {
              "title": "Finish Setup test",
              "fullTitle": "Prepare new data for event testing Finish Setup test",
              "timedOut": null,
              "duration": 501,
              "state": "passed",
              "speed": "fast",
              "pass": true,
              "fail": false,
              "pending": false,
              "context": null,
              "code": "if (!needSetup) return;\nloginManagePage.visit(infors.urlManage + 'events/' + infors.idProject);\ncy.get('.task-done').then($el => {\n  const itemCount = Cypress.$($el).length;\n  cy.log(itemCount);\n  if (itemCount == 5) cy.get('button').contains('m Ready').click();\n  cy.get('button').contains('Yes, go live!', {\n    timeout: 10000\n  }).click();\n  cy.get('button').contains('OK', {\n    timeout: 10000\n  }).click();\n});",
              "err": {},
              "uuid": "c6b78d77-ea56-46ae-b0b2-dd122d689032",
              "parentUUID": "ec41a645-c801-4333-8258-53eb35fbb8bf",
              "isHook": false,
              "skipped": false
            }
          ],
          "suites": [],
          "passes": [
            "c6698fac-fe58-4097-8815-dfecad663ec2",
            "e65d14f0-8380-47b4-98c5-c784030aad58",
            "af9e724f-39cd-47a8-aaf3-a50914df6b77",
            "bb40153d-68dd-4be7-b781-1c80d6db9bc1",
            "cde8315a-9d7e-41a9-86b7-7165f6def1a7",
            "03bf33a2-6662-4963-afdf-6848abcf6b7c",
            "80e40107-7164-4807-884d-fd001504b73c",
            "0ba51c6c-e750-4982-a5d3-2cc5ba798a41",
            "cfe94378-b42f-425c-9f3b-f6b92da57d95",
            "63241a13-3714-46dc-8811-179c426d58f7",
            "bc9a5c47-71af-4530-aa7f-73a67d15df2a",
            "d6da889f-fd37-4bc3-a821-4e405ae5986f",
            "0000c48d-3c36-4c20-9728-63ecfcaff624",
            "9db68f69-ba69-48d8-b6da-bee4cd3c33e8",
            "7ba7da96-1a49-4897-b79e-0803c5dc0493",
            "0311b149-8610-4b67-b7e5-aaf0009c4c96",
            "c6b78d77-ea56-46ae-b0b2-dd122d689032"
          ],
          "failures": [],
          "pending": [],
          "skipped": [],
          "duration": 14376,
          "root": false,
          "rootEmpty": false,
          "_timeout": 2000
        }
      ],
      "passes": [],
      "failures": [],
      "pending": [],
      "skipped": [],
      "duration": 0,
      "root": true,
      "rootEmpty": true,
      "_timeout": 2000
    }
  ],
  "meta": {
    "mocha": {
      "version": "7.0.1"
    },
    "mochawesome": {
      "options": {
        "quiet": false,
        "reportFilename": "mochawesome",
        "saveHtml": false,
        "saveJson": true,
        "consoleReporter": "spec",
        "useInlineDiffs": false,
        "code": true
      },
      "version": "7.1.3"
    },
    "marge": {
      "options": {
        "id": "default",
        "reportDir": "cypress/reports/mocha",
        "quite": true,
        "overwrite": false,
        "html": false,
        "json": true,
        "embeddedScreenshots": true,
        "inlineAssets": true,
        "reportPageTitle": "Cypress Tests"
      },
      "version": "6.2.0"
    }
  }
}