{
  "stats": {
    "suites": 1,
    "tests": 4,
    "passes": 4,
    "pending": 0,
    "failures": 0,
    "start": "2022-12-04T01:09:20.794Z",
    "end": "2022-12-04T01:10:31.054Z",
    "duration": 70260,
    "testsRegistered": 4,
    "passPercent": 100,
    "pendingPercent": 0,
    "other": 0,
    "hasOther": false,
    "skipped": 0,
    "hasSkipped": false
  },
  "results": [
    {
      "uuid": "e05069d8-b4a9-4994-98f2-db30fd39d769",
      "title": "",
      "fullFile": "cypress\\e2e\\1-getting-started\\testcases\\settingSponsorshipPage.cy.js",
      "file": "cypress\\e2e\\1-getting-started\\testcases\\settingSponsorshipPage.cy.js",
      "beforeHooks": [],
      "afterHooks": [],
      "tests": [],
      "suites": [
        {
          "uuid": "424762cb-f3c4-493b-a6ea-58879eb7ea62",
          "title": "Verify setup sponsorship setting page",
          "fullFile": "",
          "file": "",
          "beforeHooks": [],
          "afterHooks": [],
          "tests": [
            {
              "title": "setup sponsorship setting page with full input successfully",
              "fullTitle": "Verify setup sponsorship setting page setup sponsorship setting page with full input successfully",
              "timedOut": null,
              "duration": 8946,
              "state": "passed",
              "speed": "medium",
              "pass": true,
              "fail": false,
              "pending": false,
              "context": null,
              "code": "loginManagePage.visit(infors.urlManage + 'events/' + infors.idProject + '/donation');\nsettingSetupPage.openSettingSponsorshipPage();\nsponsorshipSettingPage.inputSponsorshipForm(pageTitle, sponsorTitle, sponsorLabel);\nsponsorshipSettingPage.clickSaveBtn();\nsponsorshipSettingPage.verifySaveSuccessfully();\nsponsorshipSettingPage.clickOKButton();",
              "err": {},
              "uuid": "29cd2a66-6069-47e0-8723-6744ce49d237",
              "parentUUID": "424762cb-f3c4-493b-a6ea-58879eb7ea62",
              "isHook": false,
              "skipped": false
            },
            {
              "title": "Verify sponsor setting can be applied in frontend successfully ",
              "fullTitle": "Verify setup sponsorship setting page Verify sponsor setting can be applied in frontend successfully ",
              "timedOut": null,
              "duration": 26003,
              "state": "passed",
              "speed": "slow",
              "pass": true,
              "fail": false,
              "pending": false,
              "context": null,
              "code": "cy.forceVisit(infors.url);\nhomePage.clickChooseASponsorshipButton();\nsponsorshipPage.verifySponsorSettingCorrectly(pageTitle, sponsorTitle, sponsorLabel);\nsponsorshipPage.clickSponsorItem(infors.sponsorItemName);\nsponsorshipPage.selectPersonReceiveCredit(infors.personRecieveCredit);\nsponsorshipPage.clickButtonNext();\ndonationsAddressPage.inputAddressInfor(randomName, randomLastName, randomEmail, randomPhone, user.company, user.address1, user.address2, user.city, user.state, user.zip);\ndonationsAddressPage.clickNextButton();\ndonationsPaymentPage.verifyPaymentPage();\ndonationsPaymentPage.inputCreditCardTicket(infors.creditCardNumber, infors.creditCardVCV);\ndonationsPaymentPage.clickPurchase();\ndonationsPaymentPage.verifyTransactionFinish();",
              "err": {},
              "uuid": "e22e45c3-6a5e-4e1a-82d0-e51db2daff06",
              "parentUUID": "424762cb-f3c4-493b-a6ea-58879eb7ea62",
              "isHook": false,
              "skipped": false
            },
            {
              "title": "setup sponsorship setting page with all empty input successfully",
              "fullTitle": "Verify setup sponsorship setting page setup sponsorship setting page with all empty input successfully",
              "timedOut": null,
              "duration": 9488,
              "state": "passed",
              "speed": "medium",
              "pass": true,
              "fail": false,
              "pending": false,
              "context": null,
              "code": "loginManagePage.visit(infors.urlManage + 'events/' + infors.idProject + '/donation');\nsettingSetupPage.openSettingSponsorshipPage();\nsponsorshipSettingPage.inputSponsorshipForm(\"\", \"\", \"Thank you for considering a sponsorship.<br>Please select the sponsorship type from the menu.<br>We will follow up about the details of your sponsorship package including your company logo,<br>complimentary tickets and additional perks.\");\nsponsorshipSettingPage.clickSaveBtn();\nsponsorshipSettingPage.verifySaveSuccessfully();\nsponsorshipSettingPage.clickOKButton();",
              "err": {},
              "uuid": "83709bfc-befa-4b1b-aa46-0ce1794e51b7",
              "parentUUID": "424762cb-f3c4-493b-a6ea-58879eb7ea62",
              "isHook": false,
              "skipped": false
            },
            {
              "title": "Verify sponsor setting can be applied in frontend successfully ",
              "fullTitle": "Verify setup sponsorship setting page Verify sponsor setting can be applied in frontend successfully ",
              "timedOut": null,
              "duration": 23498,
              "state": "passed",
              "speed": "slow",
              "pass": true,
              "fail": false,
              "pending": false,
              "context": null,
              "code": "cy.forceVisit(infors.url);\nhomePage.clickChooseASponsorshipButton();\nsponsorshipPage.verifySponsorSettingCorrectly(\"\", \"Choose a Sponsorship\", \"Thank you for considering a sponsorship.\");\nsponsorshipPage.clickSponsorItem(infors.sponsorItemName);\nsponsorshipPage.selectPersonReceiveCredit(infors.personRecieveCredit);\nsponsorshipPage.clickButtonNext();\ndonationsAddressPage.inputAddressInfor(randomName, randomLastName, randomEmail, randomPhone, user.company, user.address1, user.address2, user.city, user.state, user.zip);\ndonationsAddressPage.clickNextButton();\ndonationsPaymentPage.verifyPaymentPage();\ndonationsPaymentPage.inputCreditCardTicket(infors.creditCardNumber, infors.creditCardVCV);\ndonationsPaymentPage.clickPurchase();\ndonationsPaymentPage.verifyTransactionFinish();",
              "err": {},
              "uuid": "9fa2f344-9fc9-4903-a598-ab480338be0e",
              "parentUUID": "424762cb-f3c4-493b-a6ea-58879eb7ea62",
              "isHook": false,
              "skipped": false
            }
          ],
          "suites": [],
          "passes": [
            "29cd2a66-6069-47e0-8723-6744ce49d237",
            "e22e45c3-6a5e-4e1a-82d0-e51db2daff06",
            "83709bfc-befa-4b1b-aa46-0ce1794e51b7",
            "9fa2f344-9fc9-4903-a598-ab480338be0e"
          ],
          "failures": [],
          "pending": [],
          "skipped": [],
          "duration": 67935,
          "root": false,
          "rootEmpty": false,
          "_timeout": 2000
        }
      ],
      "passes": [],
      "failures": [],
      "pending": [],
      "skipped": [],
      "duration": 0,
      "root": true,
      "rootEmpty": true,
      "_timeout": 2000
    }
  ],
  "meta": {
    "mocha": {
      "version": "7.0.1"
    },
    "mochawesome": {
      "options": {
        "quiet": false,
        "reportFilename": "mochawesome",
        "saveHtml": false,
        "saveJson": true,
        "consoleReporter": "spec",
        "useInlineDiffs": false,
        "code": true
      },
      "version": "7.1.3"
    },
    "marge": {
      "options": {
        "id": "default",
        "reportDir": "cypress/reports/mocha",
        "quite": true,
        "overwrite": false,
        "html": false,
        "json": true,
        "embeddedScreenshots": true,
        "inlineAssets": true,
        "reportPageTitle": "Cypress Tests"
      },
      "version": "6.2.0"
    }
  }
}