{
  "stats": {
    "suites": 1,
    "tests": 1,
    "passes": 1,
    "pending": 0,
    "failures": 0,
    "start": "2022-12-13T15:47:43.579Z",
    "end": "2022-12-13T15:47:56.609Z",
    "duration": 13030,
    "testsRegistered": 1,
    "passPercent": 100,
    "pendingPercent": 0,
    "other": 0,
    "hasOther": false,
    "skipped": 0,
    "hasSkipped": false
  },
  "results": [
    {
      "uuid": "e4f69d53-3ce9-452f-b07e-b0a6ef3789e9",
      "title": "",
      "fullFile": "cypress\\e2e\\1-getting-started\\testcases\\userManagement.cy.js",
      "file": "cypress\\e2e\\1-getting-started\\testcases\\userManagement.cy.js",
      "beforeHooks": [],
      "afterHooks": [],
      "tests": [],
      "suites": [
        {
          "uuid": "d7588c45-5b0f-4d5a-a0c0-9893ba5129b9",
          "title": "Verify Transaction Manage flow",
          "fullFile": "",
          "file": "",
          "beforeHooks": [],
          "afterHooks": [],
          "tests": [
            {
              "title": "Verify enable to update user management from manage Page",
              "fullTitle": "Verify Transaction Manage flow Verify enable to update user management from manage Page",
              "timedOut": null,
              "duration": 11212,
              "state": "passed",
              "speed": "slow",
              "pass": true,
              "fail": false,
              "pending": false,
              "context": null,
              "code": "let firstName = (0, _generalFunction.getRandomText)();\nlet lastName = (0, _generalFunction.getRandomText)();\nuserManagementPage.clickUserEditButton('gEgAdpcsGE11062022@gmail.com');\nuserManagementDetailPage.inputUserForm(firstName, lastName, '', '', '', 'No', './data/img_test/logo2.jpg');\nuserManagementDetailPage.clickSaveButton();\nuserManagementPage.clickReloadButton();\nuserManagementPage.verifyUser(firstName, lastName, 'gEgAdpcsGE11062022@gmail.com', 'No');",
              "err": {},
              "uuid": "89c17ad1-5967-49bc-945a-1a77c350aa5c",
              "parentUUID": "d7588c45-5b0f-4d5a-a0c0-9893ba5129b9",
              "isHook": false,
              "skipped": false
            }
          ],
          "suites": [],
          "passes": [
            "89c17ad1-5967-49bc-945a-1a77c350aa5c"
          ],
          "failures": [],
          "pending": [],
          "skipped": [],
          "duration": 11212,
          "root": false,
          "rootEmpty": false,
          "_timeout": 2000
        }
      ],
      "passes": [],
      "failures": [],
      "pending": [],
      "skipped": [],
      "duration": 0,
      "root": true,
      "rootEmpty": true,
      "_timeout": 2000
    }
  ],
  "meta": {
    "mocha": {
      "version": "7.0.1"
    },
    "mochawesome": {
      "options": {
        "quiet": false,
        "reportFilename": "mochawesome",
        "saveHtml": false,
        "saveJson": true,
        "consoleReporter": "spec",
        "useInlineDiffs": false,
        "code": true
      },
      "version": "7.1.3"
    },
    "marge": {
      "options": {
        "id": "default",
        "reportDir": "cypress/reports/mocha",
        "quite": true,
        "overwrite": false,
        "html": false,
        "json": true,
        "embeddedScreenshots": true,
        "inlineAssets": true,
        "reportPageTitle": "Cypress Tests"
      },
      "version": "6.2.0"
    }
  }
}