{
  "stats": {
    "suites": 1,
    "tests": 4,
    "passes": 4,
    "pending": 0,
    "failures": 0,
    "start": "2022-12-04T00:57:18.712Z",
    "end": "2022-12-04T00:58:50.906Z",
    "duration": 92194,
    "testsRegistered": 4,
    "passPercent": 100,
    "pendingPercent": 0,
    "other": 0,
    "hasOther": false,
    "skipped": 0,
    "hasSkipped": false
  },
  "results": [
    {
      "uuid": "d16cb329-1840-4c93-9b12-3b95294e2474",
      "title": "",
      "fullFile": "cypress\\e2e\\1-getting-started\\testcases\\becomeAhost.cy.js",
      "file": "cypress\\e2e\\1-getting-started\\testcases\\becomeAhost.cy.js",
      "beforeHooks": [],
      "afterHooks": [],
      "tests": [],
      "suites": [
        {
          "uuid": "fb618b12-e6a8-4e3a-b838-2e1d709a6be8",
          "title": "Verify become a host flow",
          "fullFile": "",
          "file": "",
          "beforeHooks": [],
          "afterHooks": [],
          "tests": [
            {
              "title": "setup mailbox inbox",
              "fullTitle": "Verify become a host flow setup mailbox inbox",
              "timedOut": null,
              "duration": 25,
              "state": "passed",
              "speed": "fast",
              "pass": true,
              "fail": false,
              "pending": false,
              "context": null,
              "code": "cy.readFile('./data/mailbox.json', {\n  timeout: 2000\n}).then(inbox => {\n  hasMailbox = inbox.hasMailbox;\n  if (hasMailbox == -1) randomEmail = (0, _generalFunction.getRandomEmail)();else if (hasMailbox != 1) {\n    console.log(\"hasMailbox: \" + hasMailbox);\n    cy.createInbox().then(newInbox => {\n      console.log('Test message'); // verify a new inbox was created\n      assert.isDefined(newInbox);\n      console.log(\"inbox id: \" + newInbox.id);\n      console.log(\"inbox.emailAddress: \" + newInbox.emailAddress);\n      cy.writeFile('./data/mailbox.json', {\n        inboxId: newInbox.id,\n        emailAddress: newInbox.emailAddress,\n        hasMailbox: 1\n      });\n      inboxId = newInbox.id;\n      randomEmail = newInbox.emailAddress;\n    });\n  } else {\n    inboxId = inbox.inboxId;\n    randomEmail = inbox.emailAddress;\n  }\n});",
              "err": {},
              "uuid": "9c5f3f35-ba43-4b73-bca5-d93d4d92d617",
              "parentUUID": "fb618b12-e6a8-4e3a-b838-2e1d709a6be8",
              "isHook": false,
              "skipped": false
            },
            {
              "title": "Verify information when become a host and verify payment for invalid infor and valid infor",
              "fullTitle": "Verify become a host flow Verify information when become a host and verify payment for invalid infor and valid infor",
              "timedOut": null,
              "duration": 47827,
              "state": "passed",
              "speed": "slow",
              "pass": true,
              "fail": false,
              "pending": false,
              "context": null,
              "code": "cy.visit(infors.url);\nlet randomName = (0, _generalFunction.getRandomText)();\nlet randomLastName = (0, _generalFunction.getRandomText)();\nlet randomEmail = (0, _generalFunction.getRandomEmail)();\nlet randomPhone = (0, _generalFunction.getRandomNumber)();\nhomePage.clickGiveAHostButton();\ndonationsTablePage.verifyTableIsExistAndSelectIt(infors.tableItem, infors.tablePriceString);\ndonationsTablePage.selectAmountItem(infors.amountTicket);\ndonationsTablePage.verifySummaryAmount(infors.amountDonateTable, infors.tablePriceNumber);\ndonationsTablePage.clickNextButton();\ndonationsAddressPage.inputAddressInfor(randomName, randomLastName, randomEmail, randomPhone, user.company, user.address1, user.address2, user.city, user.state, user.zip);\ndonationsAddressPage.clickNextButton();\ndonationsPaymentPage.inputCreditCardNumber(infors.creditCardNumber);\ndonationsPaymentPage.verifyCreditCardVCVIsInvalid();\ndonationsPaymentPage.verifyPurchaseButtonDisable();\ndonationsPaymentPage.inputCreditCardTicket(infors.wrongCreditCardNumber, infors.creditCardVCV);\ndonationsPaymentPage.verifyCreditCardNumberIsInvalid();\ndonationsPaymentPage.verifyPurchaseButtonDisable();\ndonationsPaymentPage.inputCreditCardTicket(infors.creditCardNumber, infors.creditCardVCV);\ndonationsPaymentPage.inputExpiredYear(\"2022\");\ndonationsPaymentPage.verifyPurchaseButtonDisable();\ndonationsPaymentPage.inputExpiredYear(\"2023\");\ndonationsPaymentPage.clickPurchase();\ndonationsRegisterTablePage.verifyEmailAdressIsDisplayed(randomEmail);\nif (infors.idProject == '1643') donationsRegisterTablePage.clickNavigationTab('Your Table');else donationsRegisterTablePage.clickNavigationTab('Your');\ndonationsRegisterTablePage.verifyUserInformationInYourTableIsDisplayed(randomName, randomLastName, randomEmail, infors.idProject);\ndonationsRegisterTablePage.clickNavigationTab('Guest');\ndonationsRegisterTablePage.verifyUserInformationInGuestTableIsDisplayed(randomName, randomLastName, randomEmail, infors.idProject);\nlet randomNameGuest = (0, _generalFunction.getRandomText)();\nlet randomLastNameGuest = (0, _generalFunction.getRandomText)();\nlet randomEmailGuest = (0, _generalFunction.getRandomEmail)();\ndonationsRegisterTablePage.inputGuestInformation(randomNameGuest, randomLastNameGuest, randomEmailGuest);\ndonationsRegisterTablePage.clickInviteGuestButton();\ndonationsRegisterTablePage.verifyInviteSuccess(randomNameGuest, randomLastNameGuest, randomEmailGuest);\ndonationsRegisterTablePage.clickCancelInviteGuestButton();\ndonationsRegisterTablePage.verifyCancelInviteGuestSuccess();\nloginManagePage.visit(infors.urlManage);\nloginManagePage.inputloginForm(infors.emailAdmin, infors.passAdmin);\nloginManagePage.visit(infors.urlManage + 'events/' + infors.idProject + '/transactions');\ntransactionManagePage.verifyTransactionIsCreated('Table', randomName, randomLastName, randomEmail, '$1,201.00');\ntransactionManagePage.verifyTransactionIsCreated('Donation', randomName, randomLastName, randomEmail, '$75.00');",
              "err": {},
              "uuid": "64ceb55f-e42f-493c-aeb8-9a883b90632e",
              "parentUUID": "fb618b12-e6a8-4e3a-b838-2e1d709a6be8",
              "isHook": false,
              "skipped": false
            },
            {
              "title": "Verify information when become a host and enable to send invitation to email",
              "fullTitle": "Verify become a host flow Verify information when become a host and enable to send invitation to email",
              "timedOut": null,
              "duration": 28512,
              "state": "passed",
              "speed": "slow",
              "pass": true,
              "fail": false,
              "pending": false,
              "context": null,
              "code": "cy.forceVisit(infors.url);\nif (hasMailbox == 1) cy.emptyInbox(inboxId);\nlet randomName = (0, _generalFunction.getRandomText)();\nlet randomLastName = (0, _generalFunction.getRandomText)(); //let randomEmail = getRandomEmail();\nlet randomPhone = (0, _generalFunction.getRandomNumber)();\nhomePage.clickGiveAHostButton();\ndonationsTablePage.verifyTableIsExistAndSelectIt(infors.tableItem, infors.tablePriceString);\ndonationsTablePage.selectAmountItem(infors.amountTicket);\ndonationsTablePage.verifySummaryAmount(infors.amountDonateTable, infors.tablePriceNumber);\ndonationsTablePage.clickNextButton();\ndonationsAddressPage.inputAddressInfor(randomName, randomLastName, randomEmail, randomPhone, user.company, user.address1, user.address2, user.city, user.state, user.zip);\ndonationsAddressPage.clickNextButton();\ndonationsPaymentPage.inputCreditCardTicket(infors.creditCardNumber, infors.creditCardVCV);\ndonationsPaymentPage.clickPurchase();\ndonationsRegisterTablePage.verifyEmailAdressIsDisplayed(randomEmail);\nif (hasMailbox == 1) mailbox.verifyMailboxGetEmailBecomeHostSuccess(inboxId);\nif (infors.idProject == '1643') donationsRegisterTablePage.clickNavigationTab('Your Table');else donationsRegisterTablePage.clickNavigationTab('Your');\ndonationsRegisterTablePage.verifyUserInformationInYourTableIsDisplayed(randomName, randomLastName, randomEmail, infors.idProject);\ndonationsRegisterTablePage.clickNavigationTab('Guest');\ndonationsRegisterTablePage.verifyUserInformationInGuestTableIsDisplayed(randomName, randomLastName, randomEmail, infors.idProject);\nlet randomNameGuest = (0, _generalFunction.getRandomText)();\nlet randomLastNameGuest = (0, _generalFunction.getRandomText)();\nlet randomEmailGuest = randomEmail; // getEmailTest();\n// });\nif (hasMailbox == 1) cy.emptyInbox(inboxId);\ndonationsRegisterTablePage.inputGuestInformation(randomNameGuest, randomLastNameGuest, randomEmailGuest);\nif (hasMailbox == 1) cy.emptyInbox(inboxId);\ndonationsRegisterTablePage.clickInviteGuestButton();\nif (hasMailbox == 1) mailbox.verifyMailboxGetEmailBecomeHostGuestSuccess(inboxId, randomName);\ndonationsRegisterTablePage.verifyInviteSuccess(randomNameGuest, randomLastNameGuest, randomEmailGuest);\ndonationsRegisterTablePage.clickCancelInviteGuestButton();\ndonationsRegisterTablePage.verifyCancelInviteGuestSuccess(); //cy.wait(60000);\n//cy.visit(infors.url);\n//homePage.verifyUserInTopFundraiser(randomName + ' ' + randomLastName,(infors.amountTicket));\n//homePage.verifyUserInTopSocial(randomName + ' ' + randomLastName,1);\n//homePage.verifyUserInTable(randomLastName + \" Table\",(infors.amountTicket))",
              "err": {},
              "uuid": "46a73447-6fed-414a-80e3-6b9b10d3798a",
              "parentUUID": "fb618b12-e6a8-4e3a-b838-2e1d709a6be8",
              "isHook": false,
              "skipped": false
            },
            {
              "title": "Verify button Previous in become a host",
              "fullTitle": "Verify become a host flow Verify button Previous in become a host",
              "timedOut": null,
              "duration": 13352,
              "state": "passed",
              "speed": "slow",
              "pass": true,
              "fail": false,
              "pending": false,
              "context": null,
              "code": "cy.forceVisit(infors.url);\nlet randomName = (0, _generalFunction.getRandomText)();\nlet randomLastName = (0, _generalFunction.getRandomText)();\nlet randomEmail = (0, _generalFunction.getRandomEmail)();\nlet randomPhone = (0, _generalFunction.getRandomNumber)();\nhomePage.clickGiveAHostButton();\ndonationsTablePage.verifyTableIsExistAndSelectIt(infors.tableItem, infors.tablePriceString);\ndonationsTablePage.selectAmountItem(infors.amountTicket);\ndonationsTablePage.verifySummaryAmount(infors.amountDonateTable, infors.tablePriceNumber);\ndonationsTablePage.clickNextButton();\ndonationsAddressPage.inputAddressInfor(randomName, randomLastName, randomEmail, randomPhone, user.company, user.address1, user.address2, user.city, user.state, user.zip);\ndonationsAddressPage.clickNextButton();\ndonationsPaymentPage.inputCreditCardTicket(infors.creditCardNumber, infors.creditCardVCV); //start script to verify previous button\ndonationsPaymentPage.clickPreviousButton();\ndonationsAddressPage.verifyAddressInforPage();\ndonationsAddressPage.clickPreviousButton();\ndonationsTablePage.verifyTableDonationPage();\ndonationsTablePage.clickNextButton();\ndonationsAddressPage.clickNextButton(); //end script to verify previous button",
              "err": {},
              "uuid": "2a1a5af8-c53e-441c-89ae-b0e43afc50e4",
              "parentUUID": "fb618b12-e6a8-4e3a-b838-2e1d709a6be8",
              "isHook": false,
              "skipped": false
            }
          ],
          "suites": [],
          "passes": [
            "9c5f3f35-ba43-4b73-bca5-d93d4d92d617",
            "64ceb55f-e42f-493c-aeb8-9a883b90632e",
            "46a73447-6fed-414a-80e3-6b9b10d3798a",
            "2a1a5af8-c53e-441c-89ae-b0e43afc50e4"
          ],
          "failures": [],
          "pending": [],
          "skipped": [],
          "duration": 89716,
          "root": false,
          "rootEmpty": false,
          "_timeout": 2000
        }
      ],
      "passes": [],
      "failures": [],
      "pending": [],
      "skipped": [],
      "duration": 0,
      "root": true,
      "rootEmpty": true,
      "_timeout": 2000
    }
  ],
  "meta": {
    "mocha": {
      "version": "7.0.1"
    },
    "mochawesome": {
      "options": {
        "quiet": false,
        "reportFilename": "mochawesome",
        "saveHtml": false,
        "saveJson": true,
        "consoleReporter": "spec",
        "useInlineDiffs": false,
        "code": true
      },
      "version": "7.1.3"
    },
    "marge": {
      "options": {
        "id": "default",
        "reportDir": "cypress/reports/mocha",
        "quite": true,
        "overwrite": false,
        "html": false,
        "json": true,
        "embeddedScreenshots": true,
        "inlineAssets": true,
        "reportPageTitle": "Cypress Tests"
      },
      "version": "6.2.0"
    }
  }
}