{
  "stats": {
    "suites": 1,
    "tests": 9,
    "passes": 9,
    "pending": 0,
    "failures": 0,
    "start": "2022-12-03T08:26:17.851Z",
    "end": "2022-12-03T08:27:33.554Z",
    "duration": 75703,
    "testsRegistered": 9,
    "passPercent": 100,
    "pendingPercent": 0,
    "other": 0,
    "hasOther": false,
    "skipped": 0,
    "hasSkipped": false
  },
  "results": [
    {
      "uuid": "12f15fd5-b4e7-4667-94bb-23e4bd747423",
      "title": "",
      "fullFile": "cypress\\e2e\\1-getting-started\\testcases\\settingSlidePageManage.cy.js",
      "file": "cypress\\e2e\\1-getting-started\\testcases\\settingSlidePageManage.cy.js",
      "beforeHooks": [],
      "afterHooks": [],
      "tests": [],
      "suites": [
        {
          "uuid": "3db1b89e-4ca2-4927-bffd-7813b00d7391",
          "title": "Verify Slide Manage Page",
          "fullFile": "",
          "file": "",
          "beforeHooks": [],
          "afterHooks": [],
          "tests": [
            {
              "title": "Verify enable to create new Slide with type image from manage Page work correct",
              "fullTitle": "Verify Slide Manage Page Verify enable to create new Slide with type image from manage Page work correct",
              "timedOut": null,
              "duration": 13500,
              "state": "passed",
              "speed": "slow",
              "pass": true,
              "fail": false,
              "pending": false,
              "context": null,
              "code": "loginManagePage.visit(infors.urlManage);\nloginManagePage.inputloginForm(infors.emailAdmin, infors.passAdmin);\nloginManagePage.visit(infors.urlManage + 'events/' + infors.idProject + '/slides');\nslideManagePage.clickSlideTab();\nslideTabManagePage.clickAddSlideButton();\nslideTabManagePage.inputSlideForm('Image', title1, '', true, true, true, true, './data/img_test/a740_288.jpg');\nslideTabManagePage.clickCreateSlideButton();\nslideTabManagePage.verifyShowImageSlide(title1);\nslideTabManagePage.verifyHaveCorrectPropertiesSlide(title1, true, true, true, true);",
              "err": {},
              "uuid": "5e239fa1-b7be-423c-8011-3f49e46b5519",
              "parentUUID": "3db1b89e-4ca2-4927-bffd-7813b00d7391",
              "isHook": false,
              "skipped": false
            },
            {
              "title": "Verify enable to update Slide with type image from manage Page work correct",
              "fullTitle": "Verify Slide Manage Page Verify enable to update Slide with type image from manage Page work correct",
              "timedOut": null,
              "duration": 9147,
              "state": "passed",
              "speed": "medium",
              "pass": true,
              "fail": false,
              "pending": false,
              "context": null,
              "code": "loginManagePage.visit(infors.urlManage);\nloginManagePage.inputloginForm(infors.emailAdmin, infors.passAdmin);\nloginManagePage.visit(infors.urlManage + 'events/' + infors.idProject + '/slides');\nslideManagePage.clickSlideTab();\nslideTabManagePage.clickEditSlideButton(title1);\nslideTabManagePage.updateSlideForm('Image', updatedTitle1, '', true, false, true, false, 2);\nslideTabManagePage.clickSaveSlideButton();\nslideTabManagePage.clickCloseSlideButton();\nslideTabManagePage.verifyShowImageSlide(updatedTitle1 + ' (2)');\nslideTabManagePage.verifyHaveCorrectPropertiesSlide(updatedTitle1 + ' (2)', true, false, true, false);",
              "err": {},
              "uuid": "58818be9-f9ff-420b-a847-66678cf2c9fc",
              "parentUUID": "3db1b89e-4ca2-4927-bffd-7813b00d7391",
              "isHook": false,
              "skipped": false
            },
            {
              "title": "Verify enable to delete Slide with type image from manage Page work correct",
              "fullTitle": "Verify Slide Manage Page Verify enable to delete Slide with type image from manage Page work correct",
              "timedOut": null,
              "duration": 5988,
              "state": "passed",
              "speed": "medium",
              "pass": true,
              "fail": false,
              "pending": false,
              "context": null,
              "code": "loginManagePage.visit(infors.urlManage);\nloginManagePage.inputloginForm(infors.emailAdmin, infors.passAdmin);\nloginManagePage.visit(infors.urlManage + 'events/' + infors.idProject + '/slides');\nslideManagePage.clickSlideTab();\nslideTabManagePage.clickDeleteSlideButton(updatedTitle1 + ' (2)');\nslideTabManagePage.verifyImageSlideIsNotPresent(updatedTitle1 + ' (2)');",
              "err": {},
              "uuid": "adc0f602-ef4d-4662-9def-e83da8e67b7f",
              "parentUUID": "3db1b89e-4ca2-4927-bffd-7813b00d7391",
              "isHook": false,
              "skipped": false
            },
            {
              "title": "Verify enable to create new Slide with type Text from manage Page work correct",
              "fullTitle": "Verify Slide Manage Page Verify enable to create new Slide with type Text from manage Page work correct",
              "timedOut": null,
              "duration": 8148,
              "state": "passed",
              "speed": "medium",
              "pass": true,
              "fail": false,
              "pending": false,
              "context": null,
              "code": "let content = title1 + (0, _generalFunction.getRandomText)() + ' ' + title1 + ' ' + (0, _generalFunction.getRandomNumber)();\nloginManagePage.visit(infors.urlManage);\nloginManagePage.inputloginForm(infors.emailAdmin, infors.passAdmin);\nloginManagePage.visit(infors.urlManage + 'events/' + infors.idProject + '/slides');\nslideManagePage.clickSlideTab();\nslideTabManagePage.clickAddSlideButton();\nslideTabManagePage.inputSlideForm('Text', title1, content);\nslideTabManagePage.clickCreateSlideButton();\nslideTabManagePage.verifyShowImageSlide(title1);\nslideTabManagePage.verifyHaveCorrectPropertiesSlide(title1, true, true, true, true);",
              "err": {},
              "uuid": "d4718bee-af3e-469f-a58d-bd5e5d18627e",
              "parentUUID": "3db1b89e-4ca2-4927-bffd-7813b00d7391",
              "isHook": false,
              "skipped": false
            },
            {
              "title": "Verify enable to update Slide with type text from manage Page work correct",
              "fullTitle": "Verify Slide Manage Page Verify enable to update Slide with type text from manage Page work correct",
              "timedOut": null,
              "duration": 7957,
              "state": "passed",
              "speed": "medium",
              "pass": true,
              "fail": false,
              "pending": false,
              "context": null,
              "code": "loginManagePage.visit(infors.urlManage);\nloginManagePage.inputloginForm(infors.emailAdmin, infors.passAdmin);\nloginManagePage.visit(infors.urlManage + 'events/' + infors.idProject + '/slides');\nslideManagePage.clickSlideTab();\nslideTabManagePage.clickEditSlideButton(title1);\nslideTabManagePage.updateSlideForm('Image', updatedTitle1, '', true, false, true, false, 3);\nslideTabManagePage.clickSaveSlideButton(updatedTitle1 + ' (3)');\nslideTabManagePage.verifyShowImageSlide(updatedTitle1 + ' (3)');\nslideTabManagePage.verifyHaveCorrectPropertiesSlide(updatedTitle1 + ' (3)', true, false, true, false);",
              "err": {},
              "uuid": "1d412d58-bad8-461c-b3e4-b2ebc3077488",
              "parentUUID": "3db1b89e-4ca2-4927-bffd-7813b00d7391",
              "isHook": false,
              "skipped": false
            },
            {
              "title": "Verify enable to delete Slide with type image from manage Page work correct",
              "fullTitle": "Verify Slide Manage Page Verify enable to delete Slide with type image from manage Page work correct",
              "timedOut": null,
              "duration": 6377,
              "state": "passed",
              "speed": "medium",
              "pass": true,
              "fail": false,
              "pending": false,
              "context": null,
              "code": "loginManagePage.visit(infors.urlManage);\nloginManagePage.inputloginForm(infors.emailAdmin, infors.passAdmin);\nloginManagePage.visit(infors.urlManage + 'events/' + infors.idProject + '/slides');\nslideManagePage.clickSlideTab();\nslideTabManagePage.clickDeleteSlideButton(updatedTitle1);\nslideTabManagePage.verifyImageSlideIsNotPresent(updatedTitle1 + ' (3)');",
              "err": {},
              "uuid": "e23f364a-c003-47dc-b6ff-56d5683bb9fd",
              "parentUUID": "3db1b89e-4ca2-4927-bffd-7813b00d7391",
              "isHook": false,
              "skipped": false
            },
            {
              "title": "Verify enable to create new Slide with type video from manage Page work correct",
              "fullTitle": "Verify Slide Manage Page Verify enable to create new Slide with type video from manage Page work correct",
              "timedOut": null,
              "duration": 8420,
              "state": "passed",
              "speed": "medium",
              "pass": true,
              "fail": false,
              "pending": false,
              "context": null,
              "code": "loginManagePage.visit(infors.urlManage);\nloginManagePage.inputloginForm(infors.emailAdmin, infors.passAdmin);\nloginManagePage.visit(infors.urlManage + 'events/' + infors.idProject + '/slides');\nslideManagePage.clickSlideTab();\nslideTabManagePage.clickAddSlideButton();\nslideTabManagePage.inputSlideForm('Video', title1, '', true, true, true, true, './data/img_test/video_sample.wmv');\nslideTabManagePage.clickCreateSlideButton();\nslideTabManagePage.verifyShowImageSlide(title1);\nslideTabManagePage.verifyHaveCorrectPropertiesSlideTB(title1, true, true, true, true);",
              "err": {},
              "uuid": "e3402b53-1943-4e11-bc39-00250b1a2e42",
              "parentUUID": "3db1b89e-4ca2-4927-bffd-7813b00d7391",
              "isHook": false,
              "skipped": false
            },
            {
              "title": "Verify enable to update Slide with type video from Table tab - manage Page work correct",
              "fullTitle": "Verify Slide Manage Page Verify enable to update Slide with type video from Table tab - manage Page work correct",
              "timedOut": null,
              "duration": 7576,
              "state": "passed",
              "speed": "medium",
              "pass": true,
              "fail": false,
              "pending": false,
              "context": null,
              "code": "loginManagePage.visit(infors.urlManage);\nloginManagePage.inputloginForm(infors.emailAdmin, infors.passAdmin);\nloginManagePage.visit(infors.urlManage + 'events/' + infors.idProject + '/slides');\nslideManagePage.clickSlideTab();\nslideTabManagePage.clickTableTabButton();\nslideTabManagePage.clickEditSlideButtonInTableTab(title1);\nslideTabManagePage.updateSlideForm('Video', updatedTitle1, '', true, false, true, false, 2);\nslideTabManagePage.clickSaveSlideButton();\nslideTabManagePage.clickCloseSlideButton();\nslideTabManagePage.verifyShowImageSlideInTableTab(updatedTitle1);\nslideTabManagePage.verifyHaveCorrectPropertiesSlideTB(updatedTitle1, true, false, true, false);",
              "err": {},
              "uuid": "227e0331-6f00-4482-882f-c4d64b1db7cc",
              "parentUUID": "3db1b89e-4ca2-4927-bffd-7813b00d7391",
              "isHook": false,
              "skipped": false
            },
            {
              "title": "Verify enable to delete Slide with type video from Table tab -  manage Page work correct",
              "fullTitle": "Verify Slide Manage Page Verify enable to delete Slide with type video from Table tab -  manage Page work correct",
              "timedOut": null,
              "duration": 5993,
              "state": "passed",
              "speed": "medium",
              "pass": true,
              "fail": false,
              "pending": false,
              "context": null,
              "code": "loginManagePage.visit(infors.urlManage);\nloginManagePage.inputloginForm(infors.emailAdmin, infors.passAdmin);\nloginManagePage.visit(infors.urlManage + 'events/' + infors.idProject + '/slides');\nslideManagePage.clickSlideTab();\nslideTabManagePage.clickTableTabButton();\nslideTabManagePage.clickDeleteSlideButtonInTableTab(updatedTitle1);\nslideTabManagePage.verifyShowImageSlideIsNotPresentInTableTab(updatedTitle1);",
              "err": {},
              "uuid": "84354d41-c710-498c-85ea-8bc8049ec7b5",
              "parentUUID": "3db1b89e-4ca2-4927-bffd-7813b00d7391",
              "isHook": false,
              "skipped": false
            }
          ],
          "suites": [],
          "passes": [
            "5e239fa1-b7be-423c-8011-3f49e46b5519",
            "58818be9-f9ff-420b-a847-66678cf2c9fc",
            "adc0f602-ef4d-4662-9def-e83da8e67b7f",
            "d4718bee-af3e-469f-a58d-bd5e5d18627e",
            "1d412d58-bad8-461c-b3e4-b2ebc3077488",
            "e23f364a-c003-47dc-b6ff-56d5683bb9fd",
            "e3402b53-1943-4e11-bc39-00250b1a2e42",
            "227e0331-6f00-4482-882f-c4d64b1db7cc",
            "84354d41-c710-498c-85ea-8bc8049ec7b5"
          ],
          "failures": [],
          "pending": [],
          "skipped": [],
          "duration": 73106,
          "root": false,
          "rootEmpty": false,
          "_timeout": 2000
        }
      ],
      "passes": [],
      "failures": [],
      "pending": [],
      "skipped": [],
      "duration": 0,
      "root": true,
      "rootEmpty": true,
      "_timeout": 2000
    }
  ],
  "meta": {
    "mocha": {
      "version": "7.0.1"
    },
    "mochawesome": {
      "options": {
        "quiet": false,
        "reportFilename": "mochawesome",
        "saveHtml": false,
        "saveJson": true,
        "consoleReporter": "spec",
        "useInlineDiffs": false,
        "code": true
      },
      "version": "7.1.3"
    },
    "marge": {
      "options": {
        "id": "default",
        "reportDir": "cypress/reports/mocha",
        "quite": true,
        "overwrite": false,
        "html": false,
        "json": true,
        "embeddedScreenshots": true,
        "inlineAssets": true,
        "reportPageTitle": "Cypress Tests"
      },
      "version": "6.2.0"
    }
  }
}