{
  "stats": {
    "suites": 1,
    "tests": 2,
    "passes": 2,
    "pending": 0,
    "failures": 0,
    "start": "2022-08-21T10:05:18.208Z",
    "end": "2022-08-21T10:05:43.803Z",
    "duration": 25595,
    "testsRegistered": 2,
    "passPercent": 100,
    "pendingPercent": 0,
    "other": 0,
    "hasOther": false,
    "skipped": 0,
    "hasSkipped": false
  },
  "results": [
    {
      "uuid": "53e811da-4402-4052-a2e2-0b07aafba134",
      "title": "",
      "fullFile": "cypress\\e2e\\1-getting-started\\testcases\\giveNowTest.cy.js",
      "file": "cypress\\e2e\\1-getting-started\\testcases\\giveNowTest.cy.js",
      "beforeHooks": [],
      "afterHooks": [],
      "tests": [],
      "suites": [
        {
          "uuid": "e2088efe-c1d3-48ba-9c99-8470df7b03c4",
          "title": "Verify Give Now flow",
          "fullFile": "",
          "file": "",
          "beforeHooks": [],
          "afterHooks": [],
          "tests": [
            {
              "title": "Verify Give Now with all options",
              "fullTitle": "Verify Give Now flow Verify Give Now with all options",
              "timedOut": null,
              "duration": 10286,
              "state": "passed",
              "speed": "slow",
              "pass": true,
              "fail": false,
              "pending": false,
              "context": null,
              "code": "cy.visit(infors.url);\nlet randomName = (0, _generalFunction.getRandomText)();\nlet randomLastName = (0, _generalFunction.getRandomText)();\nlet randomEmail = (0, _generalFunction.getRandomEmail)();\nlet randomPhone = (0, _generalFunction.getRandomNumber)();\nhomePage.clickGiveNowButton();\ndonationsAmountPage.selectFee(infors.amountGiveNowTest);\ndonationsAmountPage.verifyFeeSelectionCorrect(infors.amountGiveNowTest);\ndonationsAmountPage.selectCoverTransaction();\ndonationsAmountPage.verifyAmountAfterFee(infors.amountGiveNowFeeTest);\ndonationsAmountPage.selectRecurringContribution();\ndonationsAmountPage.verifyWarningBillTimeShow();\ndonationsAmountPage.selectOption1stBill();\ndonationsAmountPage.selectfullFillGiftLater();\ndonationsAmountPage.verifyWarningFullFillShow();\nrandomPhone;\ndonationsAmountPage.inputFormFullFillLater(randomName, randomLastName, randomEmail, randomPhone);\ndonationsAmountPage.selectMakeGiftAnonymous();\ndonationsAmountPage.clickPledgeButton();\ndonationsAmountPage.verifyShowThankYouPledge();",
              "err": {},
              "uuid": "5afee641-1c73-4627-b97b-b1567b7b6ec1",
              "parentUUID": "e2088efe-c1d3-48ba-9c99-8470df7b03c4",
              "isHook": false,
              "skipped": false
            },
            {
              "title": "Verify Give Now without option full fill later",
              "fullTitle": "Verify Give Now flow Verify Give Now without option full fill later",
              "timedOut": null,
              "duration": 13929,
              "state": "passed",
              "speed": "slow",
              "pass": true,
              "fail": false,
              "pending": false,
              "context": null,
              "code": "cy.visit(infors.url);\nhomePage.clickGiveNowButton();\ndonationsAmountPage.selectFee(infors.amountGiveNowTest);\ndonationsAmountPage.verifyFeeSelectionCorrect(infors.amountGiveNowTest);\ndonationsAmountPage.selectCoverTransaction();\ndonationsAmountPage.verifyAmountAfterFee(infors.amountGiveNowFeeTest);\ndonationsAmountPage.selectRecurringContribution();\ndonationsAmountPage.verifyWarningBillTimeShow();\ndonationsAmountPage.selectOption1stBill();\ndonationsAmountPage.selectMakeGiftAnonymous();\ndonationsAmountPage.clickNextButton();\ndonationsAddressPage.inputAddressInfor(user.firstName, user.lastName, user.email, user.phone, user.company, user.address1, user.address2, user.city, user.state, user.zip);\ndonationsAddressPage.clickNextButton();\ndonationsPaymentPage.inputCreditCard(infors.creditCardNumber, user.firstName, infors.creditCardVCV);\ndonationsPaymentPage.clickDonateButton(infors.amountGiveNowFeeTest);\ndonationsPaymentPage.verifyTransactionFinish();",
              "err": {},
              "uuid": "cd29e293-2ecf-4563-b829-d0af3f0f42f5",
              "parentUUID": "e2088efe-c1d3-48ba-9c99-8470df7b03c4",
              "isHook": false,
              "skipped": false
            }
          ],
          "suites": [],
          "passes": [
            "5afee641-1c73-4627-b97b-b1567b7b6ec1",
            "cd29e293-2ecf-4563-b829-d0af3f0f42f5"
          ],
          "failures": [],
          "pending": [],
          "skipped": [],
          "duration": 24215,
          "root": false,
          "rootEmpty": false,
          "_timeout": 2000
        }
      ],
      "passes": [],
      "failures": [],
      "pending": [],
      "skipped": [],
      "duration": 0,
      "root": true,
      "rootEmpty": true,
      "_timeout": 2000
    }
  ],
  "meta": {
    "mocha": {
      "version": "7.0.1"
    },
    "mochawesome": {
      "options": {
        "quiet": false,
        "reportFilename": "mochawesome",
        "saveHtml": false,
        "saveJson": true,
        "consoleReporter": "spec",
        "useInlineDiffs": false,
        "code": true
      },
      "version": "7.1.3"
    },
    "marge": {
      "options": {
        "overwrite": false,
        "html": false,
        "json": true
      },
      "version": "6.2.0"
    }
  }
}