{
  "stats": {
    "suites": 1,
    "tests": 2,
    "passes": 2,
    "pending": 0,
    "failures": 0,
    "start": "2022-08-19T10:55:18.795Z",
    "end": "2022-08-19T10:55:49.486Z",
    "duration": 30691,
    "testsRegistered": 2,
    "passPercent": 100,
    "pendingPercent": 0,
    "other": 0,
    "hasOther": false,
    "skipped": 0,
    "hasSkipped": false
  },
  "results": [
    {
      "uuid": "96c7d6ba-a23e-4a14-8f83-28f0a3197d45",
      "title": "",
      "fullFile": "cypress\\e2e\\1-getting-started\\testcases\\giveNowTest.cy.js",
      "file": "cypress\\e2e\\1-getting-started\\testcases\\giveNowTest.cy.js",
      "beforeHooks": [],
      "afterHooks": [],
      "tests": [],
      "suites": [
        {
          "uuid": "15261f81-6178-4661-94f9-56291a47df8e",
          "title": "Verify Give Now flow",
          "fullFile": "",
          "file": "",
          "beforeHooks": [],
          "afterHooks": [],
          "tests": [
            {
              "title": "Verify Give Now with all options",
              "fullTitle": "Verify Give Now flow Verify Give Now with all options",
              "timedOut": null,
              "duration": 14788,
              "state": "passed",
              "speed": "slow",
              "pass": true,
              "fail": false,
              "pending": false,
              "context": null,
              "code": "cy.visit(infors.url);\nlet randomName = (0, _generalFunction.getRandomText)();\nlet randomLastName = (0, _generalFunction.getRandomText)();\nlet randomEmail = (0, _generalFunction.getRandomEmail)();\nlet randomPhone = (0, _generalFunction.getRandomNumber)();\nhomePage.clickGiveNowButton();\ndonationsAmountPage.selectFee(infors.amountGiveNowTest);\ndonationsAmountPage.verifyFeeSelectionCorrect(infors.amountGiveNowTest);\ndonationsAmountPage.selectCoverTransaction();\ndonationsAmountPage.verifyAmountAfterFee(infors.amountGiveNowFeeTest);\ndonationsAmountPage.selectRecurringContribution();\ndonationsAmountPage.verifyWarningBillTimeShow();\ndonationsAmountPage.selectOption1stBill();\ndonationsAmountPage.selectfullFillGiftLater();\ndonationsAmountPage.verifyWarningFullFillShow();\nrandomPhone;\ndonationsAmountPage.inputFormFullFillLater(randomName, randomLastName, randomEmail, randomPhone);\ndonationsAmountPage.selectMakeGiftAnonymous();\ndonationsAmountPage.clickPledgeButton();\ndonationsAmountPage.verifyShowThankYouPledge();",
              "err": {},
              "uuid": "0e7383d3-6c39-42a0-9600-742206faeaf2",
              "parentUUID": "15261f81-6178-4661-94f9-56291a47df8e",
              "isHook": false,
              "skipped": false
            },
            {
              "title": "Verify Give Now without option full fill later",
              "fullTitle": "Verify Give Now flow Verify Give Now without option full fill later",
              "timedOut": null,
              "duration": 12920,
              "state": "passed",
              "speed": "slow",
              "pass": true,
              "fail": false,
              "pending": false,
              "context": null,
              "code": "cy.visit(infors.url);\nhomePage.clickGiveNowButton();\ndonationsAmountPage.selectFee(infors.amountGiveNowTest);\ndonationsAmountPage.verifyFeeSelectionCorrect(infors.amountGiveNowTest);\ndonationsAmountPage.selectCoverTransaction();\ndonationsAmountPage.verifyAmountAfterFee(infors.amountGiveNowFeeTest);\ndonationsAmountPage.selectRecurringContribution();\ndonationsAmountPage.verifyWarningBillTimeShow();\ndonationsAmountPage.selectOption1stBill();\ndonationsAmountPage.selectMakeGiftAnonymous();\ndonationsAmountPage.clickNextButton();\ndonationsAddressPage.inputAddressInfor(user.firstName, user.lastName, user.email, user.phone, user.company, user.address1, user.address2, user.city, user.state, user.zip);\ndonationsAddressPage.clickNextButton();\ndonationsPaymentPage.inputCreditCard(infors.creditCardNumber, user.firstName, infors.creditCardVCV);\ndonationsPaymentPage.clickDonateButton(infors.amountGiveNowFeeTest);\ndonationsPaymentPage.verifyTransactionFinish();",
              "err": {},
              "uuid": "4f9881a6-6d41-42bc-89d1-effcc9971160",
              "parentUUID": "15261f81-6178-4661-94f9-56291a47df8e",
              "isHook": false,
              "skipped": false
            }
          ],
          "suites": [],
          "passes": [
            "0e7383d3-6c39-42a0-9600-742206faeaf2",
            "4f9881a6-6d41-42bc-89d1-effcc9971160"
          ],
          "failures": [],
          "pending": [],
          "skipped": [],
          "duration": 27708,
          "root": false,
          "rootEmpty": false,
          "_timeout": 2000
        }
      ],
      "passes": [],
      "failures": [],
      "pending": [],
      "skipped": [],
      "duration": 0,
      "root": true,
      "rootEmpty": true,
      "_timeout": 2000
    }
  ],
  "meta": {
    "mocha": {
      "version": "7.0.1"
    },
    "mochawesome": {
      "options": {
        "quiet": false,
        "reportFilename": "mochawesome",
        "saveHtml": false,
        "saveJson": true,
        "consoleReporter": "spec",
        "useInlineDiffs": false,
        "code": true
      },
      "version": "7.1.3"
    },
    "marge": {
      "options": {
        "overwrite": false,
        "html": false,
        "json": true
      },
      "version": "6.2.0"
    }
  }
}