{
  "stats": {
    "suites": 1,
    "tests": 2,
    "passes": 1,
    "pending": 0,
    "failures": 1,
    "start": "2022-08-21T10:05:48.257Z",
    "end": "2022-08-21T10:06:31.856Z",
    "duration": 43599,
    "testsRegistered": 2,
    "passPercent": 50,
    "pendingPercent": 0,
    "other": 0,
    "hasOther": false,
    "skipped": 0,
    "hasSkipped": false
  },
  "results": [
    {
      "uuid": "a4131eca-d22a-4484-bbb6-6822ad1fffc0",
      "title": "",
      "fullFile": "cypress\\e2e\\1-getting-started\\testcases\\purchaseTicketTest.cy.js",
      "file": "cypress\\e2e\\1-getting-started\\testcases\\purchaseTicketTest.cy.js",
      "beforeHooks": [],
      "afterHooks": [],
      "tests": [],
      "suites": [
        {
          "uuid": "2631c1ef-ee0c-4327-8239-14af719862e0",
          "title": "Verify Purchase Tickets flow",
          "fullFile": "",
          "file": "",
          "beforeHooks": [],
          "afterHooks": [],
          "tests": [
            {
              "title": "Verify purchase a ticket and selections amount",
              "fullTitle": "Verify Purchase Tickets flow Verify purchase a ticket and selections amount",
              "timedOut": null,
              "duration": 16121,
              "state": "passed",
              "speed": "slow",
              "pass": true,
              "fail": false,
              "pending": false,
              "context": null,
              "code": "cy.visit(infors.url);\nlet randomName = (0, _generalFunction.getRandomText)();\nlet randomLastName = (0, _generalFunction.getRandomText)();\nlet randomEmail = (0, _generalFunction.getRandomEmail)();\nlet randomPhone = (0, _generalFunction.getRandomNumber)();\nhomePage.clickPurchaseTickets();\nticketPage.verifyIsScreenSelectTickets();\nticketPage.selectTestTicket(0);\nticketPage.verifyFormInforTc(0);\nticketPage.inputFormInforTc(0, randomName, randomLastName, randomEmail, randomPhone);\nticketPage.clickAddTicket(0);\nticketPage.verifyTicketIsAdded(0, randomEmail);\nticketPage.selectAmountItem('$' + infors.amountTicket);\nticketPage.verifySummaryAmount(true, false, infors.amountTicket);\nticketPage.clickButtonNext();\ndonationsAddressPage.inputAddressInforTickets(user.company, user.address1, user.address2, user.city, user.state, user.zip);\ndonationsAddressPage.clickNextButton();\ndonationsPaymentPage.inputCreditCardTicket(infors.creditCardNumber, infors.creditCardVCV);\ndonationsPaymentPage.clickPurchase();\ndonationsPaymentPage.verifyTransactionTicketsFinish();\n/*cy.wait(60000);\ncy.visit(infors.url);\nhomePage.verifyUserInTopFundraiser(randomName + ' ' + randomLastName,(infors.amountTicket + 33));\nhomePage.verifyUserInTopSocial(randomName + ' ' + randomLastName,1);\n*/",
              "err": {},
              "uuid": "39e5feb9-4e84-489f-8b75-406e2c6c2d96",
              "parentUUID": "2631c1ef-ee0c-4327-8239-14af719862e0",
              "isHook": false,
              "skipped": false
            },
            {
              "title": "Verify purchase multiple tickets and other amount",
              "fullTitle": "Verify Purchase Tickets flow Verify purchase multiple tickets and other amount",
              "timedOut": null,
              "duration": 25899,
              "state": "failed",
              "speed": null,
              "pass": false,
              "fail": true,
              "pending": false,
              "context": null,
              "code": "cy.visit(infors.url);\nlet randomName = (0, _generalFunction.getRandomText)();\nlet randomLastName = (0, _generalFunction.getRandomText)();\nlet randomEmail = (0, _generalFunction.getRandomEmail)();\nlet randomPhone = (0, _generalFunction.getRandomNumber)();\nhomePage.clickPurchaseTickets();\nticketPage.verifyIsScreenSelectTickets();\nticketPage.selectTestTicket(0);\nticketPage.verifyFormInforTc(0);\nticketPage.inputFormInforTc(0, randomName, randomLastName, randomEmail, randomPhone);\nticketPage.clickAddTicket(0);\nticketPage.verifyTicketIsAdded(0, randomEmail);\nticketPage.selectTestTicket(1);\nticketPage.verifyFormInforTc(1);\nticketPage.inputFormInforTc(1, randomName, randomLastName, randomEmail, randomPhone);\nticketPage.clickAddTicket(1);\nticketPage.verifyTicketIsAdded(1, randomEmail);\nticketPage.inputOtherAmount(infors.anotherAmountTicket + '.00');\nticketPage.verifySummaryAmount(true, true, infors.anotherAmountTicket);\nticketPage.clickButtonNext();\ndonationsAddressPage.inputAddressInforTickets(user.company, user.address1, user.address2, user.city, user.state, user.zip);\ndonationsAddressPage.clickNextButton();\ndonationsPaymentPage.inputCreditCardTicket(infors.creditCardNumber, infors.creditCardVCV);\ndonationsPaymentPage.clickPurchase();\ndonationsPaymentPage.verifyTransactionTicketsFinish();",
              "err": {
                "message": "AssertionError: Timed out retrying after 7000ms: Expected to find content: 'Your transaction is complete.' within the element: [ <h5.title-line>, 2 more... ] but never did.",
                "estack": "AssertionError: Timed out retrying after 7000ms: Expected to find content: 'Your transaction is complete.' within the element: [ <h5.title-line>, 2 more... ] but never did.\n    at DonationsPaymentPage.verifyTransactionTicketsFinish (https://tristina.swell.gives/__cypress/tests?p=cypress\\e2e\\1-getting-started\\testcases\\purchaseTicketTest.cy.js:190:62)\n    at Context.eval (https://tristina.swell.gives/__cypress/tests?p=cypress\\e2e\\1-getting-started\\testcases\\purchaseTicketTest.cy.js:504:26)",
                "diff": null
              },
              "uuid": "ccc4488d-a35a-44a6-8bce-c7b4c9043175",
              "parentUUID": "2631c1ef-ee0c-4327-8239-14af719862e0",
              "isHook": false,
              "skipped": false
            }
          ],
          "suites": [],
          "passes": [
            "39e5feb9-4e84-489f-8b75-406e2c6c2d96"
          ],
          "failures": [
            "ccc4488d-a35a-44a6-8bce-c7b4c9043175"
          ],
          "pending": [],
          "skipped": [],
          "duration": 42020,
          "root": false,
          "rootEmpty": false,
          "_timeout": 2000
        }
      ],
      "passes": [],
      "failures": [],
      "pending": [],
      "skipped": [],
      "duration": 0,
      "root": true,
      "rootEmpty": true,
      "_timeout": 2000
    }
  ],
  "meta": {
    "mocha": {
      "version": "7.0.1"
    },
    "mochawesome": {
      "options": {
        "quiet": false,
        "reportFilename": "mochawesome",
        "saveHtml": false,
        "saveJson": true,
        "consoleReporter": "spec",
        "useInlineDiffs": false,
        "code": true
      },
      "version": "7.1.3"
    },
    "marge": {
      "options": {
        "overwrite": false,
        "html": false,
        "json": true
      },
      "version": "6.2.0"
    }
  }
}